#                                                                                 --- full sequence --- -------------- this domain -------------   hmm coord   ali coord   env coord
# target name             accession   tlen query name           accession   qlen   E-value  score  bias   #  of  c-Evalue  i-Evalue  score  bias  from    to  from    to  from    to  acc description of target
#     ------------------- ---------- ----- -------------------- ---------- ----- --------- ------ ----- --- --- --------- --------- ------ ----- ----- ----- ----- ----- ----- ----- ---- ---------------------
contig_40:126274-127635   -            454 1069591at2           -            187   2.4e-18   67.6   0.1   1   4   2.5e-17   3.4e-13   50.8   0.0    20    93     8    90     1   102 0.82 contig_40_140 # 126274 # 127635 # 1 # ID=47_140;partial=00;start_type=GTG;rbs_motif=None;rbs_spacer=None;gc_cont=0.514
contig_40:126274-127635   -            454 1069591at2           -            187   2.4e-18   67.6   0.1   2   4    0.0061        83    3.9   0.0   104   131   136   163   130   187 0.79 contig_40_140 # 126274 # 127635 # 1 # ID=47_140;partial=00;start_type=GTG;rbs_motif=None;rbs_spacer=None;gc_cont=0.514
contig_40:126274-127635   -            454 1069591at2           -            187   2.4e-18   67.6   0.1   3   4     0.017   2.3e+02    2.4   0.1   139   161   213   236   204   242 0.80 contig_40_140 # 126274 # 127635 # 1 # ID=47_140;partial=00;start_type=GTG;rbs_motif=None;rbs_spacer=None;gc_cont=0.514
contig_40:126274-127635   -            454 1069591at2           -            187   2.4e-18   67.6   0.1   4   4    0.0032        44    4.8   0.0   166   187   287   308   261   308 0.76 contig_40_140 # 126274 # 127635 # 1 # ID=47_140;partial=00;start_type=GTG;rbs_motif=None;rbs_spacer=None;gc_cont=0.514
contig_11:772414-774243   -            610 1069591at2           -            187     0.029   15.2   1.0   1   2     0.091   1.2e+03    0.0   0.0     2    20   120   138   119   143 0.86 contig_11_1065 # 772414 # 774243 # -1 # ID=38_1065;partial=00;start_type=ATG;rbs_motif=None;rbs_spacer=None;gc_cont=0.512
contig_11:772414-774243   -            610 1069591at2           -            187     0.029   15.2   1.0   2   2     1e-05      0.14   13.0   0.2     2    20   402   420   401   424 0.90 contig_11_1065 # 772414 # 774243 # -1 # ID=38_1065;partial=00;start_type=ATG;rbs_motif=None;rbs_spacer=None;gc_cont=0.512
contig_82:1493136-1498010 -           1625 1069591at2           -            187     0.086   13.6   0.7   1   2    0.0009        12    6.6   0.1     3    19   676   692   674   696 0.86 contig_82_2095 # 1493136 # 1498010 # 1 # ID=62_2095;partial=00;start_type=GTG;rbs_motif=None;rbs_spacer=None;gc_cont=0.510
contig_82:1493136-1498010 -           1625 1069591at2           -            187     0.086   13.6   0.7   2   2    0.0032        44    4.8   0.1     3    21  1361  1379  1359  1400 0.76 contig_82_2095 # 1493136 # 1498010 # 1 # ID=62_2095;partial=00;start_type=GTG;rbs_motif=None;rbs_spacer=None;gc_cont=0.510
#
# Program:         hmmsearch
# Version:         3.1b2 (February 2015)
# Pipeline mode:   SEARCH
# Query file:      /opt/busco_db/bacteria_odb10/hmms/1069591at2.hmm
# Target file:     flye_medaka/busco_stats/run_flye_medaka/prodigal_output/predicted_genes/predicted.faa
# Option settings: hmmsearch --domtblout flye_medaka/busco_stats/run_flye_medaka/run_bacteria_odb10/hmmer_output/1069591at2.out --cpu 1 /opt/busco_db/bacteria_odb10/hmms/1069591at2.hmm flye_medaka/busco_stats/run_flye_medaka/prodigal_output/predicted_genes/predicted.faa 
# Current dir:     /array1/falmeida/NF_WORK/17/da9f3cbcae0ef622d7976e52c3d2a7
# Date:            Mon Feb 26 20:42:14 2024
# [ok]
