#                                                                                 --- full sequence --- -------------- this domain -------------   hmm coord   ali coord   env coord
# target name             accession   tlen query name           accession   qlen   E-value  score  bias   #  of  c-Evalue  i-Evalue  score  bias  from    to  from    to  from    to  acc description of target
#     ------------------- ---------- ----- -------------------- ---------- ----- --------- ------ ----- --- --- --------- --------- ------ ----- ----- ----- ----- ----- ----- ----- ---- ---------------------
contig_89:80796-81422     -            209 1074831at2           -            386   1.8e-05   25.2   1.0   1   2      0.47   1.3e+03   -0.7   0.4   167   201    91   125    21   133 0.63 contig_89_48 # 80796 # 81422 # -1 # ID=40_48;partial=00;start_type=ATG;rbs_motif=None;rbs_spacer=None;gc_cont=0.461
contig_89:80796-81422     -            209 1074831at2           -            386   1.8e-05   25.2   1.0   2   2   1.4e-08   3.8e-05   24.1   0.0     2    51   142   193   141   199 0.91 contig_89_48 # 80796 # 81422 # -1 # ID=40_48;partial=00;start_type=ATG;rbs_motif=None;rbs_spacer=None;gc_cont=0.461
contig_68:69711-72512     -            934 1074831at2           -            386   0.00089   19.6   0.4   1   2     0.016        43    4.2   0.0    21    42   563   584   547   617 0.84 contig_68_91 # 69711 # 72512 # 1 # ID=81_91;partial=00;start_type=GTG;rbs_motif=None;rbs_spacer=None;gc_cont=0.545
contig_68:69711-72512     -            934 1074831at2           -            386   0.00089   19.6   0.4   2   2   3.1e-05     0.085   13.1   0.1   285   332   677   724   673   726 0.92 contig_68_91 # 69711 # 72512 # 1 # ID=81_91;partial=00;start_type=GTG;rbs_motif=None;rbs_spacer=None;gc_cont=0.545
contig_86:1748607-1754525 -           1973 1074831at2           -            386     0.026   14.8   0.1   1   4     0.022        61    3.7   0.0    24    48   682   706   664   718 0.81 contig_86_2432 # 1748607 # 1754525 # -1 # ID=7_2432;partial=00;start_type=ATG;rbs_motif=None;rbs_spacer=None;gc_cont=0.500
contig_86:1748607-1754525 -           1973 1074831at2           -            386     0.026   14.8   0.1   2   4      0.63   1.7e+03   -1.1   0.0    25    47  1119  1141  1112  1145 0.90 contig_86_2432 # 1748607 # 1754525 # -1 # ID=7_2432;partial=00;start_type=ATG;rbs_motif=None;rbs_spacer=None;gc_cont=0.500
contig_86:1748607-1754525 -           1973 1074831at2           -            386     0.026   14.8   0.1   3   4     0.026        70    3.5   0.0    25    44  1409  1428  1394  1467 0.83 contig_86_2432 # 1748607 # 1754525 # -1 # ID=7_2432;partial=00;start_type=ATG;rbs_motif=None;rbs_spacer=None;gc_cont=0.500
contig_86:1748607-1754525 -           1973 1074831at2           -            386     0.026   14.8   0.1   4   4     0.091   2.5e+02    1.7   0.0    25    49  1788  1812  1770  1832 0.81 contig_86_2432 # 1748607 # 1754525 # -1 # ID=7_2432;partial=00;start_type=ATG;rbs_motif=None;rbs_spacer=None;gc_cont=0.500
contig_82:1411091-1415062 -           1324 1074831at2           -            386     0.076   13.3   1.4   1   2    0.0016       4.4    7.4   0.1   287   333   145   191   115   193 0.86 contig_82_1989 # 1411091 # 1415062 # -1 # ID=62_1989;partial=00;start_type=ATG;rbs_motif=None;rbs_spacer=None;gc_cont=0.525
contig_82:1411091-1415062 -           1324 1074831at2           -            386     0.076   13.3   1.4   2   2     0.013        34    4.5   0.2    21    41   714   734   710   741 0.91 contig_82_1989 # 1411091 # 1415062 # -1 # ID=62_1989;partial=00;start_type=ATG;rbs_motif=None;rbs_spacer=None;gc_cont=0.525
contig_5:2295220-2297736  -            839 1074831at2           -            386     0.099   12.9   0.3   1   2      0.01        28    4.8   0.0    21    40   575   594   559   601 0.84 contig_5_3322 # 2295220 # 2297736 # 1 # ID=24_3322;partial=00;start_type=ATG;rbs_motif=None;rbs_spacer=None;gc_cont=0.518
contig_5:2295220-2297736  -            839 1074831at2           -            386     0.099   12.9   0.3   2   2    0.0047        13    5.9   0.1   289   357   670   745   664   764 0.77 contig_5_3322 # 2295220 # 2297736 # 1 # ID=24_3322;partial=00;start_type=ATG;rbs_motif=None;rbs_spacer=None;gc_cont=0.518
contig_10:182295-183782   -            496 1074831at2           -            386      0.12   12.6   0.0   1   1   7.2e-05       0.2   11.9   0.0   288   334   125   171   114   173 0.91 contig_10_265 # 182295 # 183782 # -1 # ID=80_265;partial=00;start_type=GTG;rbs_motif=None;rbs_spacer=None;gc_cont=0.575
contig_82:1170190-1172637 -            816 1074831at2           -            386      0.14   12.4   0.0   1   1   8.2e-05      0.23   11.7   0.0    21    40   534   553   527   557 0.93 contig_82_1644 # 1170190 # 1172637 # -1 # ID=62_1644;partial=00;start_type=TTG;rbs_motif=None;rbs_spacer=None;gc_cont=0.538
contig_82:1787463-1789295 -            611 1074831at2           -            386      0.17   12.1   0.1   1   2       2.8   7.6e+03   -3.2   0.0   261   278   353   370   333   390 0.58 contig_82_2534 # 1787463 # 1789295 # -1 # ID=62_2534;partial=00;start_type=ATG;rbs_motif=None;rbs_spacer=None;gc_cont=0.499
contig_82:1787463-1789295 -            611 1074831at2           -            386      0.17   12.1   0.1   2   2   0.00014      0.39   10.9   0.0    19    40   517   538   506   544 0.85 contig_82_2534 # 1787463 # 1789295 # -1 # ID=62_2534;partial=00;start_type=ATG;rbs_motif=None;rbs_spacer=None;gc_cont=0.499
contig_82:1168453-1169163 -            237 1074831at2           -            386      0.21   11.8   0.3   1   2   0.00016      0.45   10.7   0.1    25   112    31   111    25   120 0.68 contig_82_1641 # 1168453 # 1169163 # -1 # ID=62_1641;partial=00;start_type=GTG;rbs_motif=None;rbs_spacer=None;gc_cont=0.622
contig_82:1168453-1169163 -            237 1074831at2           -            386      0.21   11.8   0.3   2   2       3.1   8.6e+03   -3.4   0.0   299   335   151   186   142   192 0.64 contig_82_1641 # 1168453 # 1169163 # -1 # ID=62_1641;partial=00;start_type=GTG;rbs_motif=None;rbs_spacer=None;gc_cont=0.622
contig_6:522241-523401    -            387 1074831at2           -            386      0.26   11.5   0.3   1   2   0.00054       1.5    9.0   0.0   279   332   129   183   120   186 0.82 contig_6_743 # 522241 # 523401 # -1 # ID=2_743;partial=00;start_type=ATG;rbs_motif=None;rbs_spacer=None;gc_cont=0.498
contig_6:522241-523401    -            387 1074831at2           -            386      0.26   11.5   0.3   2   2      0.27   7.4e+02    0.1   0.1   176   204   287   314   272   336 0.58 contig_6_743 # 522241 # 523401 # -1 # ID=2_743;partial=00;start_type=ATG;rbs_motif=None;rbs_spacer=None;gc_cont=0.498
contig_1:346368-350024    -           1219 1074831at2           -            386      0.35   11.1  12.8   1   4   3.8e-05       0.1   12.8   0.4    16    40   387   411   383   425 0.91 contig_1_533 # 346368 # 350024 # -1 # ID=20_533;partial=00;start_type=ATG;rbs_motif=None;rbs_spacer=None;gc_cont=0.512
contig_1:346368-350024    -           1219 1074831at2           -            386      0.35   11.1  12.8   2   4     0.043   1.2e+02    2.7   0.2   290   359   489   566   484   580 0.79 contig_1_533 # 346368 # 350024 # -1 # ID=20_533;partial=00;start_type=ATG;rbs_motif=None;rbs_spacer=None;gc_cont=0.512
contig_1:346368-350024    -           1219 1074831at2           -            386      0.35   11.1  12.8   3   4      0.17   4.7e+02    0.8   0.2    23    44  1025  1046  1022  1074 0.73 contig_1_533 # 346368 # 350024 # -1 # ID=20_533;partial=00;start_type=ATG;rbs_motif=None;rbs_spacer=None;gc_cont=0.512
contig_1:346368-350024    -           1219 1074831at2           -            386      0.35   11.1  12.8   4   4      0.26   7.2e+02    0.2   0.1   288   343  1125  1185  1112  1203 0.73 contig_1_533 # 346368 # 350024 # -1 # ID=20_533;partial=00;start_type=ATG;rbs_motif=None;rbs_spacer=None;gc_cont=0.512
contig_5:2464242-2467190  -            983 1074831at2           -            386      0.47   10.7   0.1   1   2     0.028        76    3.4   0.0   288   335   278   325   261   327 0.90 contig_5_3568 # 2464242 # 2467190 # -1 # ID=24_3568;partial=00;start_type=ATG;rbs_motif=None;rbs_spacer=None;gc_cont=0.512
contig_5:2464242-2467190  -            983 1074831at2           -            386      0.47   10.7   0.1   2   2     0.011        31    4.7   0.2    22    41   851   870   834   885 0.86 contig_5_3568 # 2464242 # 2467190 # -1 # ID=24_3568;partial=00;start_type=ATG;rbs_motif=None;rbs_spacer=None;gc_cont=0.512
contig_81:810605-811465   -            287 1074831at2           -            386       0.9    9.7   3.8   1   2       0.5   1.4e+03   -0.8   0.2    22    36    61    75    52    83 0.82 contig_81_1177 # 810605 # 811465 # -1 # ID=9_1177;partial=00;start_type=ATG;rbs_motif=None;rbs_spacer=None;gc_cont=0.534
contig_81:810605-811465   -            287 1074831at2           -            386       0.9    9.7   3.8   2   2   0.00013      0.35   11.1   0.4   290   357   179   254   149   277 0.79 contig_81_1177 # 810605 # 811465 # -1 # ID=9_1177;partial=00;start_type=ATG;rbs_motif=None;rbs_spacer=None;gc_cont=0.534
contig_82:1493136-1498010 -           1625 1074831at2           -            386         3    8.0   3.9   1   3    0.0057        16    5.6   0.1    21    40   673   692   660   702 0.85 contig_82_2095 # 1493136 # 1498010 # 1 # ID=62_2095;partial=00;start_type=GTG;rbs_motif=None;rbs_spacer=None;gc_cont=0.510
contig_82:1493136-1498010 -           1625 1074831at2           -            386         3    8.0   3.9   2   3      0.37     1e+03   -0.3   0.0   290   329   787   826   776   851 0.84 contig_82_2095 # 1493136 # 1498010 # 1 # ID=62_2095;partial=00;start_type=GTG;rbs_motif=None;rbs_spacer=None;gc_cont=0.510
contig_82:1493136-1498010 -           1625 1074831at2           -            386         3    8.0   3.9   3   3      0.13   3.7e+02    1.1   0.3    25    45  1362  1380  1357  1395 0.75 contig_82_2095 # 1493136 # 1498010 # 1 # ID=62_2095;partial=00;start_type=GTG;rbs_motif=None;rbs_spacer=None;gc_cont=0.510
contig_40:324199-325080   -            294 1074831at2           -            386       5.6    7.1  34.1   1   3      0.01        28    4.8  11.5   157   236    16    96     3   129 0.57 contig_40_411 # 324199 # 325080 # 1 # ID=47_411;partial=00;start_type=ATG;rbs_motif=None;rbs_spacer=None;gc_cont=0.491
contig_40:324199-325080   -            294 1074831at2           -            386       5.6    7.1  34.1   2   3     0.036        99    3.0  10.0   137   220   132   215   108   219 0.77 contig_40_411 # 324199 # 325080 # 1 # ID=47_411;partial=00;start_type=ATG;rbs_motif=None;rbs_spacer=None;gc_cont=0.491
contig_40:324199-325080   -            294 1074831at2           -            386       5.6    7.1  34.1   3   3    0.0011       2.9    8.0   1.7   132   188   213   269   207   286 0.83 contig_40_411 # 324199 # 325080 # 1 # ID=47_411;partial=00;start_type=ATG;rbs_motif=None;rbs_spacer=None;gc_cont=0.491
#
# Program:         hmmsearch
# Version:         3.1b2 (February 2015)
# Pipeline mode:   SEARCH
# Query file:      /opt/busco_db/bacteria_odb10/hmms/1074831at2.hmm
# Target file:     flye_medaka/busco_stats/run_flye_medaka/prodigal_output/predicted_genes/predicted.faa
# Option settings: hmmsearch --domtblout flye_medaka/busco_stats/run_flye_medaka/run_bacteria_odb10/hmmer_output/1074831at2.out --cpu 1 /opt/busco_db/bacteria_odb10/hmms/1074831at2.hmm flye_medaka/busco_stats/run_flye_medaka/prodigal_output/predicted_genes/predicted.faa 
# Current dir:     /array1/falmeida/NF_WORK/17/da9f3cbcae0ef622d7976e52c3d2a7
# Date:            Mon Feb 26 20:42:14 2024
# [ok]
