#                                                                               --- full sequence --- -------------- this domain -------------   hmm coord   ali coord   env coord
# target name           accession   tlen query name           accession   qlen   E-value  score  bias   #  of  c-Evalue  i-Evalue  score  bias  from    to  from    to  from    to  acc description of target
#   ------------------- ---------- ----- -------------------- ---------- ----- --------- ------ ----- --- --- --------- --------- ------ ----- ----- ----- ----- ----- ----- ----- ---- ---------------------
contig_81:44506-45036   -            177 1346419at2           -            308   2.9e-13   50.8   0.1   1   2   1.6e-07    0.0017   18.7   0.0     3    45    19    62    17    75 0.88 contig_81_45 # 44506 # 45036 # 1 # ID=9_45;partial=00;start_type=ATG;rbs_motif=None;rbs_spacer=None;gc_cont=0.484
contig_81:44506-45036   -            177 1346419at2           -            308   2.9e-13   50.8   0.1   2   2     5e-11   5.2e-07   30.2   0.0    63   103    99   140    91   146 0.89 contig_81_45 # 44506 # 45036 # 1 # ID=9_45;partial=00;start_type=ATG;rbs_motif=None;rbs_spacer=None;gc_cont=0.484
contig_89:592751-594070 -            440 1346419at2           -            308   2.2e-06   28.2   0.0   1   3   5.8e-09     6e-05   23.5   0.0   156   205    45    96    39   100 0.89 contig_89_764 # 592751 # 594070 # -1 # ID=40_764;partial=00;start_type=ATG;rbs_motif=None;rbs_spacer=None;gc_cont=0.527
contig_89:592751-594070 -            440 1346419at2           -            308   2.2e-06   28.2   0.0   2   3      0.19     2e+03   -1.2   0.0   223   253   196   226   193   240 0.76 contig_89_764 # 592751 # 594070 # -1 # ID=40_764;partial=00;start_type=ATG;rbs_motif=None;rbs_spacer=None;gc_cont=0.527
contig_89:592751-594070 -            440 1346419at2           -            308   2.2e-06   28.2   0.0   3   3     0.042   4.3e+02    0.9   0.0   257   289   276   310   272   315 0.87 contig_89_764 # 592751 # 594070 # -1 # ID=40_764;partial=00;start_type=ATG;rbs_motif=None;rbs_spacer=None;gc_cont=0.527
contig_6:820603-822579  -            659 1346419at2           -            308   7.4e-05   23.2   0.0   1   1   1.2e-08   0.00012   22.5   0.0    61   133   131   206   107   226 0.82 contig_6_1141 # 820603 # 822579 # -1 # ID=2_1141;partial=00;start_type=ATG;rbs_motif=None;rbs_spacer=None;gc_cont=0.531
contig_5:685913-686200  -             96 1346419at2           -            308     0.017   15.4   0.3   1   1   2.1e-06     0.022   15.1   0.3   183   221    44    81    33    84 0.88 contig_5_981 # 685913 # 686200 # -1 # ID=24_981;partial=00;start_type=GTG;rbs_motif=None;rbs_spacer=None;gc_cont=0.542
#
# Program:         hmmsearch
# Version:         3.1b2 (February 2015)
# Pipeline mode:   SEARCH
# Query file:      /opt/busco_db/bacteria_odb10/hmms/1346419at2.hmm
# Target file:     flye_medaka/busco_stats/run_flye_medaka/prodigal_output/predicted_genes/predicted.faa
# Option settings: hmmsearch --domtblout flye_medaka/busco_stats/run_flye_medaka/run_bacteria_odb10/hmmer_output/1346419at2.out --cpu 1 /opt/busco_db/bacteria_odb10/hmms/1346419at2.hmm flye_medaka/busco_stats/run_flye_medaka/prodigal_output/predicted_genes/predicted.faa 
# Current dir:     /array1/falmeida/NF_WORK/17/da9f3cbcae0ef622d7976e52c3d2a7
# Date:            Mon Feb 26 20:42:15 2024
# [ok]
