#                                                                                 --- full sequence --- -------------- this domain -------------   hmm coord   ali coord   env coord
# target name             accession   tlen query name           accession   qlen   E-value  score  bias   #  of  c-Evalue  i-Evalue  score  bias  from    to  from    to  from    to  acc description of target
#     ------------------- ---------- ----- -------------------- ---------- ----- --------- ------ ----- --- --- --------- --------- ------ ----- ----- ----- ----- ----- ----- ----- ---- ---------------------
contig_11:255571-257736   -            722 143460at2            -            439   2.2e-32  113.5   0.0   1   3   1.5e-31     6e-28   98.9   0.0     2   153   146   321   145   332 0.80 contig_11_349 # 255571 # 257736 # -1 # ID=38_349;partial=00;start_type=ATG;rbs_motif=None;rbs_spacer=None;gc_cont=0.515
contig_11:255571-257736   -            722 143460at2            -            439   2.2e-32  113.5   0.0   2   3   0.00063       2.6    7.8   0.0   154   188   347   381   336   388 0.91 contig_11_349 # 255571 # 257736 # -1 # ID=38_349;partial=00;start_type=ATG;rbs_motif=None;rbs_spacer=None;gc_cont=0.515
contig_11:255571-257736   -            722 143460at2            -            439   2.2e-32  113.5   0.0   3   3     0.023        93    2.7   0.0   287   334   563   610   554   621 0.85 contig_11_349 # 255571 # 257736 # -1 # ID=38_349;partial=00;start_type=ATG;rbs_motif=None;rbs_spacer=None;gc_cont=0.515
contig_81:632241-634181   -            647 143460at2            -            439   1.3e-23   84.6   0.7   1   3   7.9e-19   3.2e-15   56.9   0.4    32   123     1   110     1   141 0.81 contig_81_916 # 632241 # 634181 # -1 # ID=9_916;partial=00;start_type=ATG;rbs_motif=None;rbs_spacer=None;gc_cont=0.529
contig_81:632241-634181   -            647 143460at2            -            439   1.3e-23   84.6   0.7   2   3   3.3e-08   0.00014   21.9   0.0   182   283   317   427   259   449 0.78 contig_81_916 # 632241 # 634181 # -1 # ID=9_916;partial=00;start_type=ATG;rbs_motif=None;rbs_spacer=None;gc_cont=0.529
contig_81:632241-634181   -            647 143460at2            -            439   1.3e-23   84.6   0.7   3   3      0.19   7.7e+02   -0.3   0.0   296   345   566   624   551   631 0.66 contig_81_916 # 632241 # 634181 # -1 # ID=9_916;partial=00;start_type=ATG;rbs_motif=None;rbs_spacer=None;gc_cont=0.529
contig_9:912914-916306    -           1131 143460at2            -            439   4.9e-18   66.2   3.7   1   3   8.3e-21   3.4e-17   63.4   3.4     1   112   167   307   167   314 0.74 contig_9_1308 # 912914 # 916306 # 1 # ID=63_1308;partial=00;start_type=ATG;rbs_motif=None;rbs_spacer=None;gc_cont=0.486
contig_9:912914-916306    -           1131 143460at2            -            439   4.9e-18   66.2   3.7   2   3       1.3   5.5e+03   -3.1   0.0   156   190   521   556   509   558 0.73 contig_9_1308 # 912914 # 916306 # 1 # ID=63_1308;partial=00;start_type=ATG;rbs_motif=None;rbs_spacer=None;gc_cont=0.486
contig_9:912914-916306    -           1131 143460at2            -            439   4.9e-18   66.2   3.7   3   3      0.34   1.4e+03   -1.2   0.0   263   295   677   711   675   737 0.68 contig_9_1308 # 912914 # 916306 # 1 # ID=63_1308;partial=00;start_type=ATG;rbs_motif=None;rbs_spacer=None;gc_cont=0.486
contig_86:1360952-1361545 -            198 143460at2            -            439   4.5e-17   63.1   0.4   1   1   1.4e-20   5.7e-17   62.7   0.4    52   124    39   114    34   140 0.84 contig_86_1894 # 1360952 # 1361545 # -1 # ID=7_1894;partial=00;start_type=ATG;rbs_motif=None;rbs_spacer=None;gc_cont=0.552
contig_82:289345-290376   -            344 143460at2            -            439   1.4e-15   58.1   0.0   1   1   4.7e-19   1.9e-15   57.7   0.0    52   113    17    81    14   103 0.92 contig_82_427 # 289345 # 290376 # -1 # ID=62_427;partial=00;start_type=ATG;rbs_motif=None;rbs_spacer=None;gc_cont=0.493
contig_12:331132-334302   -           1057 143460at2            -            439   1.9e-12   47.8   1.4   1   1   8.9e-16   3.7e-12   46.9   1.4     4   124   480   601   478   611 0.82 contig_12_441 # 331132 # 334302 # 1 # ID=15_441;partial=00;start_type=GTG;rbs_motif=None;rbs_spacer=None;gc_cont=0.544
contig_12:1067814-1069922 -            703 143460at2            -            439   1.8e-07   31.4   0.0   1   1   2.8e-10   1.2e-06   28.8   0.0     5   112   194   319   191   329 0.80 contig_12_1467 # 1067814 # 1069922 # 1 # ID=15_1467;partial=00;start_type=ATG;rbs_motif=None;rbs_spacer=None;gc_cont=0.537
contig_1:1251651-1252847  -            399 143460at2            -            439   6.2e-07   29.7   0.0   1   1   2.2e-10     9e-07   29.1   0.0    24   113    29   133    23   154 0.79 contig_1_1856 # 1251651 # 1252847 # -1 # ID=20_1856;partial=00;start_type=ATG;rbs_motif=None;rbs_spacer=None;gc_cont=0.537
contig_1:1313871-1316252  -            794 143460at2            -            439     0.013   15.4   0.1   1   3     0.001       4.3    7.1   0.0     3    33   360   391   358   402 0.79 contig_1_1936 # 1313871 # 1316252 # -1 # ID=20_1936;partial=00;start_type=ATG;rbs_motif=None;rbs_spacer=None;gc_cont=0.543
contig_1:1313871-1316252  -            794 143460at2            -            439     0.013   15.4   0.1   2   3    0.0073        30    4.3   0.0    54   123   447   527   444   536 0.75 contig_1_1936 # 1313871 # 1316252 # -1 # ID=20_1936;partial=00;start_type=ATG;rbs_motif=None;rbs_spacer=None;gc_cont=0.543
contig_1:1313871-1316252  -            794 143460at2            -            439     0.013   15.4   0.1   3   3       0.2   8.1e+02   -0.4   0.0   169   212   606   649   579   656 0.81 contig_1_1936 # 1313871 # 1316252 # -1 # ID=20_1936;partial=00;start_type=ATG;rbs_motif=None;rbs_spacer=None;gc_cont=0.543
contig_82:984043-984729   -            229 143460at2            -            439      0.13   12.1   0.0   1   1     4e-05      0.16   11.8   0.0    42   120   123   209   105   215 0.80 contig_82_1352 # 984043 # 984729 # 1 # ID=62_1352;partial=00;start_type=ATG;rbs_motif=None;rbs_spacer=None;gc_cont=0.486
#
# Program:         hmmsearch
# Version:         3.1b2 (February 2015)
# Pipeline mode:   SEARCH
# Query file:      /opt/busco_db/bacteria_odb10/hmms/143460at2.hmm
# Target file:     flye_medaka/busco_stats/run_flye_medaka/prodigal_output/predicted_genes/predicted.faa
# Option settings: hmmsearch --domtblout flye_medaka/busco_stats/run_flye_medaka/run_bacteria_odb10/hmmer_output/143460at2.out --cpu 1 /opt/busco_db/bacteria_odb10/hmms/143460at2.hmm flye_medaka/busco_stats/run_flye_medaka/prodigal_output/predicted_genes/predicted.faa 
# Current dir:     /array1/falmeida/NF_WORK/17/da9f3cbcae0ef622d7976e52c3d2a7
# Date:            Mon Feb 26 20:42:16 2024
# [ok]
