#                                                                                 --- full sequence --- -------------- this domain -------------   hmm coord   ali coord   env coord
# target name             accession   tlen query name           accession   qlen   E-value  score  bias   #  of  c-Evalue  i-Evalue  score  bias  from    to  from    to  from    to  acc description of target
#     ------------------- ---------- ----- -------------------- ---------- ----- --------- ------ ----- --- --- --------- --------- ------ ----- ----- ----- ----- ----- ----- ----- ---- ---------------------
contig_5:51586-51957      -            124 1502854at2           -            192     2e-21   77.6   0.0   1   1   1.8e-24   2.3e-21   77.4   0.0    40   108    21    89    13   107 0.93 contig_5_68 # 51586 # 51957 # 1 # ID=24_68;partial=00;start_type=ATG;rbs_motif=None;rbs_spacer=None;gc_cont=0.452
contig_86:1748607-1754525 -           1973 1502854at2           -            192   8.2e-05   23.4   0.9   1   5       2.6   3.3e+03   -1.4   0.0    10    36   346   372   344   375 0.77 contig_86_2432 # 1748607 # 1754525 # -1 # ID=7_2432;partial=00;start_type=ATG;rbs_motif=None;rbs_spacer=None;gc_cont=0.500
contig_86:1748607-1754525 -           1973 1502854at2           -            192   8.2e-05   23.4   0.9   2   5     0.008        10    6.8   0.0     9    29   681   701   674   712 0.79 contig_86_2432 # 1748607 # 1754525 # -1 # ID=7_2432;partial=00;start_type=ATG;rbs_motif=None;rbs_spacer=None;gc_cont=0.500
contig_86:1748607-1754525 -           1973 1502854at2           -            192   8.2e-05   23.4   0.9   3   5     0.089   1.1e+02    3.4   0.0     9    28  1117  1136  1111  1145 0.85 contig_86_2432 # 1748607 # 1754525 # -1 # ID=7_2432;partial=00;start_type=ATG;rbs_motif=None;rbs_spacer=None;gc_cont=0.500
contig_86:1748607-1754525 -           1973 1502854at2           -            192   8.2e-05   23.4   0.9   4   5     0.066        84    3.8   0.0     9    29  1407  1427  1402  1438 0.80 contig_86_2432 # 1748607 # 1754525 # -1 # ID=7_2432;partial=00;start_type=ATG;rbs_motif=None;rbs_spacer=None;gc_cont=0.500
contig_86:1748607-1754525 -           1973 1502854at2           -            192   8.2e-05   23.4   0.9   5   5      0.12   1.6e+02    2.9   0.0     9    28  1786  1805  1782  1817 0.85 contig_86_2432 # 1748607 # 1754525 # -1 # ID=7_2432;partial=00;start_type=ATG;rbs_motif=None;rbs_spacer=None;gc_cont=0.500
contig_82:2396709-2399966 -           1086 1502854at2           -            192    0.0003   21.6   0.3   1   2    0.0007      0.89   10.2   0.1     4    25   317   338   315   344 0.85 contig_82_3368 # 2396709 # 2399966 # -1 # ID=62_3368;partial=00;start_type=ATG;rbs_motif=None;rbs_spacer=None;gc_cont=0.493
contig_82:2396709-2399966 -           1086 1502854at2           -            192    0.0003   21.6   0.3   2   2     0.002       2.5    8.8   0.0     5    28   985  1008   982  1014 0.83 contig_82_3368 # 2396709 # 2399966 # -1 # ID=62_3368;partial=00;start_type=ATG;rbs_motif=None;rbs_spacer=None;gc_cont=0.493
contig_81:2234569-2237868 -           1100 1502854at2           -            192   0.00057   20.7   0.2   1   2    0.0018       2.4    8.9   0.1     6    27   333   354   331   361 0.84 contig_81_3247 # 2234569 # 2237868 # -1 # ID=9_3247;partial=00;start_type=TTG;rbs_motif=None;rbs_spacer=None;gc_cont=0.594
contig_81:2234569-2237868 -           1100 1502854at2           -            192   0.00057   20.7   0.2   2   2    0.0016       2.1    9.0   0.0     5    27   999  1021   996  1028 0.85 contig_81_3247 # 2234569 # 2237868 # -1 # ID=9_3247;partial=00;start_type=TTG;rbs_motif=None;rbs_spacer=None;gc_cont=0.594
contig_5:1102087-1106133  -           1349 1502854at2           -            192    0.0021   18.8   0.0   1   2    0.0042       5.5    7.7   0.0     8    27   402   421   398   428 0.83 contig_5_1583 # 1102087 # 1106133 # -1 # ID=24_1583;partial=00;start_type=ATG;rbs_motif=None;rbs_spacer=None;gc_cont=0.537
contig_5:1102087-1106133  -           1349 1502854at2           -            192    0.0021   18.8   0.0   2   2     0.003       3.9    8.1   0.0     6    28  1128  1150  1125  1161 0.83 contig_5_1583 # 1102087 # 1106133 # -1 # ID=24_1583;partial=00;start_type=ATG;rbs_motif=None;rbs_spacer=None;gc_cont=0.537
contig_5:462730-463482    -            251 1502854at2           -            192    0.0053   17.5   0.0   1   1   6.4e-06    0.0082   16.9   0.0     5    31   132   158   129   168 0.85 contig_5_642 # 462730 # 463482 # 1 # ID=24_642;partial=00;start_type=ATG;rbs_motif=None;rbs_spacer=None;gc_cont=0.490
contig_87:609267-612254   -            996 1502854at2           -            192    0.0068   17.1   2.0   1   3       4.5   5.7e+03   -2.2   0.0   158   186   151   179   135   182 0.72 contig_87_884 # 609267 # 612254 # 1 # ID=50_884;partial=00;start_type=ATG;rbs_motif=None;rbs_spacer=None;gc_cont=0.557
contig_87:609267-612254   -            996 1502854at2           -            192    0.0068   17.1   2.0   2   3    0.0043       5.6    7.6   0.0     5    29   416   440   413   446 0.84 contig_87_884 # 609267 # 612254 # 1 # ID=50_884;partial=00;start_type=ATG;rbs_motif=None;rbs_spacer=None;gc_cont=0.557
contig_87:609267-612254   -            996 1502854at2           -            192    0.0068   17.1   2.0   3   3    0.0055       7.1    7.3   0.1     9    27   663   681   658   688 0.86 contig_87_884 # 609267 # 612254 # 1 # ID=50_884;partial=00;start_type=ATG;rbs_motif=None;rbs_spacer=None;gc_cont=0.557
contig_13:432816-435842   -           1009 1502854at2           -            192     0.011   16.4   0.1   1   2     0.069        89    3.7   0.1     8    26    80    98    76   107 0.82 contig_13_618 # 432816 # 435842 # -1 # ID=60_618;partial=00;start_type=TTG;rbs_motif=None;rbs_spacer=None;gc_cont=0.565
contig_13:432816-435842   -           1009 1502854at2           -            192     0.011   16.4   0.1   2   2   0.00073      0.95   10.2   0.0     6    26   787   807   784   815 0.84 contig_13_618 # 432816 # 435842 # -1 # ID=60_618;partial=00;start_type=TTG;rbs_motif=None;rbs_spacer=None;gc_cont=0.565
contig_40:335215-336747   -            511 1502854at2           -            192     0.013   16.3   0.1   1   1   1.9e-05     0.025   15.3   0.1     4    31   400   427   398   432 0.85 contig_40_424 # 335215 # 336747 # 1 # ID=47_424;partial=00;start_type=GTG;rbs_motif=None;rbs_spacer=None;gc_cont=0.530
contig_88:602142-602963   -            274 1502854at2           -            192     0.013   16.3   0.0   1   1   1.7e-05     0.021   15.5   0.0     5    32    79   105    76   111 0.81 contig_88_864 # 602142 # 602963 # -1 # ID=32_864;partial=00;start_type=ATG;rbs_motif=None;rbs_spacer=None;gc_cont=0.509
contig_68:69711-72512     -            934 1502854at2           -            192     0.025   15.3   0.0   1   1   3.8e-05     0.049   14.4   0.0     5    29   561   585   558   592 0.88 contig_68_91 # 69711 # 72512 # 1 # ID=81_91;partial=00;start_type=GTG;rbs_motif=None;rbs_spacer=None;gc_cont=0.545
contig_2:20729-22570      -            614 1502854at2           -            192     0.038   14.7   0.1   1   1   5.2e-05     0.067   13.9   0.1     7    41   247   281   243   287 0.82 contig_2_21 # 20729 # 22570 # -1 # ID=65_21;partial=00;start_type=ATG;rbs_motif=None;rbs_spacer=None;gc_cont=0.538
contig_82:1411091-1415062 -           1324 1502854at2           -            192     0.039   14.7   0.2   1   2       3.7   4.8e+03   -1.9   0.0     5    29    25    49    24    54 0.87 contig_82_1989 # 1411091 # 1415062 # -1 # ID=62_1989;partial=00;start_type=ATG;rbs_motif=None;rbs_spacer=None;gc_cont=0.525
contig_82:1411091-1415062 -           1324 1502854at2           -            192     0.039   14.7   0.2   2   2   0.00014      0.18   12.5   0.1     4    32   711   738   709   743 0.85 contig_82_1989 # 1411091 # 1415062 # -1 # ID=62_1989;partial=00;start_type=ATG;rbs_motif=None;rbs_spacer=None;gc_cont=0.525
contig_13:588166-589074   -            303 1502854at2           -            192     0.045   14.5   0.0   1   1   7.5e-05     0.096   13.4   0.0     4    26    47    69    45    77 0.86 contig_13_777 # 588166 # 589074 # 1 # ID=60_777;partial=00;start_type=ATG;rbs_motif=None;rbs_spacer=None;gc_cont=0.594
contig_82:1493136-1498010 -           1625 1502854at2           -            192     0.051   14.3   0.6   1   2   0.00051      0.65   10.7   0.1     6    29   672   695   669   703 0.88 contig_82_2095 # 1493136 # 1498010 # 1 # ID=62_2095;partial=00;start_type=GTG;rbs_motif=None;rbs_spacer=None;gc_cont=0.510
contig_82:1493136-1498010 -           1625 1502854at2           -            192     0.051   14.3   0.6   2   2      0.42   5.4e+02    1.2   0.1    11    27  1362  1378  1355  1385 0.84 contig_82_2095 # 1493136 # 1498010 # 1 # ID=62_2095;partial=00;start_type=GTG;rbs_motif=None;rbs_spacer=None;gc_cont=0.510
contig_5:2464242-2467190  -            983 1502854at2           -            192     0.077   13.7   0.5   1   2      0.17   2.2e+02    2.4   0.0     5    28   139   162   136   170 0.84 contig_5_3568 # 2464242 # 2467190 # -1 # ID=24_3568;partial=00;start_type=ATG;rbs_motif=None;rbs_spacer=None;gc_cont=0.512
contig_5:2464242-2467190  -            983 1502854at2           -            192     0.077   13.7   0.5   2   2    0.0017       2.1    9.0   0.2     5    29   848   872   846   879 0.84 contig_5_3568 # 2464242 # 2467190 # -1 # ID=24_3568;partial=00;start_type=ATG;rbs_motif=None;rbs_spacer=None;gc_cont=0.512
contig_88:599912-600850   -            313 1502854at2           -            192     0.078   13.7   0.0   1   1   0.00012      0.15   12.8   0.0     5    28    87   110    84   120 0.85 contig_88_861 # 599912 # 600850 # -1 # ID=32_861;partial=00;start_type=ATG;rbs_motif=None;rbs_spacer=None;gc_cont=0.531
contig_87:122637-123524   -            296 1502854at2           -            192     0.082   13.6   0.2   1   2     0.067        86    3.8   0.0     7    36    34    63    29    79 0.84 contig_87_172 # 122637 # 123524 # -1 # ID=50_172;partial=00;start_type=ATG;rbs_motif=None;rbs_spacer=None;gc_cont=0.582
contig_87:122637-123524   -            296 1502854at2           -            192     0.082   13.6   0.2   2   2    0.0038       4.9    7.8   0.1   118   160   150   195   143   230 0.72 contig_87_172 # 122637 # 123524 # -1 # ID=50_172;partial=00;start_type=ATG;rbs_motif=None;rbs_spacer=None;gc_cont=0.582
contig_9:1593962-1596760  -            933 1502854at2           -            192     0.089   13.5   0.5   1   3     0.081     1e+02    3.5   0.0     9    26   112   129   107   140 0.87 contig_9_2235 # 1593962 # 1596760 # 1 # ID=63_2235;partial=00;start_type=ATG;rbs_motif=None;rbs_spacer=None;gc_cont=0.549
contig_9:1593962-1596760  -            933 1502854at2           -            192     0.089   13.5   0.5   2   3     0.046        59    4.3   0.0    10    26   398   414   396   426 0.83 contig_9_2235 # 1593962 # 1596760 # 1 # ID=63_2235;partial=00;start_type=ATG;rbs_motif=None;rbs_spacer=None;gc_cont=0.549
contig_9:1593962-1596760  -            933 1502854at2           -            192     0.089   13.5   0.5   3   3      0.42   5.4e+02    1.2   0.1   144   182   611   649   533   656 0.75 contig_9_2235 # 1593962 # 1596760 # 1 # ID=63_2235;partial=00;start_type=ATG;rbs_motif=None;rbs_spacer=None;gc_cont=0.549
contig_6:1861262-1862308  -            349 1502854at2           -            192      0.13   13.0   0.0   1   1   0.00019      0.25   12.1   0.0     8    28   199   219   195   226 0.84 contig_6_2591 # 1861262 # 1862308 # 1 # ID=2_2591;partial=00;start_type=ATG;rbs_motif=None;rbs_spacer=None;gc_cont=0.494
contig_89:607951-609519   -            523 1502854at2           -            192      0.14   12.9   0.3   1   2       4.3   5.6e+03   -2.1   0.0    16    31   323   338   321   365 0.61 contig_89_783 # 607951 # 609519 # -1 # ID=40_783;partial=00;start_type=ATG;rbs_motif=None;rbs_spacer=None;gc_cont=0.508
contig_89:607951-609519   -            523 1502854at2           -            192      0.14   12.9   0.3   2   2   0.00035      0.45   11.2   0.2     5    29   380   404   378   411 0.84 contig_89_783 # 607951 # 609519 # -1 # ID=40_783;partial=00;start_type=ATG;rbs_motif=None;rbs_spacer=None;gc_cont=0.508
contig_40:674609-676372   -            588 1502854at2           -            192      0.15   12.8   0.0   1   1   0.00024       0.3   11.8   0.0     6    29   311   334   308   349 0.83 contig_40_886 # 674609 # 676372 # -1 # ID=47_886;partial=00;start_type=ATG;rbs_motif=None;rbs_spacer=None;gc_cont=0.570
contig_82:1360404-1360601 -             66 1502854at2           -            192      0.16   12.7   0.1   1   1   0.00014      0.18   12.5   0.1     3    29     4    30     2    40 0.83 contig_82_1924 # 1360404 # 1360601 # -1 # ID=62_1924;partial=00;start_type=ATG;rbs_motif=None;rbs_spacer=None;gc_cont=0.460
contig_5:537323-538432    -            370 1502854at2           -            192       0.2   12.3   0.0   1   1   0.00029      0.38   11.5   0.0     9    35     6    32     2    37 0.84 contig_5_758 # 537323 # 538432 # 1 # ID=24_758;partial=00;start_type=ATG;rbs_motif=None;rbs_spacer=None;gc_cont=0.549
contig_11:772414-774243   -            610 1502854at2           -            192       0.2   12.3   0.3   1   3      0.18   2.3e+02    2.3   0.0     9    27   120   138   115   148 0.86 contig_11_1065 # 772414 # 774243 # -1 # ID=38_1065;partial=00;start_type=ATG;rbs_motif=None;rbs_spacer=None;gc_cont=0.512
contig_11:772414-774243   -            610 1502854at2           -            192       0.2   12.3   0.3   2   3      0.24   3.1e+02    2.0   0.0   142   179   161   200   153   202 0.85 contig_11_1065 # 772414 # 774243 # -1 # ID=38_1065;partial=00;start_type=ATG;rbs_motif=None;rbs_spacer=None;gc_cont=0.512
contig_11:772414-774243   -            610 1502854at2           -            192       0.2   12.3   0.3   3   3     0.071        91    3.7   0.0     9    27   402   420   396   430 0.86 contig_11_1065 # 772414 # 774243 # -1 # ID=38_1065;partial=00;start_type=ATG;rbs_motif=None;rbs_spacer=None;gc_cont=0.512
contig_6:1785448-1787964  -            839 1502854at2           -            192      0.22   12.2   0.1   1   1   0.00038      0.49   11.1   0.1     9    41   471   503   464   513 0.89 contig_6_2474 # 1785448 # 1787964 # 1 # ID=2_2474;partial=00;start_type=GTG;rbs_motif=None;rbs_spacer=None;gc_cont=0.559
contig_12:1219702-1220181 -            160 1502854at2           -            192      0.24   12.1   0.0   1   1   0.00029      0.37   11.5   0.0     9    36    14    41     7    44 0.86 contig_12_1684 # 1219702 # 1220181 # -1 # ID=15_1684;partial=00;start_type=ATG;rbs_motif=None;rbs_spacer=None;gc_cont=0.544
contig_3:373669-375798    -            710 1502854at2           -            192      0.25   12.0   0.1   1   1   0.00037      0.48   11.1   0.1     5    36   238   271   236   279 0.78 contig_3_557 # 373669 # 375798 # 1 # ID=53_557;partial=00;start_type=ATG;rbs_motif=None;rbs_spacer=None;gc_cont=0.531
contig_2:511350-513140    -            597 1502854at2           -            192      0.26   12.0   0.2   1   1   0.00039       0.5   11.0   0.2     5    29   560   584   558   591 0.84 contig_2_764 # 511350 # 513140 # -1 # ID=65_764;partial=00;start_type=ATG;rbs_motif=None;rbs_spacer=None;gc_cont=0.506
contig_86:655587-657635   -            683 1502854at2           -            192       0.5   11.0   0.1   1   1   0.00066      0.85   10.3   0.1     5    27   176   198   173   208 0.86 contig_86_884 # 655587 # 657635 # 1 # ID=7_884;partial=00;start_type=ATG;rbs_motif=None;rbs_spacer=None;gc_cont=0.492
contig_1:346368-350024    -           1219 1502854at2           -            192      0.52   11.0   2.6   1   2    0.0058       7.4    7.2   0.2     7    29   392   414   388   423 0.86 contig_1_533 # 346368 # 350024 # -1 # ID=20_533;partial=00;start_type=ATG;rbs_motif=None;rbs_spacer=None;gc_cont=0.512
contig_1:346368-350024    -           1219 1502854at2           -            192      0.52   11.0   2.6   2   2       0.1   1.3e+02    3.1   0.2     9    27  1025  1043  1020  1053 0.85 contig_1_533 # 346368 # 350024 # -1 # ID=20_533;partial=00;start_type=ATG;rbs_motif=None;rbs_spacer=None;gc_cont=0.512
contig_5:1862988-1864934  -            649 1502854at2           -            192       1.2    9.8   4.7   1   3      0.63   8.1e+02    0.6   2.9   125   161   151   194   137   221 0.82 contig_5_2678 # 1862988 # 1864934 # 1 # ID=24_2678;partial=00;start_type=ATG;rbs_motif=None;rbs_spacer=None;gc_cont=0.583
contig_5:1862988-1864934  -            649 1502854at2           -            192       1.2    9.8   4.7   2   3         3   3.9e+03   -1.6   0.0   123   152   246   275   238   294 0.78 contig_5_2678 # 1862988 # 1864934 # 1 # ID=24_2678;partial=00;start_type=ATG;rbs_motif=None;rbs_spacer=None;gc_cont=0.583
contig_5:1862988-1864934  -            649 1502854at2           -            192       1.2    9.8   4.7   3   3    0.0086        11    6.7   0.0     9    28   355   374   349   385 0.88 contig_5_2678 # 1862988 # 1864934 # 1 # ID=24_2678;partial=00;start_type=ATG;rbs_motif=None;rbs_spacer=None;gc_cont=0.583
#
# Program:         hmmsearch
# Version:         3.1b2 (February 2015)
# Pipeline mode:   SEARCH
# Query file:      /opt/busco_db/bacteria_odb10/hmms/1502854at2.hmm
# Target file:     flye_medaka/busco_stats/run_flye_medaka/prodigal_output/predicted_genes/predicted.faa
# Option settings: hmmsearch --domtblout flye_medaka/busco_stats/run_flye_medaka/run_bacteria_odb10/hmmer_output/1502854at2.out --cpu 1 /opt/busco_db/bacteria_odb10/hmms/1502854at2.hmm flye_medaka/busco_stats/run_flye_medaka/prodigal_output/predicted_genes/predicted.faa 
# Current dir:     /array1/falmeida/NF_WORK/17/da9f3cbcae0ef622d7976e52c3d2a7
# Date:            Mon Feb 26 20:42:17 2024
# [ok]
