#                                                                                 --- full sequence --- -------------- this domain -------------   hmm coord   ali coord   env coord
# target name             accession   tlen query name           accession   qlen   E-value  score  bias   #  of  c-Evalue  i-Evalue  score  bias  from    to  from    to  from    to  acc description of target
#     ------------------- ---------- ----- -------------------- ---------- ----- --------- ------ ----- --- --- --------- --------- ------ ----- ----- ----- ----- ----- ----- ----- ---- ---------------------
contig_5:507330-508718    -            463 1592033at2           -            393   2.9e-09   37.6   0.1   1   2   9.3e-07    0.0025   18.1   0.0   270   319   121   170   111   183 0.89 contig_5_711 # 507330 # 508718 # -1 # ID=24_711;partial=00;start_type=ATG;rbs_motif=None;rbs_spacer=None;gc_cont=0.577
contig_5:507330-508718    -            463 1592033at2           -            393   2.9e-09   37.6   0.1   2   2   1.5e-06    0.0041   17.4   0.1   189   216   226   253   208   291 0.83 contig_5_711 # 507330 # 508718 # -1 # ID=24_711;partial=00;start_type=ATG;rbs_motif=None;rbs_spacer=None;gc_cont=0.577
contig_82:2258025-2260193 -            723 1592033at2           -            393   1.7e-07   31.8   4.0   1   2   1.1e-05      0.03   14.6   0.6   271   322   314   372   310   432 0.73 contig_82_3155 # 2258025 # 2260193 # 1 # ID=62_3155;partial=00;start_type=ATG;rbs_motif=None;rbs_spacer=None;gc_cont=0.527
contig_82:2258025-2260193 -            723 1592033at2           -            393   1.7e-07   31.8   4.0   2   2     9e-07    0.0025   18.1   0.2   190   219   483   512   477   527 0.83 contig_82_3155 # 2258025 # 2260193 # 1 # ID=62_3155;partial=00;start_type=ATG;rbs_motif=None;rbs_spacer=None;gc_cont=0.527
contig_5:1947660-1949405  -            582 1592033at2           -            393   1.5e-05   25.4   0.0   1   2   1.4e-08   3.7e-05   24.1   0.0   195   240   303   348   298   355 0.89 contig_5_2793 # 1947660 # 1949405 # 1 # ID=24_2793;partial=00;start_type=ATG;rbs_motif=None;rbs_spacer=None;gc_cont=0.521
contig_5:1947660-1949405  -            582 1592033at2           -            393   1.5e-05   25.4   0.0   2   2       4.3   1.2e+04   -3.9   0.0   328   355   535   562   526   570 0.78 contig_5_2793 # 1947660 # 1949405 # 1 # ID=24_2793;partial=00;start_type=ATG;rbs_motif=None;rbs_spacer=None;gc_cont=0.521
contig_82:2181764-2182183 -            140 1592033at2           -            393   0.00026   21.3   0.2   1   2   1.5e-06    0.0041   17.4   0.0   196   232     8    44     3    66 0.84 contig_82_3052 # 2181764 # 2182183 # -1 # ID=62_3052;partial=00;start_type=GTG;rbs_motif=None;rbs_spacer=None;gc_cont=0.581
contig_82:2181764-2182183 -            140 1592033at2           -            393   0.00026   21.3   0.2   2   2     0.063   1.7e+02    2.1   0.1   269   288   100   119    89   129 0.77 contig_82_3052 # 2181764 # 2182183 # -1 # ID=62_3052;partial=00;start_type=GTG;rbs_motif=None;rbs_spacer=None;gc_cont=0.581
contig_81:847282-848139   -            286 1592033at2           -            393   0.00046   20.5   0.0   1   1   2.9e-07    0.0008   19.7   0.0   272   322   209   260   204   281 0.83 contig_81_1222 # 847282 # 848139 # -1 # ID=9_1222;partial=00;start_type=ATG;rbs_motif=None;rbs_spacer=None;gc_cont=0.498
contig_86:769599-770486   -            296 1592033at2           -            393    0.0022   18.3   0.0   1   1   9.6e-07    0.0026   18.0   0.0   271   360    30   130    19   160 0.78 contig_86_1046 # 769599 # 770486 # -1 # ID=7_1046;partial=00;start_type=ATG;rbs_motif=None;rbs_spacer=None;gc_cont=0.474
contig_40:157530-158816   -            429 1592033at2           -            393    0.0026   18.0   0.4   1   3     4e-06     0.011   16.0   0.1   166   218    90   140    86   155 0.68 contig_40_184 # 157530 # 158816 # -1 # ID=47_184;partial=00;start_type=ATG;rbs_motif=None;rbs_spacer=None;gc_cont=0.545
contig_40:157530-158816   -            429 1592033at2           -            393    0.0026   18.0   0.4   2   3      0.69   1.9e+03   -1.3   0.0   293   321   232   261   205   276 0.69 contig_40_184 # 157530 # 158816 # -1 # ID=47_184;partial=00;start_type=ATG;rbs_motif=None;rbs_spacer=None;gc_cont=0.545
contig_40:157530-158816   -            429 1592033at2           -            393    0.0026   18.0   0.4   3   3       2.3   6.2e+03   -3.0   0.0   301   359   315   375   293   395 0.62 contig_40_184 # 157530 # 158816 # -1 # ID=47_184;partial=00;start_type=ATG;rbs_motif=None;rbs_spacer=None;gc_cont=0.545
contig_86:1905904-1907919 -            672 1592033at2           -            393    0.0032   17.7   0.0   1   3   1.2e-06    0.0032   17.7   0.0   194   352    86   260    48   275 0.70 contig_86_2670 # 1905904 # 1907919 # -1 # ID=7_2670;partial=00;start_type=ATG;rbs_motif=None;rbs_spacer=None;gc_cont=0.571
contig_86:1905904-1907919 -            672 1592033at2           -            393    0.0032   17.7   0.0   2   3       4.4   1.2e+04   -3.9   1.9   316   389   379   451   374   455 0.69 contig_86_2670 # 1905904 # 1907919 # -1 # ID=7_2670;partial=00;start_type=ATG;rbs_motif=None;rbs_spacer=None;gc_cont=0.571
contig_86:1905904-1907919 -            672 1592033at2           -            393    0.0032   17.7   0.0   3   3         3   8.1e+03   -3.4   0.1   331   377   505   551   490   560 0.71 contig_86_2670 # 1905904 # 1907919 # -1 # ID=7_2670;partial=00;start_type=ATG;rbs_motif=None;rbs_spacer=None;gc_cont=0.571
contig_12:605734-606510   -            259 1592033at2           -            393    0.0032   17.7   0.0   1   1   1.6e-06    0.0044   17.3   0.0   288   354   106   176    81   192 0.83 contig_12_831 # 605734 # 606510 # 1 # ID=15_831;partial=00;start_type=GTG;rbs_motif=None;rbs_spacer=None;gc_cont=0.462
contig_82:311831-314062   -            744 1592033at2           -            393    0.0038   17.5   0.0   1   2   1.4e-05     0.038   14.2   0.0   181   224   128   171   113   175 0.82 contig_82_465 # 311831 # 314062 # 1 # ID=62_465;partial=00;start_type=ATG;rbs_motif=None;rbs_spacer=None;gc_cont=0.513
contig_82:311831-314062   -            744 1592033at2           -            393    0.0038   17.5   0.0   2   2       0.2   5.5e+02    0.5   0.0   273   349   278   354   270   368 0.74 contig_82_465 # 311831 # 314062 # 1 # ID=62_465;partial=00;start_type=ATG;rbs_motif=None;rbs_spacer=None;gc_cont=0.513
contig_12:1565702-1566172 -            157 1592033at2           -            393     0.017   15.3   0.2   1   2    0.0035       9.7    6.3   0.1   194   250     3    61     1    64 0.80 contig_12_2227 # 1565702 # 1566172 # -1 # ID=15_2227;partial=00;start_type=ATG;rbs_motif=None;rbs_spacer=None;gc_cont=0.522
contig_12:1565702-1566172 -            157 1592033at2           -            393     0.017   15.3   0.2   2   2    0.0015       4.1    7.5   0.0   277   321    80   125    73   147 0.72 contig_12_2227 # 1565702 # 1566172 # -1 # ID=15_2227;partial=00;start_type=ATG;rbs_motif=None;rbs_spacer=None;gc_cont=0.522
contig_82:1649642-1650019 -            126 1592033at2           -            393     0.026   14.7   0.1   1   1   1.3e-05     0.035   14.3   0.1   196   219    48    71    21    74 0.90 contig_82_2330 # 1649642 # 1650019 # -1 # ID=62_2330;partial=00;start_type=ATG;rbs_motif=None;rbs_spacer=None;gc_cont=0.489
contig_11:255571-257736   -            722 1592033at2           -            393     0.052   13.7   0.0   1   2      0.69   1.9e+03   -1.3   0.0   196   216   147   167   127   178 0.78 contig_11_349 # 255571 # 257736 # -1 # ID=38_349;partial=00;start_type=ATG;rbs_motif=None;rbs_spacer=None;gc_cont=0.515
contig_11:255571-257736   -            722 1592033at2           -            393     0.052   13.7   0.0   2   2   8.1e-05      0.22   11.7   0.0   290   352   248   321   238   333 0.81 contig_11_349 # 255571 # 257736 # -1 # ID=38_349;partial=00;start_type=ATG;rbs_motif=None;rbs_spacer=None;gc_cont=0.515
contig_82:1359480-1360361 -            294 1592033at2           -            393      0.19   11.9   0.0   1   1   9.6e-05      0.26   11.4   0.0   274   345    29   106    25   129 0.73 contig_82_1923 # 1359480 # 1360361 # -1 # ID=62_1923;partial=00;start_type=ATG;rbs_motif=None;rbs_spacer=None;gc_cont=0.554
contig_82:2180951-2181448 -            166 1592033at2           -            393      0.57   10.3   0.0   1   1   0.00023      0.64   10.2   0.0   305   358    17    74    11   106 0.76 contig_82_3050 # 2180951 # 2181448 # -1 # ID=62_3050;partial=00;start_type=ATG;rbs_motif=None;rbs_spacer=None;gc_cont=0.550
#
# Program:         hmmsearch
# Version:         3.1b2 (February 2015)
# Pipeline mode:   SEARCH
# Query file:      /opt/busco_db/bacteria_odb10/hmms/1592033at2.hmm
# Target file:     flye_medaka/busco_stats/run_flye_medaka/prodigal_output/predicted_genes/predicted.faa
# Option settings: hmmsearch --domtblout flye_medaka/busco_stats/run_flye_medaka/run_bacteria_odb10/hmmer_output/1592033at2.out --cpu 1 /opt/busco_db/bacteria_odb10/hmms/1592033at2.hmm flye_medaka/busco_stats/run_flye_medaka/prodigal_output/predicted_genes/predicted.faa 
# Current dir:     /array1/falmeida/NF_WORK/17/da9f3cbcae0ef622d7976e52c3d2a7
# Date:            Mon Feb 26 20:42:19 2024
# [ok]
