#                                                                                 --- full sequence --- -------------- this domain -------------   hmm coord   ali coord   env coord
# target name             accession   tlen query name           accession   qlen   E-value  score  bias   #  of  c-Evalue  i-Evalue  score  bias  from    to  from    to  from    to  acc description of target
#     ------------------- ---------- ----- -------------------- ---------- ----- --------- ------ ----- --- --- --------- --------- ------ ----- ----- ----- ----- ----- ----- ----- ---- ---------------------
contig_11:255571-257736   -            722 182107at2            -            492  8.4e-129  431.3   0.1   1   2   2.4e-64   7.5e-61  207.2   0.0     2   157   146   321   145   327 0.90 contig_11_349 # 255571 # 257736 # -1 # ID=38_349;partial=00;start_type=ATG;rbs_motif=None;rbs_spacer=None;gc_cont=0.515
contig_11:255571-257736   -            722 182107at2            -            492  8.4e-129  431.3   0.1   2   2   2.2e-66   7.1e-63  213.9   0.1   153   432   340   701   327   714 0.81 contig_11_349 # 255571 # 257736 # -1 # ID=38_349;partial=00;start_type=ATG;rbs_motif=None;rbs_spacer=None;gc_cont=0.515
contig_81:632241-634181   -            647 182107at2            -            492   6.2e-32  111.8   1.0   1   3   8.1e-24   2.6e-20   73.5   0.2    27   133     1   120     1   169 0.83 contig_81_916 # 632241 # 634181 # -1 # ID=9_916;partial=00;start_type=ATG;rbs_motif=None;rbs_spacer=None;gc_cont=0.529
contig_81:632241-634181   -            647 182107at2            -            492   6.2e-32  111.8   1.0   2   3   4.3e-10   1.4e-06   28.2   0.0   187   314   308   441   254   455 0.70 contig_81_916 # 632241 # 634181 # -1 # ID=9_916;partial=00;start_type=ATG;rbs_motif=None;rbs_spacer=None;gc_cont=0.529
contig_81:632241-634181   -            647 182107at2            -            492   6.2e-32  111.8   1.0   3   3    0.0047        15    5.0   0.0   317   349   553   585   542   602 0.82 contig_81_916 # 632241 # 634181 # -1 # ID=9_916;partial=00;start_type=ATG;rbs_motif=None;rbs_spacer=None;gc_cont=0.529
contig_9:912914-916306    -           1131 182107at2            -            492     1e-17   64.9   1.6   1   2   3.2e-18     1e-14   55.0   1.7     1   112   167   307   167   333 0.77 contig_9_1308 # 912914 # 916306 # 1 # ID=63_1308;partial=00;start_type=ATG;rbs_motif=None;rbs_spacer=None;gc_cont=0.486
contig_9:912914-916306    -           1131 182107at2            -            492     1e-17   64.9   1.6   2   2    0.0099        31    3.9   0.0   304   353   912   962   909   969 0.84 contig_9_1308 # 912914 # 916306 # 1 # ID=63_1308;partial=00;start_type=ATG;rbs_motif=None;rbs_spacer=None;gc_cont=0.486
contig_12:331132-334302   -           1057 182107at2            -            492   4.9e-17   62.6   0.5   1   1   3.6e-20   1.2e-16   61.4   0.5     5   194   481   683   479   744 0.77 contig_12_441 # 331132 # 334302 # 1 # ID=15_441;partial=00;start_type=GTG;rbs_motif=None;rbs_spacer=None;gc_cont=0.544
contig_82:289345-290376   -            344 182107at2            -            492   6.5e-17   62.2   0.0   1   1   2.8e-20   8.9e-17   61.8   0.0    46   141    14   113    12   136 0.80 contig_82_427 # 289345 # 290376 # -1 # ID=62_427;partial=00;start_type=ATG;rbs_motif=None;rbs_spacer=None;gc_cont=0.493
contig_86:1360952-1361545 -            198 182107at2            -            492   1.5e-15   57.8   0.4   1   1   5.9e-19   1.9e-15   57.4   0.4    48   126    38   116    31   134 0.90 contig_86_1894 # 1360952 # 1361545 # -1 # ID=7_1894;partial=00;start_type=ATG;rbs_motif=None;rbs_spacer=None;gc_cont=0.552
contig_12:1067814-1069922 -            703 182107at2            -            492   3.5e-10   40.0   0.0   1   2     1e-12   3.3e-09   36.8   0.0     5   112   194   319   192   338 0.75 contig_12_1467 # 1067814 # 1069922 # 1 # ID=15_1467;partial=00;start_type=ATG;rbs_motif=None;rbs_spacer=None;gc_cont=0.537
contig_12:1067814-1069922 -            703 182107at2            -            492   3.5e-10   40.0   0.0   2   2      0.86   2.7e+03   -2.5   0.0   133   154   379   400   369   453 0.57 contig_12_1467 # 1067814 # 1069922 # 1 # ID=15_1467;partial=00;start_type=ATG;rbs_motif=None;rbs_spacer=None;gc_cont=0.537
contig_1:1251651-1252847  -            399 182107at2            -            492   4.2e-06   26.6   0.0   1   1   2.1e-09   6.7e-06   25.9   0.0    26   128    36   147    30   164 0.77 contig_1_1856 # 1251651 # 1252847 # -1 # ID=20_1856;partial=00;start_type=ATG;rbs_motif=None;rbs_spacer=None;gc_cont=0.537
contig_12:35372-36025     -            218 182107at2            -            492   0.00032   20.4   0.0   1   1   1.3e-07   0.00042   20.0   0.0    46   155    41   162    36   174 0.73 contig_12_33 # 35372 # 36025 # -1 # ID=15_33;partial=00;start_type=ATG;rbs_motif=None;rbs_spacer=None;gc_cont=0.509
contig_86:769599-770486   -            296 182107at2            -            492      0.02   14.5   0.0   1   1   8.5e-06     0.027   14.0   0.0    48   158     8   123     4   129 0.78 contig_86_1046 # 769599 # 770486 # -1 # ID=7_1046;partial=00;start_type=ATG;rbs_motif=None;rbs_spacer=None;gc_cont=0.474
contig_82:2079076-2080890 -            605 182107at2            -            492     0.028   14.0   0.0   1   3    0.0077        24    4.3   0.0   164   192   116   144    98   201 0.87 contig_82_2908 # 2079076 # 2080890 # 1 # ID=62_2908;partial=00;start_type=ATG;rbs_motif=None;rbs_spacer=None;gc_cont=0.610
contig_82:2079076-2080890 -            605 182107at2            -            492     0.028   14.0   0.0   2   3    0.0033        11    5.5   0.0   234   301   221   285   213   299 0.84 contig_82_2908 # 2079076 # 2080890 # 1 # ID=62_2908;partial=00;start_type=ATG;rbs_motif=None;rbs_spacer=None;gc_cont=0.610
contig_82:2079076-2080890 -            605 182107at2            -            492     0.028   14.0   0.0   3   3      0.17   5.3e+02   -0.1   0.0   321   355   460   495   456   500 0.76 contig_82_2908 # 2079076 # 2080890 # 1 # ID=62_2908;partial=00;start_type=ATG;rbs_motif=None;rbs_spacer=None;gc_cont=0.610
contig_1:1313871-1316252  -            794 182107at2            -            492     0.049   13.2   0.0   1   2    0.0096        30    4.0   0.0     3    34   360   392   359   399 0.80 contig_1_1936 # 1313871 # 1316252 # -1 # ID=20_1936;partial=00;start_type=ATG;rbs_motif=None;rbs_spacer=None;gc_cont=0.543
contig_1:1313871-1316252  -            794 182107at2            -            492     0.049   13.2   0.0   2   2     0.002       6.5    6.2   0.0    50   198   446   629   433   659 0.62 contig_1_1936 # 1313871 # 1316252 # -1 # ID=20_1936;partial=00;start_type=ATG;rbs_motif=None;rbs_spacer=None;gc_cont=0.543
contig_86:1358909-1360855 -            649 182107at2            -            492     0.077   12.5   0.1   1   3      0.45   1.4e+03   -1.5   0.1   115   164    13    63     5    67 0.78 contig_86_1893 # 1358909 # 1360855 # -1 # ID=7_1893;partial=00;start_type=ATG;rbs_motif=None;rbs_spacer=None;gc_cont=0.548
contig_86:1358909-1360855 -            649 182107at2            -            492     0.077   12.5   0.1   2   3     0.024        75    2.7   0.0   233   314   212   290   178   329 0.79 contig_86_1893 # 1358909 # 1360855 # -1 # ID=7_1893;partial=00;start_type=ATG;rbs_motif=None;rbs_spacer=None;gc_cont=0.548
contig_86:1358909-1360855 -            649 182107at2            -            492     0.077   12.5   0.1   3   3    0.0017       5.3    6.5   0.0   303   351   430   479   415   484 0.86 contig_86_1893 # 1358909 # 1360855 # -1 # ID=7_1893;partial=00;start_type=ATG;rbs_motif=None;rbs_spacer=None;gc_cont=0.548
#
# Program:         hmmsearch
# Version:         3.1b2 (February 2015)
# Pipeline mode:   SEARCH
# Query file:      /opt/busco_db/bacteria_odb10/hmms/182107at2.hmm
# Target file:     flye_medaka/busco_stats/run_flye_medaka/prodigal_output/predicted_genes/predicted.faa
# Option settings: hmmsearch --domtblout flye_medaka/busco_stats/run_flye_medaka/run_bacteria_odb10/hmmer_output/182107at2.out --cpu 1 /opt/busco_db/bacteria_odb10/hmms/182107at2.hmm flye_medaka/busco_stats/run_flye_medaka/prodigal_output/predicted_genes/predicted.faa 
# Current dir:     /array1/falmeida/NF_WORK/17/da9f3cbcae0ef622d7976e52c3d2a7
# Date:            Mon Feb 26 20:42:21 2024
# [ok]
