#                                                                                 --- full sequence --- -------------- this domain -------------   hmm coord   ali coord   env coord
# target name             accession   tlen query name           accession   qlen   E-value  score  bias   #  of  c-Evalue  i-Evalue  score  bias  from    to  from    to  from    to  acc description of target
#     ------------------- ---------- ----- -------------------- ---------- ----- --------- ------ ----- --- --- --------- --------- ------ ----- ----- ----- ----- ----- ----- ----- ---- ---------------------
contig_86:1748607-1754525 -           1973 1827295at2           -             74   3.7e-14   53.5   2.1   1   5     0.081   1.3e+02    3.7   0.0     9    38   343   371   331   374 0.80 contig_86_2432 # 1748607 # 1754525 # -1 # ID=7_2432;partial=00;start_type=ATG;rbs_motif=None;rbs_spacer=None;gc_cont=0.500
contig_86:1748607-1754525 -           1973 1827295at2           -             74   3.7e-14   53.5   2.1   2   5   0.00036      0.59   11.2   0.1     8    33   674   703   666   707 0.78 contig_86_2432 # 1748607 # 1754525 # -1 # ID=7_2432;partial=00;start_type=ATG;rbs_motif=None;rbs_spacer=None;gc_cont=0.500
contig_86:1748607-1754525 -           1973 1827295at2           -             74   3.7e-14   53.5   2.1   3   5    0.0028       4.5    8.4   0.0    11    52  1117  1153  1104  1158 0.86 contig_86_2432 # 1748607 # 1754525 # -1 # ID=7_2432;partial=00;start_type=ATG;rbs_motif=None;rbs_spacer=None;gc_cont=0.500
contig_86:1748607-1754525 -           1973 1827295at2           -             74   3.7e-14   53.5   2.1   4   5    0.0022       3.6    8.7   0.0     9    31  1405  1427  1393  1433 0.83 contig_86_2432 # 1748607 # 1754525 # -1 # ID=7_2432;partial=00;start_type=ATG;rbs_motif=None;rbs_spacer=None;gc_cont=0.500
contig_86:1748607-1754525 -           1973 1827295at2           -             74   3.7e-14   53.5   2.1   5   5   1.8e-05     0.029   15.4   0.0     9    35  1784  1810  1771  1813 0.83 contig_86_2432 # 1748607 # 1754525 # -1 # ID=7_2432;partial=00;start_type=ATG;rbs_motif=None;rbs_spacer=None;gc_cont=0.500
contig_86:332861-334291   -            477 1827295at2           -             74   0.00056   20.9   0.0   1   2    0.0021       3.5    8.7   0.0    10    33    95   118    83   121 0.86 contig_86_471 # 332861 # 334291 # -1 # ID=7_471;partial=00;start_type=GTG;rbs_motif=None;rbs_spacer=None;gc_cont=0.549
contig_86:332861-334291   -            477 1827295at2           -             74   0.00056   20.9   0.0   2   2    0.0012         2    9.5   0.0     9    33   368   392   357   398 0.79 contig_86_471 # 332861 # 334291 # -1 # ID=7_471;partial=00;start_type=GTG;rbs_motif=None;rbs_spacer=None;gc_cont=0.549
contig_11:772414-774243   -            610 1827295at2           -             74    0.0016   19.4   0.0   1   2   0.00059      0.97   10.5   0.0     6    33   112   142   108   146 0.83 contig_11_1065 # 772414 # 774243 # -1 # ID=38_1065;partial=00;start_type=ATG;rbs_motif=None;rbs_spacer=None;gc_cont=0.512
contig_11:772414-774243   -            610 1827295at2           -             74    0.0016   19.4   0.0   2   2     0.013        22    6.2   0.0    10    30   401   421   388   427 0.83 contig_11_1065 # 772414 # 774243 # -1 # ID=38_1065;partial=00;start_type=ATG;rbs_motif=None;rbs_spacer=None;gc_cont=0.512
contig_5:151245-153278    -            678 1827295at2           -             74    0.0017   19.3   0.0   1   2   0.00075       1.2   10.2   0.0    11    33   150   172   138   176 0.89 contig_5_213 # 151245 # 153278 # -1 # ID=24_213;partial=00;start_type=ATG;rbs_motif=None;rbs_spacer=None;gc_cont=0.532
contig_5:151245-153278    -            678 1827295at2           -             74    0.0017   19.3   0.0   2   2      0.01        17    6.5   0.0     9    32   452   475   438   482 0.83 contig_5_213 # 151245 # 153278 # -1 # ID=24_213;partial=00;start_type=ATG;rbs_motif=None;rbs_spacer=None;gc_cont=0.532
contig_86:2278237-2281479 -           1081 1827295at2           -             74     0.014   16.4   0.2   1   2   0.00074       1.2   10.2   0.1     9    33   422   446   412   449 0.82 contig_86_3190 # 2278237 # 2281479 # -1 # ID=7_3190;partial=00;start_type=ATG;rbs_motif=None;rbs_spacer=None;gc_cont=0.544
contig_86:2278237-2281479 -           1081 1827295at2           -             74     0.014   16.4   0.2   2   2      0.12   1.9e+02    3.2   0.0    11    33   744   766   733   775 0.86 contig_86_3190 # 2278237 # 2281479 # -1 # ID=7_3190;partial=00;start_type=ATG;rbs_motif=None;rbs_spacer=None;gc_cont=0.544
contig_5:692809-695361    -            851 1827295at2           -             74     0.027   15.5   0.2   1   2     0.018        30    5.7   0.0    12    34   124   147   110   151 0.83 contig_5_993 # 692809 # 695361 # -1 # ID=24_993;partial=00;start_type=ATG;rbs_motif=None;rbs_spacer=None;gc_cont=0.516
contig_5:692809-695361    -            851 1827295at2           -             74     0.027   15.5   0.2   2   2     0.011        18    6.5   0.0    10    32   521   543   504   548 0.81 contig_5_993 # 692809 # 695361 # -1 # ID=24_993;partial=00;start_type=ATG;rbs_motif=None;rbs_spacer=None;gc_cont=0.516
contig_5:417469-418419    -            317 1827295at2           -             74     0.043   14.9   0.0   1   1   6.5e-05      0.11   13.6   0.0     8    31    31    55    16    69 0.80 contig_5_599 # 417469 # 418419 # 1 # ID=24_599;partial=00;start_type=ATG;rbs_motif=None;rbs_spacer=None;gc_cont=0.509
contig_5:537323-538432    -            370 1827295at2           -             74     0.047   14.7   0.0   1   1   6.1e-05       0.1   13.7   0.0    11    38     6    33     4    42 0.84 contig_5_758 # 537323 # 538432 # 1 # ID=24_758;partial=00;start_type=ATG;rbs_motif=None;rbs_spacer=None;gc_cont=0.549
contig_6:142930-143268    -            113 1827295at2           -             74     0.047   14.7   0.0   1   1   4.4e-05     0.072   14.1   0.0     8    33    64    91    55    94 0.82 contig_6_174 # 142930 # 143268 # 1 # ID=2_174;partial=00;start_type=ATG;rbs_motif=None;rbs_spacer=None;gc_cont=0.516
contig_1:346368-350024    -           1219 1827295at2           -             74     0.074   14.1   1.1   1   2   0.00061         1   10.5   0.2    10    33   393   416   384   421 0.86 contig_1_533 # 346368 # 350024 # -1 # ID=20_533;partial=00;start_type=ATG;rbs_motif=None;rbs_spacer=None;gc_cont=0.512
contig_1:346368-350024    -           1219 1827295at2           -             74     0.074   14.1   1.1   2   2      0.71   1.2e+03    0.6   0.0    11    29  1025  1043  1013  1048 0.83 contig_1_533 # 346368 # 350024 # -1 # ID=20_533;partial=00;start_type=ATG;rbs_motif=None;rbs_spacer=None;gc_cont=0.512
contig_81:1326419-1326697 -             93 1827295at2           -             74     0.099   13.7   0.1   1   1   9.2e-05      0.15   13.1   0.1     9    36    22    49    10    53 0.85 contig_81_1951 # 1326419 # 1326697 # -1 # ID=9_1951;partial=00;start_type=ATG;rbs_motif=None;rbs_spacer=None;gc_cont=0.527
contig_40:335215-336747   -            511 1827295at2           -             74      0.12   13.4   0.2   1   1   0.00019      0.32   12.1   0.2     9    32   403   426   388   435 0.81 contig_40_424 # 335215 # 336747 # 1 # ID=47_424;partial=00;start_type=GTG;rbs_motif=None;rbs_spacer=None;gc_cont=0.530
contig_71:591713-592303   -            197 1827295at2           -             74      0.13   13.3   0.0   1   1   0.00014      0.22   12.6   0.0     8    32    56    82    47    99 0.83 contig_71_899 # 591713 # 592303 # -1 # ID=70_899;partial=00;start_type=ATG;rbs_motif=None;rbs_spacer=None;gc_cont=0.513
contig_86:1866792-1867466 -            225 1827295at2           -             74       0.2   12.7   0.1   1   2       5.6   9.2e+03   -2.2   0.0    46    58    43    55    37    59 0.83 contig_86_2612 # 1866792 # 1867466 # -1 # ID=7_2612;partial=00;start_type=ATG;rbs_motif=None;rbs_spacer=None;gc_cont=0.499
contig_86:1866792-1867466 -            225 1827295at2           -             74       0.2   12.7   0.1   2   2   0.00037      0.61   11.2   0.0    14    31    84   101    71   108 0.84 contig_86_2612 # 1866792 # 1867466 # -1 # ID=7_2612;partial=00;start_type=ATG;rbs_motif=None;rbs_spacer=None;gc_cont=0.499
contig_71:635282-637801   -            840 1827295at2           -             74       0.2   12.7   0.1   1   2     0.064     1e+02    4.0   0.0    10    31   305   326   289   335 0.84 contig_71_957 # 635282 # 637801 # -1 # ID=70_957;partial=00;start_type=ATG;rbs_motif=None;rbs_spacer=None;gc_cont=0.483
contig_71:635282-637801   -            840 1827295at2           -             74       0.2   12.7   0.1   2   2     0.017        28    5.8   0.0     6    33   598   628   593   631 0.80 contig_71_957 # 635282 # 637801 # -1 # ID=70_957;partial=00;start_type=ATG;rbs_motif=None;rbs_spacer=None;gc_cont=0.483
contig_82:831251-833257   -            669 1827295at2           -             74       0.2   12.7   0.0   1   1    0.0003       0.5   11.4   0.0     5    34   238   269   234   272 0.84 contig_82_1142 # 831251 # 833257 # 1 # ID=62_1142;partial=00;start_type=GTG;rbs_motif=None;rbs_spacer=None;gc_cont=0.521
contig_2:961524-963197    -            558 1827295at2           -             74      0.23   12.5   0.0   1   1   0.00035      0.58   11.2   0.0     8    33    70    96    55    99 0.86 contig_2_1425 # 961524 # 963197 # -1 # ID=65_1425;partial=00;start_type=ATG;rbs_motif=None;rbs_spacer=None;gc_cont=0.550
contig_87:609267-612254   -            996 1827295at2           -             74      0.25   12.4   0.3   1   2     0.018        30    5.8   0.1    12    30   421   439   408   444 0.81 contig_87_884 # 609267 # 612254 # 1 # ID=50_884;partial=00;start_type=ATG;rbs_motif=None;rbs_spacer=None;gc_cont=0.557
contig_87:609267-612254   -            996 1827295at2           -             74      0.25   12.4   0.3   2   2     0.073   1.2e+02    3.8   0.0    10    30   662   682   650   690 0.81 contig_87_884 # 609267 # 612254 # 1 # ID=50_884;partial=00;start_type=ATG;rbs_motif=None;rbs_spacer=None;gc_cont=0.557
contig_87:554046-556622   -            859 1827295at2           -             74      0.28   12.3   0.0   1   1   0.00046      0.76   10.9   0.0     5    36   320   351   313   352 0.85 contig_87_813 # 554046 # 556622 # 1 # ID=50_813;partial=00;start_type=GTG;rbs_motif=None;rbs_spacer=None;gc_cont=0.520
contig_5:556346-557926    -            527 1827295at2           -             74      0.31   12.1   0.0   1   1   0.00045      0.75   10.9   0.0     8    36    98   129    89   132 0.83 contig_5_782 # 556346 # 557926 # -1 # ID=24_782;partial=00;start_type=ATG;rbs_motif=None;rbs_spacer=None;gc_cont=0.523
contig_82:311831-314062   -            744 1827295at2           -             74      0.33   12.0   0.0   1   1   0.00046      0.75   10.9   0.0    10    31   143   164   130   168 0.86 contig_82_465 # 311831 # 314062 # 1 # ID=62_465;partial=00;start_type=ATG;rbs_motif=None;rbs_spacer=None;gc_cont=0.513
contig_40:545643-548861   -           1073 1827295at2           -             74      0.39   11.8   0.2   1   2     0.028        47    5.1   0.0    13    31   468   486   457   491 0.86 contig_40_716 # 545643 # 548861 # 1 # ID=47_716;partial=00;start_type=ATG;rbs_motif=None;rbs_spacer=None;gc_cont=0.570
contig_40:545643-548861   -           1073 1827295at2           -             74      0.39   11.8   0.2   2   2     0.078   1.3e+02    3.7   0.0    11    28   710   727   698   733 0.82 contig_40_716 # 545643 # 548861 # 1 # ID=47_716;partial=00;start_type=ATG;rbs_motif=None;rbs_spacer=None;gc_cont=0.570
contig_71:405034-406005   -            324 1827295at2           -             74      0.43   11.6   0.0   1   1   0.00049      0.81   10.8   0.0     9    33    51    75    41    78 0.83 contig_71_628 # 405034 # 406005 # 1 # ID=70_628;partial=00;start_type=ATG;rbs_motif=None;rbs_spacer=None;gc_cont=0.525
contig_1:1555126-1555281  -             52 1827295at2           -             74      0.53   11.4   0.8   1   1   0.00037      0.61   11.2   0.8    41    64    19    42    11    46 0.89 contig_1_2264 # 1555126 # 1555281 # 1 # ID=20_2264;partial=00;start_type=ATG;rbs_motif=None;rbs_spacer=None;gc_cont=0.378
contig_82:1411091-1415062 -           1324 1827295at2           -             74         7    7.8   4.1   1   3       1.1   1.7e+03    0.1   0.0     9    31    27    49    14    55 0.81 contig_82_1989 # 1411091 # 1415062 # -1 # ID=62_1989;partial=00;start_type=ATG;rbs_motif=None;rbs_spacer=None;gc_cont=0.525
contig_82:1411091-1415062 -           1324 1827295at2           -             74         7    7.8   4.1   2   3       9.8   1.6e+04   -3.0   0.0    42    54   420   432   420   434 0.91 contig_82_1989 # 1411091 # 1415062 # -1 # ID=62_1989;partial=00;start_type=ATG;rbs_motif=None;rbs_spacer=None;gc_cont=0.525
contig_82:1411091-1415062 -           1324 1827295at2           -             74         7    7.8   4.1   3   3    0.0065        11    7.2   0.1     9    31   714   736   699   744 0.79 contig_82_1989 # 1411091 # 1415062 # -1 # ID=62_1989;partial=00;start_type=ATG;rbs_motif=None;rbs_spacer=None;gc_cont=0.525
#
# Program:         hmmsearch
# Version:         3.1b2 (February 2015)
# Pipeline mode:   SEARCH
# Query file:      /opt/busco_db/bacteria_odb10/hmms/1827295at2.hmm
# Target file:     flye_medaka/busco_stats/run_flye_medaka/prodigal_output/predicted_genes/predicted.faa
# Option settings: hmmsearch --domtblout flye_medaka/busco_stats/run_flye_medaka/run_bacteria_odb10/hmmer_output/1827295at2.out --cpu 1 /opt/busco_db/bacteria_odb10/hmms/1827295at2.hmm flye_medaka/busco_stats/run_flye_medaka/prodigal_output/predicted_genes/predicted.faa 
# Current dir:     /array1/falmeida/NF_WORK/17/da9f3cbcae0ef622d7976e52c3d2a7
# Date:            Mon Feb 26 20:42:21 2024
# [ok]
