#                                                                                 --- full sequence --- -------------- this domain -------------   hmm coord   ali coord   env coord
# target name             accession   tlen query name           accession   qlen   E-value  score  bias   #  of  c-Evalue  i-Evalue  score  bias  from    to  from    to  from    to  acc description of target
#     ------------------- ---------- ----- -------------------- ---------- ----- --------- ------ ----- --- --- --------- --------- ------ ----- ----- ----- ----- ----- ----- ----- ---- ---------------------
contig_71:97340-99925     -            862 1890943at2           -            107   5.8e-21   75.7   0.0   1   4   1.5e-07     0.001   20.2   0.0    12    57   389   439   377   448 0.80 contig_71_148 # 97340 # 99925 # -1 # ID=70_148;partial=00;start_type=ATG;rbs_motif=None;rbs_spacer=None;gc_cont=0.564
contig_71:97340-99925     -            862 1890943at2           -            107   5.8e-21   75.7   0.0   2   4   6.5e-06     0.045   14.9   0.0    55    76   474   495   463   506 0.90 contig_71_148 # 97340 # 99925 # -1 # ID=70_148;partial=00;start_type=ATG;rbs_motif=None;rbs_spacer=None;gc_cont=0.564
contig_71:97340-99925     -            862 1890943at2           -            107   5.8e-21   75.7   0.0   3   4   5.6e-10   3.8e-06   28.0   0.0    10    54   567   616   549   626 0.80 contig_71_148 # 97340 # 99925 # -1 # ID=70_148;partial=00;start_type=ATG;rbs_motif=None;rbs_spacer=None;gc_cont=0.564
contig_71:97340-99925     -            862 1890943at2           -            107   5.8e-21   75.7   0.0   4   4    0.0059        41    5.4   0.0    58    77   699   718   690   720 0.84 contig_71_148 # 97340 # 99925 # -1 # ID=70_148;partial=00;start_type=ATG;rbs_motif=None;rbs_spacer=None;gc_cont=0.564
contig_82:2168970-2169668 -            233 1890943at2           -            107   0.00068   20.8   0.0   1   3   2.3e-06     0.016   16.4   0.0     3    39    62    98    60   106 0.88 contig_82_3034 # 2168970 # 2169668 # 1 # ID=62_3034;partial=00;start_type=ATG;rbs_motif=None;rbs_spacer=None;gc_cont=0.544
contig_82:2168970-2169668 -            233 1890943at2           -            107   0.00068   20.8   0.0   2   3         3   2.1e+04   -3.3   0.0    86   101   121   136   120   139 0.69 contig_82_3034 # 2168970 # 2169668 # 1 # ID=62_3034;partial=00;start_type=ATG;rbs_motif=None;rbs_spacer=None;gc_cont=0.544
contig_82:2168970-2169668 -            233 1890943at2           -            107   0.00068   20.8   0.0   3   3     0.094   6.5e+02    1.6   0.0    62    80   162   180   153   192 0.75 contig_82_3034 # 2168970 # 2169668 # 1 # ID=62_3034;partial=00;start_type=ATG;rbs_motif=None;rbs_spacer=None;gc_cont=0.544
contig_82:821488-822222   -            245 1890943at2           -            107     0.002   19.3   0.0   1   3       3.1   2.1e+04   -3.3   0.0     3    13    60    70    59    73 0.85 contig_82_1126 # 821488 # 822222 # -1 # ID=62_1126;partial=00;start_type=ATG;rbs_motif=None;rbs_spacer=None;gc_cont=0.495
contig_82:821488-822222   -            245 1890943at2           -            107     0.002   19.3   0.0   2   3   9.8e-07    0.0067   17.6   0.0    13    36    81   104    74   107 0.92 contig_82_1126 # 821488 # 822222 # -1 # ID=62_1126;partial=00;start_type=ATG;rbs_motif=None;rbs_spacer=None;gc_cont=0.495
contig_82:821488-822222   -            245 1890943at2           -            107     0.002   19.3   0.0   3   3       2.7   1.8e+04   -3.1   0.0    77    98   212   233   208   235 0.77 contig_82_1126 # 821488 # 822222 # -1 # ID=62_1126;partial=00;start_type=ATG;rbs_motif=None;rbs_spacer=None;gc_cont=0.495
contig_82:822444-822857   -            138 1890943at2           -            107    0.0093   17.2   0.0   1   1   2.9e-06      0.02   16.1   0.0    12    36    71    95    61   101 0.90 contig_82_1128 # 822444 # 822857 # -1 # ID=62_1128;partial=00;start_type=GTG;rbs_motif=None;rbs_spacer=None;gc_cont=0.454
contig_13:255086-255574   -            163 1890943at2           -            107     0.017   16.3   0.0   1   1   3.3e-06     0.023   15.9   0.0    48    79    65    96    40   108 0.82 contig_13_363 # 255086 # 255574 # 1 # ID=60_363;partial=00;start_type=ATG;rbs_motif=None;rbs_spacer=None;gc_cont=0.556
contig_2:1129097-1130332  -            412 1890943at2           -            107     0.036   15.3   0.0   1   2   0.00016       1.1   10.5   0.0    13    51   199   242   193   251 0.77 contig_2_1666 # 1129097 # 1130332 # 1 # ID=65_1666;partial=00;start_type=ATG;rbs_motif=None;rbs_spacer=None;gc_cont=0.481
contig_2:1129097-1130332  -            412 1890943at2           -            107     0.036   15.3   0.0   2   2       0.1     7e+02    1.5   0.0    61    77   273   289   268   299 0.89 contig_2_1666 # 1129097 # 1130332 # 1 # ID=65_1666;partial=00;start_type=ATG;rbs_motif=None;rbs_spacer=None;gc_cont=0.481
#
# Program:         hmmsearch
# Version:         3.1b2 (February 2015)
# Pipeline mode:   SEARCH
# Query file:      /opt/busco_db/bacteria_odb10/hmms/1890943at2.hmm
# Target file:     flye_medaka/busco_stats/run_flye_medaka/prodigal_output/predicted_genes/predicted.faa
# Option settings: hmmsearch --domtblout flye_medaka/busco_stats/run_flye_medaka/run_bacteria_odb10/hmmer_output/1890943at2.out --cpu 1 /opt/busco_db/bacteria_odb10/hmms/1890943at2.hmm flye_medaka/busco_stats/run_flye_medaka/prodigal_output/predicted_genes/predicted.faa 
# Current dir:     /array1/falmeida/NF_WORK/17/da9f3cbcae0ef622d7976e52c3d2a7
# Date:            Mon Feb 26 20:42:23 2024
# [ok]
