#                                                                                 --- full sequence --- -------------- this domain -------------   hmm coord   ali coord   env coord
# target name             accession   tlen query name           accession   qlen   E-value  score  bias   #  of  c-Evalue  i-Evalue  score  bias  from    to  from    to  from    to  acc description of target
#     ------------------- ---------- ----- -------------------- ---------- ----- --------- ------ ----- --- --- --------- --------- ------ ----- ----- ----- ----- ----- ----- ----- ---- ---------------------
contig_86:1748607-1754525 -           1973 219876at2            -            282   5.7e-11   43.5   2.8   1   5      0.49   1.2e+03   -0.2   0.0    39    70   336   365   330   372 0.84 contig_86_2432 # 1748607 # 1754525 # -1 # ID=7_2432;partial=00;start_type=ATG;rbs_motif=None;rbs_spacer=None;gc_cont=0.500
contig_86:1748607-1754525 -           1973 219876at2            -            282   5.7e-11   43.5   2.8   2   5   7.6e-05      0.18   12.3   0.0    37    72   670   703   657   717 0.76 contig_86_2432 # 1748607 # 1754525 # -1 # ID=7_2432;partial=00;start_type=ATG;rbs_motif=None;rbs_spacer=None;gc_cont=0.500
contig_86:1748607-1754525 -           1973 219876at2            -            282   5.7e-11   43.5   2.8   3   5      0.25     6e+02    0.8   0.0    16    69  1088  1136  1083  1151 0.74 contig_86_2432 # 1748607 # 1754525 # -1 # ID=7_2432;partial=00;start_type=ATG;rbs_motif=None;rbs_spacer=None;gc_cont=0.500
contig_86:1748607-1754525 -           1973 219876at2            -            282   5.7e-11   43.5   2.8   4   5   3.5e-06    0.0086   16.6   0.1    40   159  1397  1507  1391  1518 0.65 contig_86_2432 # 1748607 # 1754525 # -1 # ID=7_2432;partial=00;start_type=ATG;rbs_motif=None;rbs_spacer=None;gc_cont=0.500
contig_86:1748607-1754525 -           1973 219876at2            -            282   5.7e-11   43.5   2.8   5   5     0.009        22    5.5   0.0    46    68  1782  1804  1761  1808 0.76 contig_86_2432 # 1748607 # 1754525 # -1 # ID=7_2432;partial=00;start_type=ATG;rbs_motif=None;rbs_spacer=None;gc_cont=0.500
contig_71:635282-637801   -            840 219876at2            -            282   2.4e-05   25.0   0.3   1   2   2.1e-05     0.051   14.1   0.1    50   164   306   445   300   463 0.72 contig_71_957 # 635282 # 637801 # -1 # ID=70_957;partial=00;start_type=ATG;rbs_motif=None;rbs_spacer=None;gc_cont=0.483
contig_71:635282-637801   -            840 219876at2            -            282   2.4e-05   25.0   0.3   2   2     0.014        34    4.8   0.0    45    73   601   629   593   654 0.81 contig_71_957 # 635282 # 637801 # -1 # ID=70_957;partial=00;start_type=ATG;rbs_motif=None;rbs_spacer=None;gc_cont=0.483
contig_86:332861-334291   -            477 219876at2            -            282   8.6e-05   23.2   0.0   1   3   0.00078       1.9    8.9   0.0    50    73    96   119    85   144 0.86 contig_86_471 # 332861 # 334291 # -1 # ID=7_471;partial=00;start_type=GTG;rbs_motif=None;rbs_spacer=None;gc_cont=0.549
contig_86:332861-334291   -            477 219876at2            -            282   8.6e-05   23.2   0.0   2   3       1.8   4.5e+03   -2.1   0.0   120   167   197   243   186   285 0.69 contig_86_471 # 332861 # 334291 # -1 # ID=7_471;partial=00;start_type=GTG;rbs_motif=None;rbs_spacer=None;gc_cont=0.549
contig_86:332861-334291   -            477 219876at2            -            282   8.6e-05   23.2   0.0   3   3   0.00016      0.38   11.2   0.0    50    77   370   397   365   400 0.86 contig_86_471 # 332861 # 334291 # -1 # ID=7_471;partial=00;start_type=GTG;rbs_motif=None;rbs_spacer=None;gc_cont=0.549
contig_5:151245-153278    -            678 219876at2            -            282   0.00017   22.2   0.0   1   2     0.013        32    4.9   0.0    50    73   150   173   139   180 0.84 contig_5_213 # 151245 # 153278 # -1 # ID=24_213;partial=00;start_type=ATG;rbs_motif=None;rbs_spacer=None;gc_cont=0.532
contig_5:151245-153278    -            678 219876at2            -            282   0.00017   22.2   0.0   2   2   1.4e-05     0.035   14.6   0.0    47    94   451   500   441   504 0.76 contig_5_213 # 151245 # 153278 # -1 # ID=24_213;partial=00;start_type=ATG;rbs_motif=None;rbs_spacer=None;gc_cont=0.532
contig_71:591713-592303   -            197 219876at2            -            282    0.0028   18.2   0.0   1   1   1.6e-06    0.0039   17.8   0.0    46    88    57   101    51   113 0.75 contig_71_899 # 591713 # 592303 # -1 # ID=70_899;partial=00;start_type=ATG;rbs_motif=None;rbs_spacer=None;gc_cont=0.513
contig_11:1084569-1085819 -            417 219876at2            -            282    0.0033   18.0   0.0   1   1     2e-06    0.0049   17.4   0.0    50    87    84   123    53   159 0.80 contig_11_1496 # 1084569 # 1085819 # -1 # ID=38_1496;partial=00;start_type=ATG;rbs_motif=None;rbs_spacer=None;gc_cont=0.492
contig_11:772414-774243   -            610 219876at2            -            282     0.013   16.0   0.1   1   3    0.0035       8.4    6.8   0.0    48    70   118   140   110   169 0.83 contig_11_1065 # 772414 # 774243 # -1 # ID=38_1065;partial=00;start_type=ATG;rbs_motif=None;rbs_spacer=None;gc_cont=0.512
contig_11:772414-774243   -            610 219876at2            -            282     0.013   16.0   0.1   2   3      0.32   7.8e+02    0.4   0.0   115   168   227   280   223   334 0.87 contig_11_1065 # 772414 # 774243 # -1 # ID=38_1065;partial=00;start_type=ATG;rbs_motif=None;rbs_spacer=None;gc_cont=0.512
contig_11:772414-774243   -            610 219876at2            -            282     0.013   16.0   0.1   3   3     0.018        43    4.5   0.0    40    70   389   422   383   430 0.81 contig_11_1065 # 772414 # 774243 # -1 # ID=38_1065;partial=00;start_type=ATG;rbs_motif=None;rbs_spacer=None;gc_cont=0.512
contig_86:1557951-1560842 -            964 219876at2            -            282     0.014   16.0   0.1   1   2   0.00019      0.46   11.0   0.0    46    72   683   709   675   735 0.79 contig_86_2162 # 1557951 # 1560842 # -1 # ID=7_2162;partial=00;start_type=ATG;rbs_motif=None;rbs_spacer=None;gc_cont=0.539
contig_86:1557951-1560842 -            964 219876at2            -            282     0.014   16.0   0.1   2   2     0.078   1.9e+02    2.4   0.0   114   194   782   857   773   874 0.82 contig_86_2162 # 1557951 # 1560842 # -1 # ID=7_2162;partial=00;start_type=ATG;rbs_motif=None;rbs_spacer=None;gc_cont=0.539
contig_86:2278237-2281479 -           1081 219876at2            -            282     0.014   15.9   0.0   1   2     0.014        34    4.8   0.0    48    72   422   446   412   473 0.83 contig_86_3190 # 2278237 # 2281479 # -1 # ID=7_3190;partial=00;start_type=ATG;rbs_motif=None;rbs_spacer=None;gc_cont=0.544
contig_86:2278237-2281479 -           1081 219876at2            -            282     0.014   15.9   0.0   2   2    0.0012       2.9    8.3   0.0    50    92   744   788   739   792 0.71 contig_86_3190 # 2278237 # 2281479 # -1 # ID=7_3190;partial=00;start_type=ATG;rbs_motif=None;rbs_spacer=None;gc_cont=0.544
contig_71:405034-406005   -            324 219876at2            -            282     0.027   15.0   0.1   1   2   2.6e-05     0.062   13.8   0.0    48    77    51    80    41   108 0.89 contig_71_628 # 405034 # 406005 # 1 # ID=70_628;partial=00;start_type=ATG;rbs_motif=None;rbs_spacer=None;gc_cont=0.525
contig_71:405034-406005   -            324 219876at2            -            282     0.027   15.0   0.1   2   2       2.3   5.7e+03   -2.5   0.0   210   234   214   238   158   246 0.58 contig_71_628 # 405034 # 406005 # 1 # ID=70_628;partial=00;start_type=ATG;rbs_motif=None;rbs_spacer=None;gc_cont=0.525
contig_6:142930-143268    -            113 219876at2            -            282     0.027   15.0   0.0   1   1   1.4e-05     0.034   14.7   0.0    47    77    66    96    56   108 0.82 contig_6_174 # 142930 # 143268 # 1 # ID=2_174;partial=00;start_type=ATG;rbs_motif=None;rbs_spacer=None;gc_cont=0.516
contig_81:1567898-1569763 -            622 219876at2            -            282      0.15   12.6   0.0   1   2   0.00037      0.89   10.0   0.0    50    87   307   346   302   355 0.81 contig_81_2268 # 1567898 # 1569763 # 1 # ID=9_2268;partial=00;start_type=ATG;rbs_motif=None;rbs_spacer=None;gc_cont=0.525
contig_81:1567898-1569763 -            622 219876at2            -            282      0.15   12.6   0.0   2   2      0.56   1.4e+03   -0.4   0.0   119   167   407   454   392   467 0.73 contig_81_2268 # 1567898 # 1569763 # 1 # ID=9_2268;partial=00;start_type=ATG;rbs_motif=None;rbs_spacer=None;gc_cont=0.525
contig_82:2107897-2109486 -            530 219876at2            -            282      0.15   12.5   0.0   1   1   0.00011      0.27   11.7   0.0    50    76   271   297   263   308 0.87 contig_82_2945 # 2107897 # 2109486 # -1 # ID=62_2945;partial=00;start_type=GTG;rbs_motif=None;rbs_spacer=None;gc_cont=0.519
contig_2:406470-406751    -             94 219876at2            -            282      0.23   12.0   0.0   1   1   9.9e-05      0.24   11.9   0.0    38    69     8    39     2    86 0.70 contig_2_594 # 406470 # 406751 # 1 # ID=65_594;partial=00;start_type=ATG;rbs_motif=None;rbs_spacer=None;gc_cont=0.475
contig_5:462730-463482    -            251 219876at2            -            282      0.23   11.9   0.0   1   1   0.00016      0.38   11.3   0.0    41    69   129   155   107   163 0.79 contig_5_642 # 462730 # 463482 # 1 # ID=24_642;partial=00;start_type=ATG;rbs_motif=None;rbs_spacer=None;gc_cont=0.490
contig_86:2014552-2016498 -            649 219876at2            -            282      0.43   11.1   0.0   1   2    0.0022       5.2    7.5   0.0    40    71   277   308   266   317 0.85 contig_86_2816 # 2014552 # 2016498 # -1 # ID=7_2816;partial=00;start_type=ATG;rbs_motif=None;rbs_spacer=None;gc_cont=0.528
contig_86:2014552-2016498 -            649 219876at2            -            282      0.43   11.1   0.0   2   2       0.2   4.8e+02    1.0   0.0   123   159   428   464   405   470 0.83 contig_86_2816 # 2014552 # 2016498 # -1 # ID=7_2816;partial=00;start_type=ATG;rbs_motif=None;rbs_spacer=None;gc_cont=0.528
contig_89:815567-819073   -           1169 219876at2            -            282      0.48   10.9   0.2   1   2       2.3   5.5e+03   -2.4   0.1   119   166   736   780   708   787 0.65 contig_89_1092 # 815567 # 819073 # -1 # ID=40_1092;partial=00;start_type=GTG;rbs_motif=None;rbs_spacer=None;gc_cont=0.553
contig_89:815567-819073   -           1169 219876at2            -            282      0.48   10.9   0.2   2   2   0.00072       1.7    9.1   0.0    50    75   920   945   911   968 0.77 contig_89_1092 # 815567 # 819073 # -1 # ID=40_1092;partial=00;start_type=GTG;rbs_motif=None;rbs_spacer=None;gc_cont=0.553
#
# Program:         hmmsearch
# Version:         3.1b2 (February 2015)
# Pipeline mode:   SEARCH
# Query file:      /opt/busco_db/bacteria_odb10/hmms/219876at2.hmm
# Target file:     flye_medaka/busco_stats/run_flye_medaka/prodigal_output/predicted_genes/predicted.faa
# Option settings: hmmsearch --domtblout flye_medaka/busco_stats/run_flye_medaka/run_bacteria_odb10/hmmer_output/219876at2.out --cpu 1 /opt/busco_db/bacteria_odb10/hmms/219876at2.hmm flye_medaka/busco_stats/run_flye_medaka/prodigal_output/predicted_genes/predicted.faa 
# Current dir:     /array1/falmeida/NF_WORK/17/da9f3cbcae0ef622d7976e52c3d2a7
# Date:            Mon Feb 26 20:42:26 2024
# [ok]
