#                                                                                 --- full sequence --- -------------- this domain -------------   hmm coord   ali coord   env coord
# target name             accession   tlen query name           accession   qlen   E-value  score  bias   #  of  c-Evalue  i-Evalue  score  bias  from    to  from    to  from    to  acc description of target
#     ------------------- ---------- ----- -------------------- ---------- ----- --------- ------ ----- --- --- --------- --------- ------ ----- ----- ----- ----- ----- ----- ----- ---- ---------------------
contig_81:685288-686529   -            414 226836at2            -            473   3.8e-49  168.3   0.0   1   2   4.2e-12   2.2e-08   33.9   0.0   215   258    16    64     1    82 0.70 contig_81_992 # 685288 # 686529 # 1 # ID=9_992;partial=00;start_type=ATG;rbs_motif=None;rbs_spacer=None;gc_cont=0.552
contig_81:685288-686529   -            414 226836at2            -            473   3.8e-49  168.3   0.0   2   2   6.1e-42   3.1e-38  132.3   0.0   331   471   196   360   184   362 0.82 contig_81_992 # 685288 # 686529 # 1 # ID=9_992;partial=00;start_type=ATG;rbs_motif=None;rbs_spacer=None;gc_cont=0.552
contig_81:684486-685262   -            259 226836at2            -            473   4.8e-47  161.4   0.1   1   1   1.8e-50   9.5e-47  160.4   0.1    10   207    25   248    19   250 0.78 contig_81_991 # 684486 # 685262 # 1 # ID=9_991;partial=00;start_type=ATG;rbs_motif=None;rbs_spacer=None;gc_cont=0.493
contig_12:1464573-1466450 -            626 226836at2            -            473   9.4e-26   91.2   0.1   1   3   3.8e-13     2e-09   37.4   0.0   161   225    10    79     4    90 0.83 contig_12_2074 # 1464573 # 1466450 # 1 # ID=15_2074;partial=00;start_type=GTG;rbs_motif=None;rbs_spacer=None;gc_cont=0.567
contig_12:1464573-1466450 -            626 226836at2            -            473   9.4e-26   91.2   0.1   2   3     3e-17   1.5e-13   50.9   0.0   354   449   171   263   142   271 0.85 contig_12_2074 # 1464573 # 1466450 # 1 # ID=15_2074;partial=00;start_type=GTG;rbs_motif=None;rbs_spacer=None;gc_cont=0.567
contig_12:1464573-1466450 -            626 226836at2            -            473   9.4e-26   91.2   0.1   3   3      0.52   2.7e+03   -2.6   0.0   374   428   561   615   555   622 0.70 contig_12_2074 # 1464573 # 1466450 # 1 # ID=15_2074;partial=00;start_type=GTG;rbs_motif=None;rbs_spacer=None;gc_cont=0.567
contig_6:396784-398145    -            454 226836at2            -            473   1.8e-24   87.0   0.2   1   2     9e-16   4.7e-12   46.0   0.1    97   224    75   214    71   227 0.80 contig_6_547 # 396784 # 398145 # 1 # ID=2_547;partial=00;start_type=GTG;rbs_motif=None;rbs_spacer=None;gc_cont=0.562
contig_6:396784-398145    -            454 226836at2            -            473   1.8e-24   87.0   0.2   2   2   1.3e-13   6.9e-10   38.9   0.0   411   454   383   426   362   440 0.84 contig_6_547 # 396784 # 398145 # 1 # ID=2_547;partial=00;start_type=GTG;rbs_motif=None;rbs_spacer=None;gc_cont=0.562
contig_12:929912-931123   -            404 226836at2            -            473   5.2e-14   52.5   0.0   1   2   2.5e-08   0.00013   21.5   0.0   111   198    26   119    15   133 0.76 contig_12_1318 # 929912 # 931123 # 1 # ID=15_1318;partial=00;start_type=GTG;rbs_motif=None;rbs_spacer=None;gc_cont=0.531
contig_12:929912-931123   -            404 226836at2            -            473   5.2e-14   52.5   0.0   2   2   1.7e-10   8.7e-07   28.6   0.0   353   449   273   372   252   383 0.79 contig_12_1318 # 929912 # 931123 # 1 # ID=15_1318;partial=00;start_type=GTG;rbs_motif=None;rbs_spacer=None;gc_cont=0.531
contig_68:46568-48028     -            487 226836at2            -            473   3.2e-13   49.9   0.0   1   3   2.4e-07    0.0012   18.3   0.0   119   231   110   235    87   242 0.78 contig_68_49 # 46568 # 48028 # 1 # ID=81_49;partial=00;start_type=ATG;rbs_motif=None;rbs_spacer=None;gc_cont=0.575
contig_68:46568-48028     -            487 226836at2            -            473   3.2e-13   49.9   0.0   2   3       0.1   5.4e+02   -0.3   0.0   366   387   365   387   310   403 0.80 contig_68_49 # 46568 # 48028 # 1 # ID=81_49;partial=00;start_type=ATG;rbs_motif=None;rbs_spacer=None;gc_cont=0.575
contig_68:46568-48028     -            487 226836at2            -            473   3.2e-13   49.9   0.0   3   3   3.3e-10   1.7e-06   27.7   0.0   416   450   445   479   432   486 0.91 contig_68_49 # 46568 # 48028 # 1 # ID=81_49;partial=00;start_type=ATG;rbs_motif=None;rbs_spacer=None;gc_cont=0.575
contig_1:660477-661475    -            333 226836at2            -            473   5.8e-11   42.4   0.0   1   2   7.3e-05      0.38   10.1   0.1    11    76    93   164    83   196 0.72 contig_1_982 # 660477 # 661475 # 1 # ID=20_982;partial=00;start_type=ATG;rbs_motif=None;rbs_spacer=None;gc_cont=0.554
contig_1:660477-661475    -            333 226836at2            -            473   5.8e-11   42.4   0.0   2   2   5.6e-11   2.9e-07   30.2   0.0    99   197   223   327   219   331 0.74 contig_1_982 # 660477 # 661475 # 1 # ID=20_982;partial=00;start_type=ATG;rbs_motif=None;rbs_spacer=None;gc_cont=0.554
contig_1:1572085-1573554  -            490 226836at2            -            473   7.1e-11   42.1   1.0   1   3   6.3e-12   3.2e-08   33.4   0.1     8   223   101   339    96   353 0.73 contig_1_2295 # 1572085 # 1573554 # -1 # ID=20_2295;partial=00;start_type=ATG;rbs_motif=None;rbs_spacer=None;gc_cont=0.583
contig_1:1572085-1573554  -            490 226836at2            -            473   7.1e-11   42.1   1.0   2   3       1.4   7.4e+03   -4.1   0.0   226   238   368   380   367   383 0.86 contig_1_2295 # 1572085 # 1573554 # -1 # ID=20_2295;partial=00;start_type=ATG;rbs_motif=None;rbs_spacer=None;gc_cont=0.583
contig_1:1572085-1573554  -            490 226836at2            -            473   7.1e-11   42.1   1.0   3   3    0.0026        13    5.0   0.0   335   400   409   477   397   481 0.82 contig_1_2295 # 1572085 # 1573554 # -1 # ID=20_2295;partial=00;start_type=ATG;rbs_motif=None;rbs_spacer=None;gc_cont=0.583
#
# Program:         hmmsearch
# Version:         3.1b2 (February 2015)
# Pipeline mode:   SEARCH
# Query file:      /opt/busco_db/bacteria_odb10/hmms/226836at2.hmm
# Target file:     flye_medaka/busco_stats/run_flye_medaka/prodigal_output/predicted_genes/predicted.faa
# Option settings: hmmsearch --domtblout flye_medaka/busco_stats/run_flye_medaka/run_bacteria_odb10/hmmer_output/226836at2.out --cpu 1 /opt/busco_db/bacteria_odb10/hmms/226836at2.hmm flye_medaka/busco_stats/run_flye_medaka/prodigal_output/predicted_genes/predicted.faa 
# Current dir:     /array1/falmeida/NF_WORK/17/da9f3cbcae0ef622d7976e52c3d2a7
# Date:            Mon Feb 26 20:42:27 2024
# [ok]
