#                                                                                --- full sequence --- -------------- this domain -------------   hmm coord   ali coord   env coord
# target name            accession   tlen query name           accession   qlen   E-value  score  bias   #  of  c-Evalue  i-Evalue  score  bias  from    to  from    to  from    to  acc description of target
#    ------------------- ---------- ----- -------------------- ---------- ----- --------- ------ ----- --- --- --------- --------- ------ ----- ----- ----- ----- ----- ----- ----- ---- ---------------------
contig_5:1676249-1681246 -           1666 4421at2              -           1179   1.2e-81  276.1  12.8   1   4   5.8e-55     6e-51  174.5   0.2   209   493   110   424    99   437 0.83 contig_5_2408 # 1676249 # 1681246 # 1 # ID=24_2408;partial=00;start_type=ATG;rbs_motif=None;rbs_spacer=None;gc_cont=0.525
contig_5:1676249-1681246 -           1666 4421at2              -           1179   1.2e-81  276.1  12.8   2   4   1.7e-14   1.7e-10   40.5   1.1   570   734   562   744   537   761 0.77 contig_5_2408 # 1676249 # 1681246 # 1 # ID=24_2408;partial=00;start_type=ATG;rbs_motif=None;rbs_spacer=None;gc_cont=0.525
contig_5:1676249-1681246 -           1666 4421at2              -           1179   1.2e-81  276.1  12.8   3   4   1.5e-14   1.5e-10   40.7   0.7   811   936   948  1125   941  1279 0.45 contig_5_2408 # 1676249 # 1681246 # 1 # ID=24_2408;partial=00;start_type=ATG;rbs_motif=None;rbs_spacer=None;gc_cont=0.525
contig_5:1676249-1681246 -           1666 4421at2              -           1179   1.2e-81  276.1  12.8   4   4   3.3e-08   0.00034   19.6   0.0  1135  1176  1294  1336  1273  1339 0.84 contig_5_2408 # 1676249 # 1681246 # 1 # ID=24_2408;partial=00;start_type=ATG;rbs_motif=None;rbs_spacer=None;gc_cont=0.525
contig_11:250199-254800  -           1534 4421at2              -           1179   8.5e-74  250.2  20.1   1   4   5.3e-45   5.4e-41  141.5   2.8    68   494    34   529    27   543 0.63 contig_11_345 # 250199 # 254800 # -1 # ID=38_345;partial=00;start_type=GTG;rbs_motif=None;rbs_spacer=None;gc_cont=0.495
contig_11:250199-254800  -           1534 4421at2              -           1179   8.5e-74  250.2  20.1   2   4   7.5e-15   7.7e-11   41.6   0.1   554   737   650   863   632   883 0.75 contig_11_345 # 250199 # 254800 # -1 # ID=38_345;partial=00;start_type=GTG;rbs_motif=None;rbs_spacer=None;gc_cont=0.495
contig_11:250199-254800  -           1534 4421at2              -           1179   8.5e-74  250.2  20.1   3   4     3e-16   3.1e-12   46.3   2.6   809  1078  1019  1300   999  1305 0.56 contig_11_345 # 250199 # 254800 # -1 # ID=38_345;partial=00;start_type=GTG;rbs_motif=None;rbs_spacer=None;gc_cont=0.495
contig_11:250199-254800  -           1534 4421at2              -           1179   8.5e-74  250.2  20.1   4   4   4.2e-09   4.3e-05   22.6   0.1  1110  1177  1295  1364  1276  1366 0.85 contig_11_345 # 250199 # 254800 # -1 # ID=38_345;partial=00;start_type=GTG;rbs_motif=None;rbs_spacer=None;gc_cont=0.495
contig_5:1461347-1464172 -            942 4421at2              -           1179     8e-36  124.4   0.1   1   3     7e-14   7.3e-10   38.4   0.0   278   358   188   266   185   280 0.86 contig_5_2092 # 1461347 # 1464172 # 1 # ID=24_2092;partial=00;start_type=ATG;rbs_motif=None;rbs_spacer=None;gc_cont=0.495
contig_5:1461347-1464172 -            942 4421at2              -           1179     8e-36  124.4   0.1   2   3   4.9e-21     5e-17   62.1   0.0   391   493   339   443   328   493 0.88 contig_5_2092 # 1461347 # 1464172 # 1 # ID=24_2092;partial=00;start_type=ATG;rbs_motif=None;rbs_spacer=None;gc_cont=0.495
contig_5:1461347-1464172 -            942 4421at2              -           1179     8e-36  124.4   0.1   3   3     3e-08   0.00031   19.8   0.0   683   723   743   783   730   795 0.92 contig_5_2092 # 1461347 # 1464172 # 1 # ID=24_2092;partial=00;start_type=ATG;rbs_motif=None;rbs_spacer=None;gc_cont=0.495
contig_5:1464192-1465883 -            564 4421at2              -           1179   7.1e-14   51.7   0.7   1   2   4.4e-15   4.6e-11   42.4   0.1   810   907     8   101     2   166 0.63 contig_5_2093 # 1464192 # 1465883 # 1 # ID=24_2093;partial=00;start_type=ATG;rbs_motif=None;rbs_spacer=None;gc_cont=0.523
contig_5:1464192-1465883 -            564 4421at2              -           1179   7.1e-14   51.7   0.7   2   2   0.00017       1.7    7.4   0.0  1033  1079   383   429   371   455 0.89 contig_5_2093 # 1464192 # 1465883 # 1 # ID=24_2093;partial=00;start_type=ATG;rbs_motif=None;rbs_spacer=None;gc_cont=0.523
#
# Program:         hmmsearch
# Version:         3.1b2 (February 2015)
# Pipeline mode:   SEARCH
# Query file:      /opt/busco_db/bacteria_odb10/hmms/4421at2.hmm
# Target file:     flye_medaka/busco_stats/run_flye_medaka/prodigal_output/predicted_genes/predicted.faa
# Option settings: hmmsearch --domtblout flye_medaka/busco_stats/run_flye_medaka/run_bacteria_odb10/hmmer_output/4421at2.out --cpu 1 /opt/busco_db/bacteria_odb10/hmms/4421at2.hmm flye_medaka/busco_stats/run_flye_medaka/prodigal_output/predicted_genes/predicted.faa 
# Current dir:     /array1/falmeida/NF_WORK/17/da9f3cbcae0ef622d7976e52c3d2a7
# Date:            Mon Feb 26 20:42:29 2024
# [ok]
