#                                                                                 --- full sequence --- -------------- this domain -------------   hmm coord   ali coord   env coord
# target name             accession   tlen query name           accession   qlen   E-value  score  bias   #  of  c-Evalue  i-Evalue  score  bias  from    to  from    to  from    to  acc description of target
#     ------------------- ---------- ----- -------------------- ---------- ----- --------- ------ ----- --- --- --------- --------- ------ ----- ----- ----- ----- ----- ----- ----- ---- ---------------------
contig_1:946049-947701    -            551 469058at2            -            299   3.2e-47  162.3   0.1   1   2   6.6e-19     9e-15   55.8   0.0    84   142   215   274   128   292 0.87 contig_1_1388 # 946049 # 947701 # 1 # ID=20_1388;partial=00;start_type=ATG;rbs_motif=None;rbs_spacer=None;gc_cont=0.539
contig_1:946049-947701    -            551 469058at2            -            299   3.2e-47  162.3   0.1   2   2   9.6e-34   1.3e-29  104.5   0.0   140   280   342   489   336   505 0.88 contig_1_1388 # 946049 # 947701 # 1 # ID=20_1388;partial=00;start_type=ATG;rbs_motif=None;rbs_spacer=None;gc_cont=0.539
contig_86:1530162-1531862 -            567 469058at2            -            299   7.6e-40  138.1   0.3   1   3     0.077   1.1e+03   -0.3   0.0   160   197    72   110    59   120 0.73 contig_86_2133 # 1530162 # 1531862 # -1 # ID=7_2133;partial=00;start_type=ATG;rbs_motif=None;rbs_spacer=None;gc_cont=0.598
contig_86:1530162-1531862 -            567 469058at2            -            299   7.6e-40  138.1   0.3   2   3   3.3e-20   4.5e-16   60.0   0.1    87   205   105   238   100   249 0.81 contig_86_2133 # 1530162 # 1531862 # -1 # ID=7_2133;partial=00;start_type=ATG;rbs_motif=None;rbs_spacer=None;gc_cont=0.598
contig_86:1530162-1531862 -            567 469058at2            -            299   7.6e-40  138.1   0.3   3   3   1.1e-24   1.6e-20   74.7   0.0   214   297   317   400   277   401 0.90 contig_86_2133 # 1530162 # 1531862 # -1 # ID=7_2133;partial=00;start_type=ATG;rbs_motif=None;rbs_spacer=None;gc_cont=0.598
contig_6:396784-398145    -            454 469058at2            -            299      0.11   12.8   0.0   1   2    0.0003       4.1    7.6   0.0   162   189   167   194   160   225 0.83 contig_6_547 # 396784 # 398145 # 1 # ID=2_547;partial=00;start_type=GTG;rbs_motif=None;rbs_spacer=None;gc_cont=0.562
contig_6:396784-398145    -            454 469058at2            -            299      0.11   12.8   0.0   2   2      0.01   1.4e+02    2.6   0.0   268   282   397   411   393   426 0.78 contig_6_547 # 396784 # 398145 # 1 # ID=2_547;partial=00;start_type=GTG;rbs_motif=None;rbs_spacer=None;gc_cont=0.562
#
# Program:         hmmsearch
# Version:         3.1b2 (February 2015)
# Pipeline mode:   SEARCH
# Query file:      /opt/busco_db/bacteria_odb10/hmms/469058at2.hmm
# Target file:     flye_medaka/busco_stats/run_flye_medaka/prodigal_output/predicted_genes/predicted.faa
# Option settings: hmmsearch --domtblout flye_medaka/busco_stats/run_flye_medaka/run_bacteria_odb10/hmmer_output/469058at2.out --cpu 1 /opt/busco_db/bacteria_odb10/hmms/469058at2.hmm flye_medaka/busco_stats/run_flye_medaka/prodigal_output/predicted_genes/predicted.faa 
# Current dir:     /array1/falmeida/NF_WORK/17/da9f3cbcae0ef622d7976e52c3d2a7
# Date:            Mon Feb 26 20:42:29 2024
# [ok]
