#                                                                                 --- full sequence --- -------------- this domain -------------   hmm coord   ali coord   env coord
# target name             accession   tlen query name           accession   qlen   E-value  score  bias   #  of  c-Evalue  i-Evalue  score  bias  from    to  from    to  from    to  acc description of target
#     ------------------- ---------- ----- -------------------- ---------- ----- --------- ------ ----- --- --- --------- --------- ------ ----- ----- ----- ----- ----- ----- ----- ---- ---------------------
contig_5:563813-565534    -            574 665824at2            -            547   7.4e-64  217.7   0.0   1   1   8.6e-67     5e-63  214.9   0.0   157   544     1   439     1   442 0.79 contig_5_792 # 563813 # 565534 # -1 # ID=24_792;partial=00;start_type=ATG;rbs_motif=None;rbs_spacer=None;gc_cont=0.521
contig_86:640138-641415   -            426 665824at2            -            547   6.7e-60  204.6   0.1   1   2   1.8e-25   1.1e-21   78.5   0.3   117   190     4    76     1    91 0.88 contig_86_861 # 640138 # 641415 # 1 # ID=7_861;partial=00;start_type=ATG;rbs_motif=None;rbs_spacer=None;gc_cont=0.556
contig_86:640138-641415   -            426 665824at2            -            547   6.7e-60  204.6   0.1   2   2   3.1e-39   1.8e-35  124.0   0.0   381   544   106   288    97   297 0.84 contig_86_861 # 640138 # 641415 # 1 # ID=7_861;partial=00;start_type=ATG;rbs_motif=None;rbs_spacer=None;gc_cont=0.556
contig_82:2455569-2457326 -            586 665824at2            -            547   3.1e-09   37.3   0.0   1   3   4.3e-06     0.026   14.5   0.0    35    94    79   139    75   160 0.92 contig_82_3465 # 2455569 # 2457326 # 1 # ID=62_3465;partial=00;start_type=ATG;rbs_motif=None;rbs_spacer=None;gc_cont=0.544
contig_82:2455569-2457326 -            586 665824at2            -            547   3.1e-09   37.3   0.0   2   3   1.3e-07   0.00077   19.5   0.0   128   159   283   314   280   335 0.87 contig_82_3465 # 2455569 # 2457326 # 1 # ID=62_3465;partial=00;start_type=ATG;rbs_motif=None;rbs_spacer=None;gc_cont=0.544
contig_82:2455569-2457326 -            586 665824at2            -            547   3.1e-09   37.3   0.0   3   3      0.89   5.2e+03   -3.0   0.0   369   391   345   367   322   369 0.72 contig_82_3465 # 2455569 # 2457326 # 1 # ID=62_3465;partial=00;start_type=ATG;rbs_motif=None;rbs_spacer=None;gc_cont=0.544
contig_82:2457432-2457722 -             97 665824at2            -            547   4.9e-06   26.8   0.1   1   1   9.1e-10   5.4e-06   26.7   0.1   473   543     2    74     1    83 0.85 contig_82_3466 # 2457432 # 2457722 # 1 # ID=62_3466;partial=00;start_type=ATG;rbs_motif=None;rbs_spacer=None;gc_cont=0.529
contig_5:2101971-2103179  -            403 665824at2            -            547   7.5e-05   22.9   0.0   1   2   3.9e-05      0.23   11.4   0.0   102   165    21    85     2   109 0.86 contig_5_3029 # 2101971 # 2103179 # 1 # ID=24_3029;partial=00;start_type=ATG;rbs_motif=None;rbs_spacer=None;gc_cont=0.562
contig_5:2101971-2103179  -            403 665824at2            -            547   7.5e-05   22.9   0.0   2   2   0.00016      0.94    9.4   0.0   416   478   216   273   208   362 0.74 contig_5_3029 # 2101971 # 2103179 # 1 # ID=24_3029;partial=00;start_type=ATG;rbs_motif=None;rbs_spacer=None;gc_cont=0.562
contig_81:2124279-2125070 -            264 665824at2            -            547     0.024   14.6   0.0   1   1   5.5e-06     0.032   14.2   0.0   425   489   154   212   138   223 0.82 contig_81_3097 # 2124279 # 2125070 # 1 # ID=9_3097;partial=00;start_type=TTG;rbs_motif=None;rbs_spacer=None;gc_cont=0.501
contig_82:2571415-2572182 -            256 665824at2            -            547      0.03   14.3   0.1   1   1     7e-06     0.041   13.8   0.1    70   131   142   205   131   209 0.89 contig_82_3640 # 2571415 # 2572182 # -1 # ID=62_3640;partial=00;start_type=ATG;rbs_motif=None;rbs_spacer=None;gc_cont=0.471
#
# Program:         hmmsearch
# Version:         3.1b2 (February 2015)
# Pipeline mode:   SEARCH
# Query file:      /opt/busco_db/bacteria_odb10/hmms/665824at2.hmm
# Target file:     flye_medaka/busco_stats/run_flye_medaka/prodigal_output/predicted_genes/predicted.faa
# Option settings: hmmsearch --domtblout flye_medaka/busco_stats/run_flye_medaka/run_bacteria_odb10/hmmer_output/665824at2.out --cpu 1 /opt/busco_db/bacteria_odb10/hmms/665824at2.hmm flye_medaka/busco_stats/run_flye_medaka/prodigal_output/predicted_genes/predicted.faa 
# Current dir:     /array1/falmeida/NF_WORK/17/da9f3cbcae0ef622d7976e52c3d2a7
# Date:            Mon Feb 26 20:42:30 2024
# [ok]
