#                                                                                 --- full sequence --- -------------- this domain -------------   hmm coord   ali coord   env coord
# target name             accession   tlen query name           accession   qlen   E-value  score  bias   #  of  c-Evalue  i-Evalue  score  bias  from    to  from    to  from    to  acc description of target
#     ------------------- ---------- ----- -------------------- ---------- ----- --------- ------ ----- --- --- --------- --------- ------ ----- ----- ----- ----- ----- ----- ----- ---- ---------------------
contig_86:332861-334291   -            477 874197at2            -            274   4.3e-15   56.8   0.0   1   2   2.4e-09   2.3e-06   28.1   0.0    37    98    95   164    88   217 0.83 contig_86_471 # 332861 # 334291 # -1 # ID=7_471;partial=00;start_type=GTG;rbs_motif=None;rbs_spacer=None;gc_cont=0.549
contig_86:332861-334291   -            477 874197at2            -            274   4.3e-15   56.8   0.0   2   2     9e-09   8.6e-06   26.3   0.0    36    83   368   421   360   441 0.72 contig_86_471 # 332861 # 334291 # -1 # ID=7_471;partial=00;start_type=GTG;rbs_motif=None;rbs_spacer=None;gc_cont=0.549
contig_5:151245-153278    -            678 874197at2            -            274   5.4e-14   53.2   0.0   1   2   1.5e-09   1.5e-06   28.8   0.0    35   149   147   272   138   288 0.74 contig_5_213 # 151245 # 153278 # -1 # ID=24_213;partial=00;start_type=ATG;rbs_motif=None;rbs_spacer=None;gc_cont=0.532
contig_5:151245-153278    -            678 874197at2            -            274   5.4e-14   53.2   0.0   2   2   1.8e-07   0.00017   22.0   0.0    35    71   451   487   424   523 0.89 contig_5_213 # 151245 # 153278 # -1 # ID=24_213;partial=00;start_type=ATG;rbs_motif=None;rbs_spacer=None;gc_cont=0.532
contig_86:1748607-1754525 -           1973 874197at2            -            274     1e-13   52.3   2.0   1   5     0.016        15    5.8   0.1    36    61   343   368   333   391 0.80 contig_86_2432 # 1748607 # 1754525 # -1 # ID=7_2432;partial=00;start_type=ATG;rbs_motif=None;rbs_spacer=None;gc_cont=0.500
contig_86:1748607-1754525 -           1973 874197at2            -            274     1e-13   52.3   2.0   2   5     2e-05     0.019   15.3   0.0    18   104   662   748   654   776 0.78 contig_86_2432 # 1748607 # 1754525 # -1 # ID=7_2432;partial=00;start_type=ATG;rbs_motif=None;rbs_spacer=None;gc_cont=0.500
contig_86:1748607-1754525 -           1973 874197at2            -            274     1e-13   52.3   2.0   3   5      0.11     1e+02    3.1   0.0    11    62  1093  1141  1084  1157 0.81 contig_86_2432 # 1748607 # 1754525 # -1 # ID=7_2432;partial=00;start_type=ATG;rbs_motif=None;rbs_spacer=None;gc_cont=0.500
contig_86:1748607-1754525 -           1973 874197at2            -            274     1e-13   52.3   2.0   4   5    0.0012       1.1    9.5   0.0    33    79  1402  1448  1374  1459 0.79 contig_86_2432 # 1748607 # 1754525 # -1 # ID=7_2432;partial=00;start_type=ATG;rbs_motif=None;rbs_spacer=None;gc_cont=0.500
contig_86:1748607-1754525 -           1973 874197at2            -            274     1e-13   52.3   2.0   5   5   0.00017      0.16   12.2   0.0    37    64  1785  1812  1771  1828 0.83 contig_86_2432 # 1748607 # 1754525 # -1 # ID=7_2432;partial=00;start_type=ATG;rbs_motif=None;rbs_spacer=None;gc_cont=0.500
contig_81:1567898-1569763 -            622 874197at2            -            274   8.5e-07   29.6   0.0   1   1   1.3e-08   1.3e-05   25.7   0.0    35   228   304   510   269   515 0.66 contig_81_2268 # 1567898 # 1569763 # 1 # ID=9_2268;partial=00;start_type=ATG;rbs_motif=None;rbs_spacer=None;gc_cont=0.525
contig_81:1450601-1453063 -            821 874197at2            -            274   1.3e-06   29.0   0.0   1   2   3.2e-09   3.1e-06   27.7   0.0    32   100   449   523   421   553 0.80 contig_81_2112 # 1450601 # 1453063 # -1 # ID=9_2112;partial=00;start_type=ATG;rbs_motif=None;rbs_spacer=None;gc_cont=0.508
contig_81:1450601-1453063 -            821 874197at2            -            274   1.3e-06   29.0   0.0   2   2       4.5   4.3e+03   -2.3   0.0   130   141   537   548   522   580 0.76 contig_81_2112 # 1450601 # 1453063 # -1 # ID=9_2112;partial=00;start_type=ATG;rbs_motif=None;rbs_spacer=None;gc_cont=0.508
contig_11:772414-774243   -            610 874197at2            -            274   1.6e-06   28.7   0.1   1   2   3.7e-05     0.035   14.4   0.0    35    61   117   143   110   161 0.80 contig_11_1065 # 772414 # 774243 # -1 # ID=38_1065;partial=00;start_type=ATG;rbs_motif=None;rbs_spacer=None;gc_cont=0.512
contig_11:772414-774243   -            610 874197at2            -            274   1.6e-06   28.7   0.1   2   2   0.00023      0.22   11.8   0.0    23   100   386   473   374   556 0.70 contig_11_1065 # 772414 # 774243 # -1 # ID=38_1065;partial=00;start_type=ATG;rbs_motif=None;rbs_spacer=None;gc_cont=0.512
contig_71:591713-592303   -            197 874197at2            -            274   3.8e-06   27.4   0.0   1   1   6.3e-09     6e-06   26.8   0.0    36    97    59   128    48   145 0.76 contig_71_899 # 591713 # 592303 # -1 # ID=70_899;partial=00;start_type=ATG;rbs_motif=None;rbs_spacer=None;gc_cont=0.513
contig_6:142930-143268    -            113 874197at2            -            274   4.3e-06   27.3   0.0   1   1   5.1e-09   4.9e-06   27.1   0.0    36    72    67   106    42   109 0.86 contig_6_174 # 142930 # 143268 # 1 # ID=2_174;partial=00;start_type=ATG;rbs_motif=None;rbs_spacer=None;gc_cont=0.516
contig_71:405034-406005   -            324 874197at2            -            274   5.6e-06   26.9   0.0   1   1   8.5e-09   8.1e-06   26.4   0.0    34    97    49   120    36   179 0.76 contig_71_628 # 405034 # 406005 # 1 # ID=70_628;partial=00;start_type=ATG;rbs_motif=None;rbs_spacer=None;gc_cont=0.525
contig_6:1785448-1787964  -            839 874197at2            -            274   7.2e-06   26.5   0.0   1   1   1.3e-08   1.2e-05   25.8   0.0    33    98   466   539   462   544 0.75 contig_6_2474 # 1785448 # 1787964 # 1 # ID=2_2474;partial=00;start_type=GTG;rbs_motif=None;rbs_spacer=None;gc_cont=0.559
contig_86:2278237-2281479 -           1081 874197at2            -            274   2.5e-05   24.7   0.0   1   2     0.036        35    4.6   0.0    34    60   420   446   406   459 0.84 contig_86_3190 # 2278237 # 2281479 # -1 # ID=7_3190;partial=00;start_type=ATG;rbs_motif=None;rbs_spacer=None;gc_cont=0.544
contig_86:2278237-2281479 -           1081 874197at2            -            274   2.5e-05   24.7   0.0   2   2   4.9e-06    0.0047   17.3   0.0    38    71   744   777   738   813 0.85 contig_86_3190 # 2278237 # 2281479 # -1 # ID=7_3190;partial=00;start_type=ATG;rbs_motif=None;rbs_spacer=None;gc_cont=0.544
contig_71:635282-637801   -            840 874197at2            -            274   2.8e-05   24.6   0.0   1   3       3.4   3.3e+03   -1.9   0.0    30    68    98   136    77   140 0.75 contig_71_957 # 635282 # 637801 # -1 # ID=70_957;partial=00;start_type=ATG;rbs_motif=None;rbs_spacer=None;gc_cont=0.483
contig_71:635282-637801   -            840 874197at2            -            274   2.8e-05   24.6   0.0   2   3     0.038        37    4.5   0.0    34    58   302   327   290   355 0.79 contig_71_957 # 635282 # 637801 # -1 # ID=70_957;partial=00;start_type=ATG;rbs_motif=None;rbs_spacer=None;gc_cont=0.483
contig_71:635282-637801   -            840 874197at2            -            274   2.8e-05   24.6   0.0   3   3   9.1e-06    0.0087   16.4   0.0    33    97   601   673   590   678 0.73 contig_71_957 # 635282 # 637801 # -1 # ID=70_957;partial=00;start_type=ATG;rbs_motif=None;rbs_spacer=None;gc_cont=0.483
contig_86:1557951-1560842 -            964 874197at2            -            274   3.2e-05   24.4   0.0   1   1   7.5e-08   7.2e-05   23.2   0.0    37    94   686   751   677   757 0.70 contig_86_2162 # 1557951 # 1560842 # -1 # ID=7_2162;partial=00;start_type=ATG;rbs_motif=None;rbs_spacer=None;gc_cont=0.539
contig_11:1084569-1085819 -            417 874197at2            -            274     4e-05   24.1   0.0   1   1   6.5e-08   6.2e-05   23.5   0.0    32   100    78   154    56   225 0.73 contig_11_1496 # 1084569 # 1085819 # -1 # ID=38_1496;partial=00;start_type=ATG;rbs_motif=None;rbs_spacer=None;gc_cont=0.492
contig_81:1326419-1326697 -             93 874197at2            -            274   5.6e-05   23.6   0.0   1   1   5.8e-08   5.6e-05   23.6   0.0    23    63     9    49     2    82 0.87 contig_81_1951 # 1326419 # 1326697 # -1 # ID=9_1951;partial=00;start_type=ATG;rbs_motif=None;rbs_spacer=None;gc_cont=0.527
contig_82:831251-833257   -            669 874197at2            -            274   6.5e-05   23.4   0.0   1   2   5.4e-07   0.00052   20.4   0.0    28    71   236   279   218   291 0.78 contig_82_1142 # 831251 # 833257 # 1 # ID=62_1142;partial=00;start_type=GTG;rbs_motif=None;rbs_spacer=None;gc_cont=0.521
contig_82:831251-833257   -            669 874197at2            -            274   6.5e-05   23.4   0.0   2   2      0.97   9.3e+02   -0.1   0.0   123   155   353   385   337   401 0.85 contig_82_1142 # 831251 # 833257 # 1 # ID=62_1142;partial=00;start_type=GTG;rbs_motif=None;rbs_spacer=None;gc_cont=0.521
contig_89:815567-819073   -           1169 874197at2            -            274   8.3e-05   23.0   0.0   1   1   1.8e-07   0.00017   22.0   0.0    36    71   918   953   895   986 0.88 contig_89_1092 # 815567 # 819073 # -1 # ID=40_1092;partial=00;start_type=GTG;rbs_motif=None;rbs_spacer=None;gc_cont=0.553
contig_87:554046-556622   -            859 874197at2            -            274   0.00014   22.3   0.0   1   1   2.4e-07   0.00023   21.6   0.0    37    63   325   351   314   366 0.84 contig_87_813 # 554046 # 556622 # 1 # ID=50_813;partial=00;start_type=GTG;rbs_motif=None;rbs_spacer=None;gc_cont=0.520
contig_82:2107897-2109486 -            530 874197at2            -            274   0.00015   22.2   0.0   1   2       2.8   2.7e+03   -1.6   0.0   212   255   135   178   116   189 0.69 contig_82_2945 # 2107897 # 2109486 # -1 # ID=62_2945;partial=00;start_type=GTG;rbs_motif=None;rbs_spacer=None;gc_cont=0.519
contig_82:2107897-2109486 -            530 874197at2            -            274   0.00015   22.2   0.0   2   2   5.4e-07   0.00052   20.4   0.0    36    96   269   337   259   344 0.71 contig_82_2945 # 2107897 # 2109486 # -1 # ID=62_2945;partial=00;start_type=GTG;rbs_motif=None;rbs_spacer=None;gc_cont=0.519
contig_12:419982-420632   -            217 874197at2            -            274   0.00021   21.7   0.0   1   2   4.5e-07   0.00043   20.7   0.0    40    96     1    65     1    72 0.77 contig_12_572 # 419982 # 420632 # 1 # ID=15_572;partial=00;start_type=ATG;rbs_motif=None;rbs_spacer=None;gc_cont=0.556
contig_12:419982-420632   -            217 874197at2            -            274   0.00021   21.7   0.0   2   2       8.2   7.8e+03   -3.1   0.0   251   265   112   126   102   129 0.76 contig_12_572 # 419982 # 420632 # 1 # ID=15_572;partial=00;start_type=ATG;rbs_motif=None;rbs_spacer=None;gc_cont=0.556
contig_9:1593962-1596760  -            933 874197at2            -            274   0.00049   20.5   0.0   1   3    0.0051       4.9    7.4   0.0     8    59    75   133    71   170 0.70 contig_9_2235 # 1593962 # 1596760 # 1 # ID=63_2235;partial=00;start_type=ATG;rbs_motif=None;rbs_spacer=None;gc_cont=0.549
contig_9:1593962-1596760  -            933 874197at2            -            274   0.00049   20.5   0.0   2   3    0.0081       7.7    6.7   0.0    37    57   396   416   353   444 0.67 contig_9_2235 # 1593962 # 1596760 # 1 # ID=63_2235;partial=00;start_type=ATG;rbs_motif=None;rbs_spacer=None;gc_cont=0.549
contig_9:1593962-1596760  -            933 874197at2            -            274   0.00049   20.5   0.0   3   3      0.23   2.2e+02    2.0   0.0    83   101   725   743   661   758 0.74 contig_9_2235 # 1593962 # 1596760 # 1 # ID=63_2235;partial=00;start_type=ATG;rbs_motif=None;rbs_spacer=None;gc_cont=0.549
contig_89:747880-748734   -            285 874197at2            -            274   0.00064   20.1   0.0   1   1   1.1e-06    0.0011   19.4   0.0    38    96    63   129    57   133 0.70 contig_89_995 # 747880 # 748734 # -1 # ID=40_995;partial=00;start_type=ATG;rbs_motif=None;rbs_spacer=None;gc_cont=0.545
contig_86:1856403-1859645 -           1081 874197at2            -            274    0.0012   19.2   0.0   1   2   3.8e-06    0.0036   17.7   0.0    10    68   572   631   566   643 0.86 contig_86_2598 # 1856403 # 1859645 # 1 # ID=7_2598;partial=00;start_type=ATG;rbs_motif=None;rbs_spacer=None;gc_cont=0.527
contig_86:1856403-1859645 -           1081 874197at2            -            274    0.0012   19.2   0.0   2   2       6.9   6.6e+03   -2.9   0.0   124   155   708   739   706   764 0.75 contig_86_2598 # 1856403 # 1859645 # 1 # ID=7_2598;partial=00;start_type=ATG;rbs_motif=None;rbs_spacer=None;gc_cont=0.527
contig_2:406470-406751    -             94 874197at2            -            274    0.0013   19.2   0.1   1   1   2.4e-06    0.0023   18.3   0.0    31    58    13    40     7    52 0.83 contig_2_594 # 406470 # 406751 # 1 # ID=65_594;partial=00;start_type=ATG;rbs_motif=None;rbs_spacer=None;gc_cont=0.475
contig_40:133126-133395   -             90 874197at2            -            274    0.0013   19.1   0.0   1   1   1.4e-06    0.0014   19.0   0.0     4    59     4    55     1    70 0.82 contig_40_149 # 133126 # 133395 # 1 # ID=47_149;partial=00;start_type=GTG;rbs_motif=None;rbs_spacer=None;gc_cont=0.467
contig_1:680701-683274    -            858 874197at2            -            274    0.0023   18.3   0.0   1   1     4e-06    0.0038   17.6   0.0    36    96   438   506   397   512 0.76 contig_1_1007 # 680701 # 683274 # -1 # ID=20_1007;partial=00;start_type=ATG;rbs_motif=None;rbs_spacer=None;gc_cont=0.531
contig_86:1723212-1726499 -           1096 874197at2            -            274    0.0029   18.0   0.0   1   1   5.7e-06    0.0055   17.1   0.0    35    69   510   544   498   564 0.82 contig_86_2410 # 1723212 # 1726499 # 1 # ID=7_2410;partial=00;start_type=ATG;rbs_motif=None;rbs_spacer=None;gc_cont=0.497
contig_9:817041-821918    -           1626 874197at2            -            274    0.0046   17.3   0.0   1   1   1.3e-05     0.012   15.9   0.0    37    74   549   586   540   620 0.79 contig_9_1190 # 817041 # 821918 # 1 # ID=63_1190;partial=00;start_type=ATG;rbs_motif=None;rbs_spacer=None;gc_cont=0.543
contig_86:304901-307618   -            906 874197at2            -            274    0.0096   16.3   0.0   1   1   1.6e-05     0.016   15.6   0.0    32    83   522   573   514   584 0.74 contig_86_430 # 304901 # 307618 # 1 # ID=7_430;partial=00;start_type=ATG;rbs_motif=None;rbs_spacer=None;gc_cont=0.502
contig_87:859955-862111   -            719 874197at2            -            274     0.012   15.9   0.0   1   1   2.1e-05      0.02   15.2   0.0    39    96   444   507   408   514 0.73 contig_87_1246 # 859955 # 862111 # 1 # ID=50_1246;partial=00;start_type=ATG;rbs_motif=None;rbs_spacer=None;gc_cont=0.527
contig_87:773649-775568   -            640 874197at2            -            274     0.036   14.4   0.0   1   1   7.8e-05     0.075   13.3   0.0    18    59    70   112    66   122 0.84 contig_87_1134 # 773649 # 775568 # 1 # ID=50_1134;partial=00;start_type=ATG;rbs_motif=None;rbs_spacer=None;gc_cont=0.479
contig_87:639520-641496   -            659 874197at2            -            274     0.058   13.7   0.0   1   1   0.00013      0.12   12.6   0.0    39    96   477   540   459   558 0.73 contig_87_926 # 639520 # 641496 # -1 # ID=50_926;partial=00;start_type=ATG;rbs_motif=None;rbs_spacer=None;gc_cont=0.510
contig_11:614650-616227   -            526 874197at2            -            274     0.063   13.6   0.0   1   1    0.0001       0.1   12.9   0.0    17    65   285   337   276   369 0.70 contig_11_866 # 614650 # 616227 # 1 # ID=38_866;partial=00;start_type=ATG;rbs_motif=None;rbs_spacer=None;gc_cont=0.532
contig_9:2061532-2063001  -            490 874197at2            -            274     0.069   13.5   0.0   1   1   0.00014      0.13   12.5   0.0     8    73   355   430   351   445 0.57 contig_9_2898 # 2061532 # 2063001 # 1 # ID=63_2898;partial=00;start_type=ATG;rbs_motif=None;rbs_spacer=None;gc_cont=0.557
contig_81:1734926-1737112 -            729 874197at2            -            274      0.07   13.5   0.0   1   1   0.00017      0.16   12.2   0.0    14    57   201   246   190   272 0.74 contig_81_2498 # 1734926 # 1737112 # -1 # ID=9_2498;partial=00;start_type=ATG;rbs_motif=None;rbs_spacer=None;gc_cont=0.489
contig_12:840922-843411   -            830 874197at2            -            274      0.19   12.0   0.0   1   2       3.8   3.6e+03   -2.0   0.0   111   157   262   307   239   309 0.77 contig_12_1188 # 840922 # 843411 # 1 # ID=15_1188;partial=00;start_type=ATG;rbs_motif=None;rbs_spacer=None;gc_cont=0.529
contig_12:840922-843411   -            830 874197at2            -            274      0.19   12.0   0.0   2   2   0.00065      0.62   10.3   0.0    34    56   560   582   550   593 0.90 contig_12_1188 # 840922 # 843411 # 1 # ID=15_1188;partial=00;start_type=ATG;rbs_motif=None;rbs_spacer=None;gc_cont=0.529
contig_5:692809-695361    -            851 874197at2            -            274       0.2   12.0   0.8   1   2       0.2   1.9e+02    2.1   0.4    77    98   180   204   105   207 0.68 contig_5_993 # 692809 # 695361 # -1 # ID=24_993;partial=00;start_type=ATG;rbs_motif=None;rbs_spacer=None;gc_cont=0.516
contig_5:692809-695361    -            851 874197at2            -            274       0.2   12.0   0.8   2   2    0.0095       9.1    6.5   0.0    21    57   505   541   486   550 0.79 contig_5_993 # 692809 # 695361 # -1 # ID=24_993;partial=00;start_type=ATG;rbs_motif=None;rbs_spacer=None;gc_cont=0.516
contig_81:261214-262083   -            290 874197at2            -            274      0.22   11.8   0.0   1   1   0.00034      0.32   11.3   0.0    38    61    31    54    21    71 0.81 contig_81_365 # 261214 # 262083 # -1 # ID=9_365;partial=00;start_type=ATG;rbs_motif=None;rbs_spacer=None;gc_cont=0.498
contig_6:1228806-1229363  -            186 874197at2            -            274      0.23   11.7   0.0   1   1   0.00032      0.31   11.3   0.0    37    95    37    95    16   103 0.89 contig_6_1699 # 1228806 # 1229363 # 1 # ID=2_1699;partial=00;start_type=ATG;rbs_motif=None;rbs_spacer=None;gc_cont=0.507
contig_10:130925-132547   -            541 874197at2            -            274      0.25   11.6   0.0   1   1   0.00042      0.41   10.9   0.0    38    75   259   296   251   319 0.75 contig_10_185 # 130925 # 132547 # -1 # ID=80_185;partial=00;start_type=ATG;rbs_motif=None;rbs_spacer=None;gc_cont=0.547
contig_82:2547709-2548086 -            126 874197at2            -            274      0.25   11.6   0.0   1   1   0.00036      0.34   11.2   0.0    37    62     6    31     2    46 0.84 contig_82_3607 # 2547709 # 2548086 # 1 # ID=62_3607;partial=00;start_type=ATG;rbs_motif=None;rbs_spacer=None;gc_cont=0.474
contig_87:609267-612254   -            996 874197at2            -            274      0.28   11.5   0.1   1   2     0.013        12    6.1   0.0    31    59   413   441   400   452 0.79 contig_87_884 # 609267 # 612254 # 1 # ID=50_884;partial=00;start_type=ATG;rbs_motif=None;rbs_spacer=None;gc_cont=0.557
contig_87:609267-612254   -            996 874197at2            -            274      0.28   11.5   0.1   2   2      0.15   1.4e+02    2.6   0.0    38    59   663   684   656   702 0.84 contig_87_884 # 609267 # 612254 # 1 # ID=50_884;partial=00;start_type=ATG;rbs_motif=None;rbs_spacer=None;gc_cont=0.557
contig_86:1209149-1209493 -            115 874197at2            -            274      0.31   11.3   0.0   1   1   0.00032      0.31   11.3   0.0    41    76     1    36     1    77 0.87 contig_86_1692 # 1209149 # 1209493 # 1 # ID=7_1692;partial=00;start_type=ATG;rbs_motif=None;rbs_spacer=None;gc_cont=0.548
#
# Program:         hmmsearch
# Version:         3.1b2 (February 2015)
# Pipeline mode:   SEARCH
# Query file:      /opt/busco_db/bacteria_odb10/hmms/874197at2.hmm
# Target file:     flye_medaka/busco_stats/run_flye_medaka/prodigal_output/predicted_genes/predicted.faa
# Option settings: hmmsearch --domtblout flye_medaka/busco_stats/run_flye_medaka/run_bacteria_odb10/hmmer_output/874197at2.out --cpu 1 /opt/busco_db/bacteria_odb10/hmms/874197at2.hmm flye_medaka/busco_stats/run_flye_medaka/prodigal_output/predicted_genes/predicted.faa 
# Current dir:     /array1/falmeida/NF_WORK/17/da9f3cbcae0ef622d7976e52c3d2a7
# Date:            Mon Feb 26 20:42:31 2024
# [ok]
