#                                                                                 --- full sequence --- -------------- this domain -------------   hmm coord   ali coord   env coord
# target name             accession   tlen query name           accession   qlen   E-value  score  bias   #  of  c-Evalue  i-Evalue  score  bias  from    to  from    to  from    to  acc description of target
#     ------------------- ---------- ----- -------------------- ---------- ----- --------- ------ ----- --- --- --------- --------- ------ ----- ----- ----- ----- ----- ----- ----- ---- ---------------------
contig_40:220885-221814   -            310 932854at2            -           1620  3.2e-105  354.2   0.0   1   2   2.8e-28   1.9e-24   86.4   0.0     2    86     6    95     5   101 0.89 contig_40_261 # 220885 # 221814 # -1 # ID=47_261;partial=00;start_type=ATG;rbs_motif=None;rbs_spacer=None;gc_cont=0.531
contig_40:220885-221814   -            310 932854at2            -           1620  3.2e-105  354.2   0.0   2   2     2e-82   1.4e-78  265.9   0.0    85   259   119   296   109   297 0.98 contig_40_261 # 220885 # 221814 # -1 # ID=47_261;partial=00;start_type=ATG;rbs_motif=None;rbs_spacer=None;gc_cont=0.531
contig_40:219089-220891   -            601 932854at2            -           1620   1.3e-56  193.0   0.0   1   1   2.7e-60   1.9e-56  192.5   0.0   256   433     7   185     2   211 0.90 contig_40_260 # 219089 # 220891 # -1 # ID=47_260;partial=00;start_type=ATG;rbs_motif=None;rbs_spacer=None;gc_cont=0.572
contig_2:641977-643626    -            550 932854at2            -           1620   5.4e-14   51.8   0.0   1   2   1.5e-05       0.1   11.1   0.0   588   668   180   263   154   273 0.85 contig_2_947 # 641977 # 643626 # 1 # ID=65_947;partial=00;start_type=ATG;rbs_motif=None;rbs_spacer=None;gc_cont=0.565
contig_2:641977-643626    -            550 932854at2            -           1620   5.4e-14   51.8   0.0   2   2   8.4e-14   5.8e-10   38.4   0.0   733   908   304   503   293   509 0.80 contig_2_947 # 641977 # 643626 # 1 # ID=65_947;partial=00;start_type=ATG;rbs_motif=None;rbs_spacer=None;gc_cont=0.565
contig_89:300322-300729   -            136 932854at2            -           1620    0.0067   15.0   0.0   1   1   1.1e-06    0.0078   14.8   0.0   752   815    59   133    51   135 0.81 contig_89_340 # 300322 # 300729 # 1 # ID=40_340;partial=00;start_type=ATG;rbs_motif=None;rbs_spacer=None;gc_cont=0.554
contig_6:1400487-1406909  -           2141 932854at2            -           1620      0.01   14.4   1.3   1   2   2.3e-06     0.016   13.7   0.4    17   187   314   491   291   502 0.78 contig_6_1946 # 1400487 # 1406909 # 1 # ID=2_1946;partial=00;start_type=ATG;rbs_motif=None;rbs_spacer=None;gc_cont=0.527
contig_6:1400487-1406909  -           2141 932854at2            -           1620      0.01   14.4   1.3   2   2      0.18   1.3e+03   -2.5   0.0   266   284  1097  1115  1075  1117 0.87 contig_6_1946 # 1400487 # 1406909 # 1 # ID=2_1946;partial=00;start_type=ATG;rbs_motif=None;rbs_spacer=None;gc_cont=0.527
contig_82:1564037-1565935 -            633 932854at2            -           1620      0.34    9.4   0.0   1   1   6.5e-05      0.45    8.9   0.0   110   185     1    81     1    84 0.82 contig_82_2210 # 1564037 # 1565935 # 1 # ID=62_2210;partial=00;start_type=ATG;rbs_motif=None;rbs_spacer=None;gc_cont=0.522
#
# Program:         hmmsearch
# Version:         3.1b2 (February 2015)
# Pipeline mode:   SEARCH
# Query file:      /opt/busco_db/bacteria_odb10/hmms/932854at2.hmm
# Target file:     flye_medaka/busco_stats/run_flye_medaka/prodigal_output/predicted_genes/predicted.faa
# Option settings: hmmsearch --domtblout flye_medaka/busco_stats/run_flye_medaka/run_bacteria_odb10/hmmer_output/932854at2.out --cpu 1 /opt/busco_db/bacteria_odb10/hmms/932854at2.hmm flye_medaka/busco_stats/run_flye_medaka/prodigal_output/predicted_genes/predicted.faa 
# Current dir:     /array1/falmeida/NF_WORK/17/da9f3cbcae0ef622d7976e52c3d2a7
# Date:            Mon Feb 26 20:42:32 2024
# [ok]
