#                                                                                 --- full sequence --- -------------- this domain -------------   hmm coord   ali coord   env coord
# target name             accession   tlen query name           accession   qlen   E-value  score  bias   #  of  c-Evalue  i-Evalue  score  bias  from    to  from    to  from    to  acc description of target
#     ------------------- ---------- ----- -------------------- ---------- ----- --------- ------ ----- --- --- --------- --------- ------ ----- ----- ----- ----- ----- ----- ----- ---- ---------------------
contig_89:865022-865654   -            211 95696at2             -            490   5.6e-10   39.6   0.2   1   1   2.8e-13   6.7e-10   39.4   0.2   335   419    56   142    44   186 0.83 contig_89_1160 # 865022 # 865654 # -1 # ID=40_1160;partial=00;start_type=ATG;rbs_motif=None;rbs_spacer=None;gc_cont=0.539
contig_87:567647-569512   -            622 95696at2             -            490   7.1e-09   36.0   0.0   1   2       0.1   2.5e+02    1.2   0.0    23    54    42    73    37    78 0.89 contig_87_829 # 567647 # 569512 # 1 # ID=50_829;partial=00;start_type=GTG;rbs_motif=None;rbs_spacer=None;gc_cont=0.549
contig_87:567647-569512   -            622 95696at2             -            490   7.1e-09   36.0   0.0   2   2   4.2e-11     1e-07   32.2   0.0   336   434   234   327   220   344 0.88 contig_87_829 # 567647 # 569512 # 1 # ID=50_829;partial=00;start_type=GTG;rbs_motif=None;rbs_spacer=None;gc_cont=0.549
contig_135:17811-19130    -            440 95696at2             -            490   2.5e-08   34.2   0.1   1   2     0.065   1.6e+02    1.9   0.0    16    46   151   182   126   194 0.69 contig_135_9 # 17811 # 19130 # 1 # ID=1_9;partial=00;start_type=ATG;rbs_motif=None;rbs_spacer=None;gc_cont=0.491
contig_135:17811-19130    -            440 95696at2             -            490   2.5e-08   34.2   0.1   2   2   1.8e-10   4.3e-07   30.1   0.1   337   409   339   411   311   415 0.95 contig_135_9 # 17811 # 19130 # 1 # ID=1_9;partial=00;start_type=ATG;rbs_motif=None;rbs_spacer=None;gc_cont=0.491
contig_2:553705-554628    -            308 95696at2             -            490   3.2e-08   33.9   0.0   1   1   1.9e-11   4.5e-08   33.3   0.0   336   413   151   228   140   261 0.85 contig_2_831 # 553705 # 554628 # -1 # ID=65_831;partial=00;start_type=ATG;rbs_motif=None;rbs_spacer=None;gc_cont=0.515
contig_81:867286-869220   -            645 95696at2             -            490     7e-06   26.1   0.1   1   2       1.6   3.8e+03   -2.7   0.0    26    46   328   348   322   351 0.89 contig_81_1252 # 867286 # 869220 # 1 # ID=9_1252;partial=00;start_type=GTG;rbs_motif=None;rbs_spacer=None;gc_cont=0.581
contig_81:867286-869220   -            645 95696at2             -            490     7e-06   26.1   0.1   2   2   9.2e-09   2.2e-05   24.5   0.0   339   433   520   609   448   625 0.83 contig_81_1252 # 867286 # 869220 # 1 # ID=9_1252;partial=00;start_type=GTG;rbs_motif=None;rbs_spacer=None;gc_cont=0.581
contig_5:2122751-2124973  -            741 95696at2             -            490   1.2e-05   25.3   0.3   1   2     0.052   1.3e+02    2.2   0.0     6    48   252   306   247   314 0.61 contig_5_3066 # 2122751 # 2124973 # 1 # ID=24_3066;partial=00;start_type=ATG;rbs_motif=None;rbs_spacer=None;gc_cont=0.533
contig_5:2122751-2124973  -            741 95696at2             -            490   1.2e-05   25.3   0.3   2   2   1.3e-07   0.00031   20.7   0.1   362   443   541   620   520   649 0.81 contig_5_3066 # 2122751 # 2124973 # 1 # ID=24_3066;partial=00;start_type=ATG;rbs_motif=None;rbs_spacer=None;gc_cont=0.533
contig_1:279521-279793    -             91 95696at2             -            490     3e-05   24.0   0.1   1   1   1.4e-08   3.4e-05   23.9   0.1   340   408     2    70     1    75 0.95 contig_1_438 # 279521 # 279793 # 1 # ID=20_438;partial=00;start_type=ATG;rbs_motif=None;rbs_spacer=None;gc_cont=0.480
contig_11:1247648-1248817 -            390 95696at2             -            490   6.1e-05   23.0   0.1   1   1   3.5e-08   8.5e-05   22.5   0.1   345   456   223   332   213   354 0.78 contig_11_1727 # 1247648 # 1248817 # -1 # ID=38_1727;partial=00;start_type=GTG;rbs_motif=None;rbs_spacer=None;gc_cont=0.633
contig_1:1353864-1356272  -            803 95696at2             -            490   0.00013   21.9   0.0   1   1     9e-08   0.00022   21.2   0.0   338   463   394   519   370   535 0.74 contig_1_1985 # 1353864 # 1356272 # -1 # ID=20_1985;partial=00;start_type=ATG;rbs_motif=None;rbs_spacer=None;gc_cont=0.500
contig_89:74454-75254     -            267 95696at2             -            490   0.00028   20.8   0.0   1   2       1.8   4.4e+03   -2.9   0.0   204   235     2    32     1    38 0.79 contig_89_38 # 74454 # 75254 # -1 # ID=40_38;partial=00;start_type=ATG;rbs_motif=None;rbs_spacer=None;gc_cont=0.473
contig_89:74454-75254     -            267 95696at2             -            490   0.00028   20.8   0.0   2   2     2e-07   0.00049   20.0   0.0   336   422    43   124    25   144 0.85 contig_89_38 # 74454 # 75254 # -1 # ID=40_38;partial=00;start_type=ATG;rbs_motif=None;rbs_spacer=None;gc_cont=0.473
contig_5:358117-360681    -            855 95696at2             -            490   0.00066   19.6   0.0   1   2      0.47   1.1e+03   -1.0   0.0    20    48   368   397   339   407 0.64 contig_5_517 # 358117 # 360681 # 1 # ID=24_517;partial=00;start_type=ATG;rbs_motif=None;rbs_spacer=None;gc_cont=0.531
contig_5:358117-360681    -            855 95696at2             -            490   0.00066   19.6   0.0   2   2   1.1e-06    0.0026   17.6   0.0   334   415   549   630   540   676 0.85 contig_5_517 # 358117 # 360681 # 1 # ID=24_517;partial=00;start_type=ATG;rbs_motif=None;rbs_spacer=None;gc_cont=0.531
contig_6:1343503-1345152  -            550 95696at2             -            490    0.0018   18.2   0.0   1   2      0.57   1.4e+03   -1.2   0.1     6    45   192   239   187   241 0.63 contig_6_1865 # 1343503 # 1345152 # -1 # ID=2_1865;partial=00;start_type=ATG;rbs_motif=None;rbs_spacer=None;gc_cont=0.517
contig_6:1343503-1345152  -            550 95696at2             -            490    0.0018   18.2   0.0   2   2   2.7e-06    0.0066   16.3   0.0   339   408   434   503   425   513 0.92 contig_6_1865 # 1343503 # 1345152 # -1 # ID=2_1865;partial=00;start_type=ATG;rbs_motif=None;rbs_spacer=None;gc_cont=0.517
contig_71:99964-100689    -            242 95696at2             -            490    0.0024   17.8   0.0   1   1   1.3e-06    0.0031   17.4   0.0   377   443   114   176   103   216 0.81 contig_71_149 # 99964 # 100689 # -1 # ID=70_149;partial=00;start_type=ATG;rbs_motif=None;rbs_spacer=None;gc_cont=0.511
contig_12:1332863-1336291 -           1143 95696at2             -            490    0.0062   16.4   0.2   1   2      0.77   1.9e+03   -1.7   0.0     7    40   374   412   369   417 0.72 contig_12_1857 # 1332863 # 1336291 # -1 # ID=15_1857;partial=00;start_type=ATG;rbs_motif=None;rbs_spacer=None;gc_cont=0.507
contig_12:1332863-1336291 -           1143 95696at2             -            490    0.0062   16.4   0.2   2   2   8.8e-06     0.021   14.6   0.0   371   440   768   833   720   863 0.81 contig_12_1857 # 1332863 # 1336291 # -1 # ID=15_1857;partial=00;start_type=ATG;rbs_motif=None;rbs_spacer=None;gc_cont=0.507
contig_12:407492-409474   -            661 95696at2             -            490     0.056   13.3   0.0   1   1   4.3e-05       0.1   12.3   0.0   339   435   386   477   373   491 0.82 contig_12_551 # 407492 # 409474 # 1 # ID=15_551;partial=00;start_type=GTG;rbs_motif=None;rbs_spacer=None;gc_cont=0.483
contig_6:1324584-1327016  -            811 95696at2             -            490       0.1   12.4   0.0   1   2       2.1     5e+03   -3.1   0.0     7    45    93   141    88   142 0.61 contig_6_1836 # 1324584 # 1327016 # 1 # ID=2_1836;partial=00;start_type=ATG;rbs_motif=None;rbs_spacer=None;gc_cont=0.525
contig_6:1324584-1327016  -            811 95696at2             -            490       0.1   12.4   0.0   2   2    0.0001      0.24   11.1   0.0   360   458   317   414   252   443 0.81 contig_6_1836 # 1324584 # 1327016 # 1 # ID=2_1836;partial=00;start_type=ATG;rbs_motif=None;rbs_spacer=None;gc_cont=0.525
contig_12:368327-368857   -            177 95696at2             -            490      0.53   10.0   0.0   1   1   0.00026      0.63    9.8   0.0   350   417    39   105    35   130 0.89 contig_12_493 # 368327 # 368857 # -1 # ID=15_493;partial=00;start_type=GTG;rbs_motif=None;rbs_spacer=None;gc_cont=0.486
#
# Program:         hmmsearch
# Version:         3.1b2 (February 2015)
# Pipeline mode:   SEARCH
# Query file:      /opt/busco_db/bacteria_odb10/hmms/95696at2.hmm
# Target file:     flye_medaka/busco_stats/run_flye_medaka/prodigal_output/predicted_genes/predicted.faa
# Option settings: hmmsearch --domtblout flye_medaka/busco_stats/run_flye_medaka/run_bacteria_odb10/hmmer_output/95696at2.out --cpu 1 /opt/busco_db/bacteria_odb10/hmms/95696at2.hmm flye_medaka/busco_stats/run_flye_medaka/prodigal_output/predicted_genes/predicted.faa 
# Current dir:     /array1/falmeida/NF_WORK/17/da9f3cbcae0ef622d7976e52c3d2a7
# Date:            Mon Feb 26 20:42:32 2024
# [ok]
