#                                                                                 --- full sequence --- -------------- this domain -------------   hmm coord   ali coord   env coord
# target name             accession   tlen query name           accession   qlen   E-value  score  bias   #  of  c-Evalue  i-Evalue  score  bias  from    to  from    to  from    to  acc description of target
#     ------------------- ---------- ----- -------------------- ---------- ----- --------- ------ ----- --- --- --------- --------- ------ ----- ----- ----- ----- ----- ----- ----- ---- ---------------------
contig_88:210779-213259   -            827 9601at2              -            826   7.2e-69  233.9   0.2   1   3   1.7e-13   1.7e-09   37.5   0.0   194   327    40   188    31   195 0.70 contig_88_282 # 210779 # 213259 # -1 # ID=32_282;partial=00;start_type=ATG;rbs_motif=None;rbs_spacer=None;gc_cont=0.523
contig_88:210779-213259   -            827 9601at2              -            826   7.2e-69  233.9   0.2   2   3   2.2e-05      0.23   10.6   0.0   360   402   392   434   383   445 0.88 contig_88_282 # 210779 # 213259 # -1 # ID=32_282;partial=00;start_type=ATG;rbs_motif=None;rbs_spacer=None;gc_cont=0.523
contig_88:210779-213259   -            827 9601at2              -            826   7.2e-69  233.9   0.2   3   3   1.2e-56   1.2e-52  180.3   0.0   466   786   468   809   454   813 0.81 contig_88_282 # 210779 # 213259 # -1 # ID=32_282;partial=00;start_type=ATG;rbs_motif=None;rbs_spacer=None;gc_cont=0.523
contig_12:1500399-1503149 -            917 9601at2              -            826   1.3e-56  193.4   0.4   1   3   4.9e-09     5e-05   22.7   0.1   188   331   122   284    57   311 0.65 contig_12_2122 # 1500399 # 1503149 # 1 # ID=15_2122;partial=00;start_type=GTG;rbs_motif=None;rbs_spacer=None;gc_cont=0.512
contig_12:1500399-1503149 -            917 9601at2              -            826   1.3e-56  193.4   0.4   2   3    0.0033        34    3.4   0.0   359   406   434   481   412   488 0.88 contig_12_2122 # 1500399 # 1503149 # 1 # ID=15_2122;partial=00;start_type=GTG;rbs_motif=None;rbs_spacer=None;gc_cont=0.512
contig_12:1500399-1503149 -            917 9601at2              -            826   1.3e-56  193.4   0.4   3   3   4.8e-51   4.9e-47  161.7   0.0   466   787   511   852   503   902 0.77 contig_12_2122 # 1500399 # 1503149 # 1 # ID=15_2122;partial=00;start_type=GTG;rbs_motif=None;rbs_spacer=None;gc_cont=0.512
contig_6:602320-605478    -           1053 9601at2              -            826   3.4e-40  139.1   0.1   1   4   5.3e-05      0.55    9.4   0.0   292   326   321   355   297   381 0.89 contig_6_849 # 602320 # 605478 # 1 # ID=2_849;partial=00;start_type=ATG;rbs_motif=None;rbs_spacer=None;gc_cont=0.536
contig_6:602320-605478    -           1053 9601at2              -            826   3.4e-40  139.1   0.1   2   4    0.0036        37    3.3   0.0   361   399   492   530   463   536 0.84 contig_6_849 # 602320 # 605478 # 1 # ID=2_849;partial=00;start_type=ATG;rbs_motif=None;rbs_spacer=None;gc_cont=0.536
contig_6:602320-605478    -           1053 9601at2              -            826   3.4e-40  139.1   0.1   3   4   2.5e-19   2.6e-15   56.8   0.0   470   675   571   777   562   813 0.77 contig_6_849 # 602320 # 605478 # 1 # ID=2_849;partial=00;start_type=ATG;rbs_motif=None;rbs_spacer=None;gc_cont=0.536
contig_6:602320-605478    -           1053 9601at2              -            826   3.4e-40  139.1   0.1   4   4     4e-21   4.1e-17   62.7   0.0   701   786   850   938   845   943 0.92 contig_6_849 # 602320 # 605478 # 1 # ID=2_849;partial=00;start_type=ATG;rbs_motif=None;rbs_spacer=None;gc_cont=0.536
contig_9:2283709-2287242  -           1178 9601at2              -            826      0.17   11.0   0.1   1   2   0.00038       3.9    6.5   0.0   620   663   535   578   518   620 0.78 contig_9_3189 # 2283709 # 2287242 # 1 # ID=63_3189;partial=00;start_type=ATG;rbs_motif=None;rbs_spacer=None;gc_cont=0.617
contig_9:2283709-2287242  -           1178 9601at2              -            826      0.17   11.0   0.1   2   2    0.0076        78    2.2   0.0   708   772   658   719   642   732 0.81 contig_9_3189 # 2283709 # 2287242 # 1 # ID=63_3189;partial=00;start_type=ATG;rbs_motif=None;rbs_spacer=None;gc_cont=0.617
#
# Program:         hmmsearch
# Version:         3.1b2 (February 2015)
# Pipeline mode:   SEARCH
# Query file:      /opt/busco_db/bacteria_odb10/hmms/9601at2.hmm
# Target file:     flye_medaka/busco_stats/run_flye_medaka/prodigal_output/predicted_genes/predicted.faa
# Option settings: hmmsearch --domtblout flye_medaka/busco_stats/run_flye_medaka/run_bacteria_odb10/hmmer_output/9601at2.out --cpu 1 /opt/busco_db/bacteria_odb10/hmms/9601at2.hmm flye_medaka/busco_stats/run_flye_medaka/prodigal_output/predicted_genes/predicted.faa 
# Current dir:     /array1/falmeida/NF_WORK/17/da9f3cbcae0ef622d7976e52c3d2a7
# Date:            Mon Feb 26 20:42:33 2024
# [ok]
