#                                                                                 --- full sequence --- -------------- this domain -------------   hmm coord   ali coord   env coord
# target name             accession   tlen query name           accession   qlen   E-value  score  bias   #  of  c-Evalue  i-Evalue  score  bias  from    to  from    to  from    to  acc description of target
#     ------------------- ---------- ----- -------------------- ---------- ----- --------- ------ ----- --- --- --------- --------- ------ ----- ----- ----- ----- ----- ----- ----- ---- ---------------------
contig_40:157530-158816   -            429 984717at2            -            224   7.7e-09   36.5   0.1   1   2   7.4e-12   2.3e-08   34.9   0.0     2    39   119   156   118   182 0.88 contig_40_184 # 157530 # 158816 # -1 # ID=47_184;partial=00;start_type=ATG;rbs_motif=None;rbs_spacer=None;gc_cont=0.545
contig_40:157530-158816   -            429 984717at2            -            224   7.7e-09   36.5   0.1   2   2       3.9   1.2e+04   -3.4   0.0    92   104   245   257   230   279 0.73 contig_40_184 # 157530 # 158816 # -1 # ID=47_184;partial=00;start_type=ATG;rbs_motif=None;rbs_spacer=None;gc_cont=0.545
contig_82:2258025-2260193 -            723 984717at2            -            224   7.2e-07   30.1   0.2   1   2       2.7   8.4e+03   -2.9   0.1    90   105   345   360   312   367 0.68 contig_82_3155 # 2258025 # 2260193 # 1 # ID=62_3155;partial=00;start_type=ATG;rbs_motif=None;rbs_spacer=None;gc_cont=0.527
contig_82:2258025-2260193 -            723 984717at2            -            224   7.2e-07   30.1   0.2   2   2   6.2e-10     2e-06   28.7   0.0     2    64   489   549   488   562 0.84 contig_82_3155 # 2258025 # 2260193 # 1 # ID=62_3155;partial=00;start_type=ATG;rbs_motif=None;rbs_spacer=None;gc_cont=0.527
contig_82:311831-314062   -            744 984717at2            -            224   1.6e-06   28.9   0.0   1   2   0.00014      0.46   11.1   0.0     2    25   144   167   143   176 0.85 contig_82_465 # 311831 # 314062 # 1 # ID=62_465;partial=00;start_type=ATG;rbs_motif=None;rbs_spacer=None;gc_cont=0.513
contig_82:311831-314062   -            744 984717at2            -            224   1.6e-06   28.9   0.0   2   2   6.5e-06     0.021   15.5   0.0    47    89   252   294   238   341 0.79 contig_82_465 # 311831 # 314062 # 1 # ID=62_465;partial=00;start_type=ATG;rbs_motif=None;rbs_spacer=None;gc_cont=0.513
contig_82:2181764-2182183 -            140 984717at2            -            224   0.00017   22.3   0.0   1   1   1.3e-07   0.00041   21.1   0.0     2    61     9    68     8   130 0.75 contig_82_3052 # 2181764 # 2182183 # -1 # ID=62_3052;partial=00;start_type=GTG;rbs_motif=None;rbs_spacer=None;gc_cont=0.581
contig_86:1905904-1907919 -            672 984717at2            -            224   0.00026   21.7   0.1   1   2     3e-06    0.0096   16.6   0.0     4    83    91   169    88   219 0.77 contig_86_2670 # 1905904 # 1907919 # -1 # ID=7_2670;partial=00;start_type=ATG;rbs_motif=None;rbs_spacer=None;gc_cont=0.571
contig_86:1905904-1907919 -            672 984717at2            -            224   0.00026   21.7   0.1   2   2      0.11   3.4e+02    1.7   0.3   117   154   384   424   364   435 0.77 contig_86_2670 # 1905904 # 1907919 # -1 # ID=7_2670;partial=00;start_type=ATG;rbs_motif=None;rbs_spacer=None;gc_cont=0.571
contig_82:1649642-1650019 -            126 984717at2            -            224   0.00031   21.5   0.1   1   1   1.9e-07    0.0006   20.5   0.1     2    23    49    70    48    76 0.89 contig_82_2330 # 1649642 # 1650019 # -1 # ID=62_2330;partial=00;start_type=ATG;rbs_motif=None;rbs_spacer=None;gc_cont=0.489
contig_5:507330-508718    -            463 984717at2            -            224   0.00048   20.9   0.1   1   2      0.54   1.7e+03   -0.6   0.1    90   104   154   168   113   174 0.61 contig_5_711 # 507330 # 508718 # -1 # ID=24_711;partial=00;start_type=ATG;rbs_motif=None;rbs_spacer=None;gc_cont=0.577
contig_5:507330-508718    -            463 984717at2            -            224   0.00048   20.9   0.1   2   2   7.8e-07    0.0025   18.5   0.0     2   108   234   345   233   371 0.61 contig_5_711 # 507330 # 508718 # -1 # ID=24_711;partial=00;start_type=ATG;rbs_motif=None;rbs_spacer=None;gc_cont=0.577
contig_5:1947660-1949405  -            582 984717at2            -            224     0.021   15.5   0.0   1   1   1.2e-05     0.038   14.6   0.0     2    24   305   327   304   349 0.83 contig_5_2793 # 1947660 # 1949405 # 1 # ID=24_2793;partial=00;start_type=ATG;rbs_motif=None;rbs_spacer=None;gc_cont=0.521
contig_40:545643-548861   -           1073 984717at2            -            224     0.035   14.7   0.2   1   3       2.8   8.8e+03   -2.9   0.0   138   156   371   390   367   393 0.78 contig_40_716 # 545643 # 548861 # 1 # ID=47_716;partial=00;start_type=ATG;rbs_motif=None;rbs_spacer=None;gc_cont=0.570
contig_40:545643-548861   -           1073 984717at2            -            224     0.035   14.7   0.2   2   3     0.016        52    4.4   0.0     4    24   468   488   466   493 0.91 contig_40_716 # 545643 # 548861 # 1 # ID=47_716;partial=00;start_type=ATG;rbs_motif=None;rbs_spacer=None;gc_cont=0.570
contig_40:545643-548861   -           1073 984717at2            -            224     0.035   14.7   0.2   3   3    0.0024       7.6    7.1   0.0     2    29   710   737   709   759 0.82 contig_40_716 # 545643 # 548861 # 1 # ID=47_716;partial=00;start_type=ATG;rbs_motif=None;rbs_spacer=None;gc_cont=0.570
contig_86:1748607-1754525 -           1973 984717at2            -            224     0.055   14.1   1.1   1   4    0.0017       5.4    7.6   0.0     2    20   345   363   344   409 0.77 contig_86_2432 # 1748607 # 1754525 # -1 # ID=7_2432;partial=00;start_type=ATG;rbs_motif=None;rbs_spacer=None;gc_cont=0.500
contig_86:1748607-1754525 -           1973 984717at2            -            224     0.055   14.1   1.1   2   4       0.1   3.2e+02    1.8   0.1     2    33   681   715   680   726 0.76 contig_86_2432 # 1748607 # 1754525 # -1 # ID=7_2432;partial=00;start_type=ATG;rbs_motif=None;rbs_spacer=None;gc_cont=0.500
contig_86:1748607-1754525 -           1973 984717at2            -            224     0.055   14.1   1.1   3   4      0.64     2e+03   -0.8   0.0    29    58  1669  1696  1666  1704 0.80 contig_86_2432 # 1748607 # 1754525 # -1 # ID=7_2432;partial=00;start_type=ATG;rbs_motif=None;rbs_spacer=None;gc_cont=0.500
contig_86:1748607-1754525 -           1973 984717at2            -            224     0.055   14.1   1.1   4   4       0.7   2.2e+03   -1.0   0.0     5    19  1789  1803  1786  1821 0.85 contig_86_2432 # 1748607 # 1754525 # -1 # ID=7_2432;partial=00;start_type=ATG;rbs_motif=None;rbs_spacer=None;gc_cont=0.500
contig_12:331132-334302   -           1057 984717at2            -            224     0.057   14.1   0.6   1   1   3.5e-05      0.11   13.1   0.6     2   103   480   589   479   599 0.70 contig_12_441 # 331132 # 334302 # 1 # ID=15_441;partial=00;start_type=GTG;rbs_motif=None;rbs_spacer=None;gc_cont=0.544
contig_87:609267-612254   -            996 984717at2            -            224      0.11   13.2   0.1   1   2       1.6   5.1e+03   -2.1   0.0     6    24   424   442   421   484 0.73 contig_87_884 # 609267 # 612254 # 1 # ID=50_884;partial=00;start_type=ATG;rbs_motif=None;rbs_spacer=None;gc_cont=0.557
contig_87:609267-612254   -            996 984717at2            -            224      0.11   13.2   0.1   2   2   0.00014      0.43   11.2   0.0     2    42   663   703   662   712 0.80 contig_87_884 # 609267 # 612254 # 1 # ID=50_884;partial=00;start_type=ATG;rbs_motif=None;rbs_spacer=None;gc_cont=0.557
contig_12:605141-605770   -            210 984717at2            -            224      0.27   11.9   0.0   1   1   0.00013      0.42   11.2   0.0     4    22   111   129   109   132 0.92 contig_12_830 # 605141 # 605770 # 1 # ID=15_830;partial=00;start_type=ATG;rbs_motif=None;rbs_spacer=None;gc_cont=0.498
#
# Program:         hmmsearch
# Version:         3.1b2 (February 2015)
# Pipeline mode:   SEARCH
# Query file:      /opt/busco_db/bacteria_odb10/hmms/984717at2.hmm
# Target file:     flye_medaka/busco_stats/run_flye_medaka/prodigal_output/predicted_genes/predicted.faa
# Option settings: hmmsearch --domtblout flye_medaka/busco_stats/run_flye_medaka/run_bacteria_odb10/hmmer_output/984717at2.out --cpu 1 /opt/busco_db/bacteria_odb10/hmms/984717at2.hmm flye_medaka/busco_stats/run_flye_medaka/prodigal_output/predicted_genes/predicted.faa 
# Current dir:     /array1/falmeida/NF_WORK/17/da9f3cbcae0ef622d7976e52c3d2a7
# Date:            Mon Feb 26 20:42:33 2024
# [ok]
