Create directory flye_medaka/busco_stats/run_flye_medaka/run_fungi_odb10/metaeuk_output/tmp
easy-predict --threads 1 /array1/falmeida/NF_WORK/7c/42e252fff6a9a579f0694ac367553e/flye_medaka_consensus.fa ./busco_db/fungi_odb10/refseq_db.faa flye_medaka/busco_stats/run_flye_medaka/run_fungi_odb10/metaeuk_output/initial_results/flye_medaka_consensus.fa flye_medaka/busco_stats/run_flye_medaka/run_fungi_odb10/metaeuk_output/tmp --max-intron 60000 --max-seq-len 70000 --min-exon-aa 15 --max-overlap 15 --min-intron 5 --overlap 1 -s 4.5 

MMseqs Version:                                             	6.a5d39d9
Substitution matrix                                         	aa:blosum62.out,nucl:nucleotide.out
Add backtrace                                               	false
Alignment mode                                              	2
Alignment mode                                              	0
Allow wrapped scoring                                       	false
E-value threshold                                           	100
Seq. id. threshold                                          	0
Min alignment length                                        	0
Seq. id. mode                                               	0
Alternative alignments                                      	0
Coverage threshold                                          	0
Coverage mode                                               	0
Max sequence length                                         	70000
Compositional bias                                          	1
Compositional bias                                          	1
Max reject                                                  	2147483647
Max accept                                                  	2147483647
Include identical seq. id.                                  	false
Preload mode                                                	0
Pseudo count a                                              	substitution:1.100,context:1.400
Pseudo count b                                              	substitution:4.100,context:5.800
Score bias                                                  	0
Realign hits                                                	false
Realign score bias                                          	-0.2
Realign max seqs                                            	2147483647
Correlation score weight                                    	0
Gap open cost                                               	aa:11,nucl:5
Gap extension cost                                          	aa:1,nucl:2
Zdrop                                                       	40
Threads                                                     	1
Compressed                                                  	0
Verbosity                                                   	3
Seed substitution matrix                                    	aa:VTML80.out,nucl:nucleotide.out
Sensitivity                                                 	4.5
k-mer length                                                	0
k-score                                                     	seq:2147483647,prof:2147483647
Alphabet size                                               	aa:21,nucl:5
Max results per query                                       	300
Split database                                              	0
Split mode                                                  	2
Split memory limit                                          	0
Diagonal scoring                                            	true
Exact k-mer matching                                        	0
Mask residues                                               	1
Mask residues probability                                   	0.9
Mask lower case residues                                    	0
Minimum diagonal score                                      	15
Spaced k-mers                                               	1
Spaced k-mer pattern                                        	
Local temporary path                                        	
Rescore mode                                                	0
Remove hits by seq. id. and coverage                        	false
Sort results                                                	0
Mask profile                                                	1
Profile E-value threshold                                   	0.001
Global sequence weighting                                   	false
Allow deletions                                             	false
Filter MSA                                                  	1
Use filter only at N seqs                                   	0
Maximum seq. id. threshold                                  	0.9
Minimum seq. id.                                            	0.0
Minimum score per column                                    	-20
Minimum coverage                                            	0
Select N most diverse seqs                                  	1000
Pseudo count mode                                           	0
Gap pseudo count                                            	10
Min codons in orf                                           	15
Max codons in length                                        	32734
Max orf gaps                                                	2147483647
Contig start mode                                           	2
Contig end mode                                             	2
Orf start mode                                              	1
Forward frames                                              	1,2,3
Reverse frames                                              	1,2,3
Translation table                                           	1
Translate orf                                               	0
Use all table starts                                        	false
Offset of numeric ids                                       	0
Create lookup                                               	0
Add orf stop                                                	false
Overlap between sequences                                   	0
Sequence split mode                                         	1
Header split mode                                           	0
Chain overlapping alignments                                	0
Merge query                                                 	1
Search type                                                 	0
Search iterations                                           	1
Start sensitivity                                           	4
Search steps                                                	1
Exhaustive search mode                                      	false
Filter results during exhaustive search                     	0
Strand selection                                            	1
LCA search mode                                             	false
Disk space limit                                            	0
MPI runner                                                  	
Force restart with latest tmp                               	false
Remove temporary files                                      	false
maximal combined evalue of an optimal set                   	0.001
minimal length ratio between combined optimal set and target	0.5
Maximal intron length                                       	60000
Minimal intron length                                       	5
Minimal exon length aa                                      	15
Maximal overlap of exons                                    	15
Maximal number of exon sets                                 	1
Gap open penalty                                            	-1
Gap extend penalty                                          	-1
allow same-strand overlaps                                  	1
translate codons to AAs                                     	0
write target key instead of accession                       	0
write fragment contig coords                                	0
Reverse AA Fragments                                        	0

createdb /array1/falmeida/NF_WORK/7c/42e252fff6a9a579f0694ac367553e/flye_medaka_consensus.fa flye_medaka/busco_stats/run_flye_medaka/run_fungi_odb10/metaeuk_output/tmp/12892501962956367616/contigs --dbtype 2 --compressed 0 -v 3 

Converting sequences
[
Time for merging to contigs_h: 0h 0m 0s 1ms
Time for merging to contigs: 0h 0m 0s 26ms
Database type: Nucleotide
Time for processing: 0h 0m 0s 89ms
createdb ./busco_db/fungi_odb10/refseq_db.faa flye_medaka/busco_stats/run_flye_medaka/run_fungi_odb10/metaeuk_output/tmp/12892501962956367616/targets --dbtype 1 --compressed 0 -v 3 

Converting sequences
[===================================
Time for merging to targets_h: 0h 0m 0s 46ms
Time for merging to targets: 0h 0m 0s 227ms
Database type: Aminoacid
Time for processing: 0h 0m 1s 614ms
Create directory flye_medaka/busco_stats/run_flye_medaka/run_fungi_odb10/metaeuk_output/tmp/12892501962956367616/tmp_predict
predictexons flye_medaka/busco_stats/run_flye_medaka/run_fungi_odb10/metaeuk_output/tmp/12892501962956367616/contigs flye_medaka/busco_stats/run_flye_medaka/run_fungi_odb10/metaeuk_output/tmp/12892501962956367616/targets flye_medaka/busco_stats/run_flye_medaka/run_fungi_odb10/metaeuk_output/tmp/12892501962956367616/MetaEuk_calls flye_medaka/busco_stats/run_flye_medaka/run_fungi_odb10/metaeuk_output/tmp/12892501962956367616/tmp_predict --sub-mat 'aa:blosum62.out,nucl:nucleotide.out' -a 0 --alignment-mode 2 --alignment-output-mode 0 --wrapped-scoring 0 -e 100 --min-seq-id 0 --min-aln-len 0 --seq-id-mode 0 --alt-ali 0 -c 0 --cov-mode 0 --max-seq-len 70000 --comp-bias-corr 1 --comp-bias-corr-scale 1 --max-rejected 2147483647 --max-accept 2147483647 --add-self-matches 0 --db-load-mode 0 --pca substitution:1.100,context:1.400 --pcb substitution:4.100,context:5.800 --score-bias 0 --realign 0 --realign-score-bias -0.2 --realign-max-seqs 2147483647 --corr-score-weight 0 --gap-open aa:11,nucl:5 --gap-extend aa:1,nucl:2 --zdrop 40 --threads 1 --compressed 0 -v 3 --seed-sub-mat 'aa:VTML80.out,nucl:nucleotide.out' -s 4.5 -k 0 --k-score seq:2147483647,prof:2147483647 --alph-size aa:21,nucl:5 --max-seqs 300 --split 0 --split-mode 2 --split-memory-limit 0 --diag-score 1 --exact-kmer-matching 0 --mask 1 --mask-prob 0.9 --mask-lower-case 0 --min-ungapped-score 15 --spaced-kmer-mode 1 --rescore-mode 0 --filter-hits 0 --sort-results 0 --mask-profile 1 --e-profile 0.001 --wg 0 --allow-deletion 0 --filter-msa 1 --filter-min-enable 0 --max-seq-id 0.9 --qid '0.0' --qsc -20 --cov 0 --diff 1000 --pseudo-cnt-mode 0 --gap-pc 10 --min-length 15 --max-length 32734 --max-gaps 2147483647 --contig-start-mode 2 --contig-end-mode 2 --orf-start-mode 1 --forward-frames 1,2,3 --reverse-frames 1,2,3 --translation-table 1 --translate 0 --use-all-table-starts 0 --id-offset 0 --create-lookup 0 --add-orf-stop 0 --sequence-overlap 0 --sequence-split-mode 1 --headers-split-mode 0 --chain-alignments 0 --merge-query 1 --search-type 0 --num-iterations 1 --start-sens 4 --sens-steps 1 --exhaustive-search 0 --exhaustive-search-filter 0 --strand 1 --lca-search 0 --disk-space-limit 0 --force-reuse 0 --remove-tmp-files 0 --metaeuk-eval 0.001 --metaeuk-tcov 0.5 --max-intron 60000 --min-intron 5 --min-exon-aa 15 --max-overlap 15 --max-exon-sets 1 --set-gap-open -1 --set-gap-extend -1 --reverse-fragments 0 

extractorfs /array1/falmeida/NF_WORK/7c/42e252fff6a9a579f0694ac367553e/flye_medaka/busco_stats/run_flye_medaka/run_fungi_odb10/metaeuk_output/tmp/12892501962956367616/contigs /array1/falmeida/NF_WORK/7c/42e252fff6a9a579f0694ac367553e/flye_medaka/busco_stats/run_flye_medaka/run_fungi_odb10/metaeuk_output/tmp/12892501962956367616/tmp_predict/10990524432263769632/nucl_6f --min-length 15 --max-length 32734 --max-gaps 2147483647 --contig-start-mode 2 --contig-end-mode 2 --orf-start-mode 1 --forward-frames 1,2,3 --reverse-frames 1,2,3 --translation-table 1 --translate 0 --use-all-table-starts 0 --id-offset 0 --create-lookup 0 --threads 1 --compressed 0 -v 3 

[=================================================================] 85 1s 292ms
Time for merging to nucl_6f_h: 0h 0m 0s 103ms
Time for merging to nucl_6f: 0h 0m 0s 119ms
Time for processing: 0h 0m 1s 873ms
translatenucs /array1/falmeida/NF_WORK/7c/42e252fff6a9a579f0694ac367553e/flye_medaka/busco_stats/run_flye_medaka/run_fungi_odb10/metaeuk_output/tmp/12892501962956367616/tmp_predict/10990524432263769632/nucl_6f /array1/falmeida/NF_WORK/7c/42e252fff6a9a579f0694ac367553e/flye_medaka/busco_stats/run_flye_medaka/run_fungi_odb10/metaeuk_output/tmp/12892501962956367616/tmp_predict/10990524432263769632/aa_6f --translation-table 1 --add-orf-stop 0 -v 3 --compressed 0 --threads 1 

[=================================================================] 1.12M 0s 669ms
Time for merging to aa_6f: 0h 0m 0s 120ms
Time for processing: 0h 0m 0s 883ms
Create directory /array1/falmeida/NF_WORK/7c/42e252fff6a9a579f0694ac367553e/flye_medaka/busco_stats/run_flye_medaka/run_fungi_odb10/metaeuk_output/tmp/12892501962956367616/tmp_predict/10990524432263769632/tmp_search
search /array1/falmeida/NF_WORK/7c/42e252fff6a9a579f0694ac367553e/flye_medaka/busco_stats/run_flye_medaka/run_fungi_odb10/metaeuk_output/tmp/12892501962956367616/tmp_predict/10990524432263769632/aa_6f /array1/falmeida/NF_WORK/7c/42e252fff6a9a579f0694ac367553e/flye_medaka/busco_stats/run_flye_medaka/run_fungi_odb10/metaeuk_output/tmp/12892501962956367616/targets /array1/falmeida/NF_WORK/7c/42e252fff6a9a579f0694ac367553e/flye_medaka/busco_stats/run_flye_medaka/run_fungi_odb10/metaeuk_output/tmp/12892501962956367616/tmp_predict/10990524432263769632/search_res /array1/falmeida/NF_WORK/7c/42e252fff6a9a579f0694ac367553e/flye_medaka/busco_stats/run_flye_medaka/run_fungi_odb10/metaeuk_output/tmp/12892501962956367616/tmp_predict/10990524432263769632/tmp_search --sub-mat 'aa:blosum62.out,nucl:nucleotide.out' -a 0 --alignment-mode 2 --alignment-output-mode 0 --wrapped-scoring 0 -e 100 --min-seq-id 0 --min-aln-len 15 --seq-id-mode 0 --alt-ali 0 -c 0 --cov-mode 0 --max-seq-len 70000 --comp-bias-corr 1 --comp-bias-corr-scale 1 --max-rejected 2147483647 --max-accept 2147483647 --add-self-matches 0 --db-load-mode 0 --pca substitution:1.100,context:1.400 --pcb substitution:4.100,context:5.800 --score-bias 0 --realign 0 --realign-score-bias -0.2 --realign-max-seqs 2147483647 --corr-score-weight 0 --gap-open aa:11,nucl:5 --gap-extend aa:1,nucl:2 --zdrop 40 --threads 1 --compressed 0 -v 3 --seed-sub-mat 'aa:VTML80.out,nucl:nucleotide.out' -s 4.5 -k 0 --k-score seq:2147483647,prof:2147483647 --alph-size aa:21,nucl:5 --max-seqs 300 --split 0 --split-mode 2 --split-memory-limit 0 --diag-score 1 --exact-kmer-matching 0 --mask 1 --mask-prob 0.9 --mask-lower-case 0 --min-ungapped-score 15 --spaced-kmer-mode 1 --rescore-mode 0 --filter-hits 0 --sort-results 0 --mask-profile 1 --e-profile 0.001 --wg 0 --allow-deletion 0 --filter-msa 1 --filter-min-enable 0 --max-seq-id 0.9 --qid '0.0' --qsc -20 --cov 0 --diff 1000 --pseudo-cnt-mode 0 --gap-pc 10 --min-length 15 --max-length 32734 --max-gaps 2147483647 --contig-start-mode 2 --contig-end-mode 2 --orf-start-mode 1 --forward-frames 1,2,3 --reverse-frames 1,2,3 --translation-table 1 --translate 0 --use-all-table-starts 0 --id-offset 0 --create-lookup 0 --add-orf-stop 0 --sequence-overlap 0 --sequence-split-mode 1 --headers-split-mode 0 --chain-alignments 0 --merge-query 1 --search-type 0 --num-iterations 1 --start-sens 4 --sens-steps 1 --exhaustive-search 0 --exhaustive-search-filter 0 --strand 1 --lca-search 0 --disk-space-limit 0 --force-reuse 0 --remove-tmp-files 0 

prefilter /array1/falmeida/NF_WORK/7c/42e252fff6a9a579f0694ac367553e/flye_medaka/busco_stats/run_flye_medaka/run_fungi_odb10/metaeuk_output/tmp/12892501962956367616/tmp_predict/10990524432263769632/aa_6f /array1/falmeida/NF_WORK/7c/42e252fff6a9a579f0694ac367553e/flye_medaka/busco_stats/run_flye_medaka/run_fungi_odb10/metaeuk_output/tmp/12892501962956367616/targets /array1/falmeida/NF_WORK/7c/42e252fff6a9a579f0694ac367553e/flye_medaka/busco_stats/run_flye_medaka/run_fungi_odb10/metaeuk_output/tmp/12892501962956367616/tmp_predict/10990524432263769632/tmp_search/4760473689356253246/pref_0 --sub-mat 'aa:blosum62.out,nucl:nucleotide.out' --seed-sub-mat 'aa:VTML80.out,nucl:nucleotide.out' -k 0 --k-score seq:2147483647,prof:2147483647 --alph-size aa:21,nucl:5 --max-seq-len 70000 --max-seqs 300 --split 0 --split-mode 2 --split-memory-limit 0 -c 0 --cov-mode 0 --comp-bias-corr 1 --comp-bias-corr-scale 1 --diag-score 1 --exact-kmer-matching 0 --mask 1 --mask-prob 0.9 --mask-lower-case 0 --min-ungapped-score 15 --add-self-matches 0 --spaced-kmer-mode 1 --db-load-mode 0 --pca substitution:1.100,context:1.400 --pcb substitution:4.100,context:5.800 --threads 1 --compressed 0 -v 3 -s 4.5 

Query database size: 1123014 type: Aminoacid
Estimated memory consumption: 2G
Target database size: 351810 type: Aminoacid
Index table k-mer threshold: 123 at k-mer size 6 
Index table: counting k-mers
[=================================================================] 351.81K 49s 76ms
Index table: Masked residues: 2889301
Index table: fill
[=================================================================] 351.81K 36s 456ms
Index statistics
Entries:          203359952
DB size:          1651 MB
Avg k-mer size:   3.177499
Top 10 k-mers
    LLGPGK	2253
    ASDTLW	1351
    GSDTLW	1237
    ASDTIW	1159
    ATRDDP	1045
    DVGAGS	998
    GLNGCY	953
    ASSDIR	793
    ASSDVR	788
    LSSDVR	745
Time for index table init: 0h 1m 28s 622ms
Process prefiltering step 1 of 1

k-mer similarity threshold: 123
Starting prefiltering scores calculation (step 1 of 1)
Query db start 1 to 1123014
Target db start 1 to 351810
[=================================================================] 1.12M 5m 32s 888ms

81.981365 k-mers per position
7315 DB matches per sequence
0 overflows
0 queries produce too many hits (truncated result)
38 sequences passed prefiltering per query sequence
19 median result list length
69026 sequences with 0 size result lists
Time for merging to pref_0: 0h 0m 0s 139ms
Time for processing: 0h 7m 4s 952ms
align /array1/falmeida/NF_WORK/7c/42e252fff6a9a579f0694ac367553e/flye_medaka/busco_stats/run_flye_medaka/run_fungi_odb10/metaeuk_output/tmp/12892501962956367616/tmp_predict/10990524432263769632/aa_6f /array1/falmeida/NF_WORK/7c/42e252fff6a9a579f0694ac367553e/flye_medaka/busco_stats/run_flye_medaka/run_fungi_odb10/metaeuk_output/tmp/12892501962956367616/targets /array1/falmeida/NF_WORK/7c/42e252fff6a9a579f0694ac367553e/flye_medaka/busco_stats/run_flye_medaka/run_fungi_odb10/metaeuk_output/tmp/12892501962956367616/tmp_predict/10990524432263769632/tmp_search/4760473689356253246/pref_0 /array1/falmeida/NF_WORK/7c/42e252fff6a9a579f0694ac367553e/flye_medaka/busco_stats/run_flye_medaka/run_fungi_odb10/metaeuk_output/tmp/12892501962956367616/tmp_predict/10990524432263769632/search_res --sub-mat 'aa:blosum62.out,nucl:nucleotide.out' -a 0 --alignment-mode 2 --alignment-output-mode 0 --wrapped-scoring 0 -e 100 --min-seq-id 0 --min-aln-len 15 --seq-id-mode 0 --alt-ali 0 -c 0 --cov-mode 0 --max-seq-len 70000 --comp-bias-corr 1 --comp-bias-corr-scale 1 --max-rejected 2147483647 --max-accept 2147483647 --add-self-matches 0 --db-load-mode 0 --pca substitution:1.100,context:1.400 --pcb substitution:4.100,context:5.800 --score-bias 0 --realign 0 --realign-score-bias -0.2 --realign-max-seqs 2147483647 --corr-score-weight 0 --gap-open aa:11,nucl:5 --gap-extend aa:1,nucl:2 --zdrop 40 --threads 1 --compressed 0 -v 3 

Compute score and coverage
Query database size: 1123014 type: Aminoacid
Target database size: 351810 type: Aminoacid
Calculation of alignments
[=================================================================] 1.12M 21m 6s 166ms
Time for merging to search_res: 0h 0m 0s 125ms
43228732 alignments calculated
1797651 sequence pairs passed the thresholds (0.041585 of overall calculated)
1.600738 hits per query sequence
Time for processing: 0h 21m 6s 506ms
resultspercontig /array1/falmeida/NF_WORK/7c/42e252fff6a9a579f0694ac367553e/flye_medaka/busco_stats/run_flye_medaka/run_fungi_odb10/metaeuk_output/tmp/12892501962956367616/contigs /array1/falmeida/NF_WORK/7c/42e252fff6a9a579f0694ac367553e/flye_medaka/busco_stats/run_flye_medaka/run_fungi_odb10/metaeuk_output/tmp/12892501962956367616/tmp_predict/10990524432263769632/nucl_6f /array1/falmeida/NF_WORK/7c/42e252fff6a9a579f0694ac367553e/flye_medaka/busco_stats/run_flye_medaka/run_fungi_odb10/metaeuk_output/tmp/12892501962956367616/tmp_predict/10990524432263769632/search_res /array1/falmeida/NF_WORK/7c/42e252fff6a9a579f0694ac367553e/flye_medaka/busco_stats/run_flye_medaka/run_fungi_odb10/metaeuk_output/tmp/12892501962956367616/tmp_predict/10990524432263769632/search_res_by_contig --threads 1 --compressed 0 -v 3 

Computing ORF lookup
Computing contig offsets
Computing contig lookup
Time for contig lookup: 0h 0m 0s 151ms
[=================================================================] 85 3s 803ms
Time for merging to search_res_by_contig: 0h 0m 0s 0ms
Time for processing: 0h 0m 4s 149ms
collectoptimalset /array1/falmeida/NF_WORK/7c/42e252fff6a9a579f0694ac367553e/flye_medaka/busco_stats/run_flye_medaka/run_fungi_odb10/metaeuk_output/tmp/12892501962956367616/tmp_predict/10990524432263769632/search_res_by_contig /array1/falmeida/NF_WORK/7c/42e252fff6a9a579f0694ac367553e/flye_medaka/busco_stats/run_flye_medaka/run_fungi_odb10/metaeuk_output/tmp/12892501962956367616/targets /array1/falmeida/NF_WORK/7c/42e252fff6a9a579f0694ac367553e/flye_medaka/busco_stats/run_flye_medaka/run_fungi_odb10/metaeuk_output/tmp/12892501962956367616/tmp_predict/10990524432263769632/dp_predictions --metaeuk-eval 0.001 --metaeuk-tcov 0.5 --max-intron 60000 --min-intron 5 --min-exon-aa 15 --max-overlap 15 --max-exon-sets 1 --set-gap-open -1 --set-gap-extend -1 --score-bias 0 --threads 1 --compressed 0 -v 3 

[=================================================================] 85 1s 890ms
Time for merging to dp_predictions: 0h 0m 0s 0ms
Time for processing: 0h 0m 1s 972ms
mvdb /array1/falmeida/NF_WORK/7c/42e252fff6a9a579f0694ac367553e/flye_medaka/busco_stats/run_flye_medaka/run_fungi_odb10/metaeuk_output/tmp/12892501962956367616/tmp_predict/10990524432263769632/dp_predictions flye_medaka/busco_stats/run_flye_medaka/run_fungi_odb10/metaeuk_output/tmp/12892501962956367616/MetaEuk_calls 

Time for processing: 0h 0m 0s 0ms
reduceredundancy flye_medaka/busco_stats/run_flye_medaka/run_fungi_odb10/metaeuk_output/tmp/12892501962956367616/MetaEuk_calls flye_medaka/busco_stats/run_flye_medaka/run_fungi_odb10/metaeuk_output/tmp/12892501962956367616/MetaEuk_preds flye_medaka/busco_stats/run_flye_medaka/run_fungi_odb10/metaeuk_output/tmp/12892501962956367616/MetaEuk_preds_clust --overlap 1 --threads 1 --compressed 0 -v 3 

[=================================================================] 85 0s 573ms
Time for merging to MetaEuk_preds_clust: 0h 0m 0s 0ms
Time for merging to MetaEuk_preds: 0h 0m 0s 0ms
Time for processing: 0h 0m 0s 591ms
unitesetstofasta flye_medaka/busco_stats/run_flye_medaka/run_fungi_odb10/metaeuk_output/tmp/12892501962956367616/contigs flye_medaka/busco_stats/run_flye_medaka/run_fungi_odb10/metaeuk_output/tmp/12892501962956367616/targets flye_medaka/busco_stats/run_flye_medaka/run_fungi_odb10/metaeuk_output/tmp/12892501962956367616/MetaEuk_preds flye_medaka/busco_stats/run_flye_medaka/run_fungi_odb10/metaeuk_output/initial_results/flye_medaka_consensus.fa --protein 0 --translation-table 1 --target-key 0 --write-frag-coords 0 --max-seq-len 70000 --threads 1 -v 3 

[=================================================================] 85 0s 44ms
Time for merging to flye_medaka_consensus.fa.fas: 0h 0m 0s 0ms
Time for merging to flye_medaka_consensus.fa.codon.fas: 0h 0m 0s 0ms
Time for merging to flye_medaka_consensus.fa.headersMap.tsv: 0h 0m 0s 0ms
Time for merging to flye_medaka_consensus.fa.gff: 0h 0m 0s 0ms
Time for processing: 0h 0m 0s 76ms
