[bwa_index] Pack FASTA... 0.22 sec
[bwa_index] Construct BWT for the packed sequence...
[BWTIncCreate] textLength=58662278, availableWord=16127264
[BWTIncConstructFromPacked] 10 iterations done. 26601878 characters processed.
[BWTIncConstructFromPacked] 20 iterations done. 49142966 characters processed.
[bwt_gen] Finished constructing BWT in 25 iterations.
[bwa_index] 12.68 seconds elapse.
[bwa_index] Update BWT... 0.14 sec
[bwa_index] Pack forward-only FASTA... 0.12 sec
[bwa_index] Construct SA from BWT and Occ... 6.61 sec
[main] Version: 0.7.17-r1188
[main] CMD: /opt/conda/envs/mpgap-3.2/bin/bwa index -p /array1/falmeida/NF_WORK/7c/42e252fff6a9a579f0694ac367553e/flye_medaka/quast_corrected_input/flye_medaka_consensus.fa /array1/falmeida/NF_WORK/7c/42e252fff6a9a579f0694ac367553e/flye_medaka/quast_corrected_input/flye_medaka_consensus.fa
[main] Real time: 19.804 sec; CPU: 19.779 sec
[M::mm_idx_gen::0.902*1.00] collected minimizers
[M::mm_idx_gen::1.156*1.22] sorted minimizers
[M::main::1.156*1.22] loaded/built the index for 85 target sequence(s)
[M::mm_mapopt_update::1.232*1.21] mid_occ = 13
[M::mm_idx_stat] kmer size: 15; skip: 10; is_hpc: 0; #seq: 85
[M::mm_idx_stat::1.282*1.20] distinct minimizers: 5211331 (96.33% are singletons); average occurrences: 1.052; average spacing: 5.349; total length: 29331139
[M::worker_pipeline::118.459*2.02] mapped 137091 sequences
[M::worker_pipeline::221.814*2.05] mapped 141675 sequences
[M::worker_pipeline::312.812*2.03] mapped 131225 sequences
[M::main] Version: 2.22-r1101
[M::main] CMD: /opt/conda/envs/mpgap-3.2/bin/minimap2 -t 2 -ax map-ont /array1/falmeida/NF_WORK/7c/42e252fff6a9a579f0694ac367553e/flye_medaka/quast_corrected_input/flye_medaka_consensus.fa /array1/falmeida/NF_WORK/7c/42e252fff6a9a579f0694ac367553e/SRR23337893.filtered.fq.gz
[M::main] Real time: 312.837 sec; CPU: 635.678 sec; Peak RSS: 2.611 GB
